
The following have been reloaded with a version change:
  1) GCCcore/11.3.0 => GCCcore/13.3.0
  2) XZ/5.2.5-GCCcore-11.3.0 => XZ/5.4.4-GCCcore-13.2.0
  3) binutils/2.38-GCCcore-11.3.0 => binutils/2.42-GCCcore-13.3.0
  4) bzip2/1.0.8-GCCcore-11.3.0 => bzip2/1.0.8-GCCcore-13.2.0
  5) ncurses/6.3-GCCcore-11.3.0 => ncurses/6.4-GCCcore-13.2.0
  6) zlib/1.2.12-GCCcore-11.3.0 => zlib/1.3.1-GCCcore-13.3.0

rm: cannot remove 'tmp_*': No such file or directory
-- The CXX compiler identification is IntelLLVM 2024.2.0
-- The C compiler identification is IntelLLVM 2024.2.0
-- Detecting CXX compiler ABI info
-- Detecting CXX compiler ABI info - done
-- Check for working CXX compiler: /apps/all/intel-compilers/2024.2.0/compiler/2024.2/bin/icpx - skipped
-- Detecting CXX compile features
-- Detecting CXX compile features - done
-- Detecting C compiler ABI info
-- Detecting C compiler ABI info - done
-- Check for working C compiler: /apps/all/intel-compilers/2024.2.0/compiler/2024.2/bin/icx - skipped
-- Detecting C compile features
-- Detecting C compile features - done
-- Found OpenMP_C: -fiopenmp  
-- Found OpenMP_CXX: -fiopenmp  
-- Found OpenMP: TRUE   
-- Configuring done (1.9s)
-- Generating done (0.0s)
-- Build files have been written to: /home/xbahou00/avs/proj2/avs-proj2/build_evaluate
/apps/all/CMake/3.27.6-GCCcore-13.2.0/bin/cmake -S/home/xbahou00/avs/proj2/avs-proj2 -B/home/xbahou00/avs/proj2/avs-proj2/build_evaluate --check-build-system CMakeFiles/Makefile.cmake 0
/apps/all/CMake/3.27.6-GCCcore-13.2.0/bin/cmake -E cmake_progress_start /home/xbahou00/avs/proj2/avs-proj2/build_evaluate/CMakeFiles /home/xbahou00/avs/proj2/avs-proj2/build_evaluate//CMakeFiles/progress.marks
make  -f CMakeFiles/Makefile2 all
make[1]: Entering directory '/home/xbahou00/avs/proj2/avs-proj2/build_evaluate'
make  -f CMakeFiles/PMC.dir/build.make CMakeFiles/PMC.dir/depend
make[2]: Entering directory '/home/xbahou00/avs/proj2/avs-proj2/build_evaluate'
cd /home/xbahou00/avs/proj2/avs-proj2/build_evaluate && /apps/all/CMake/3.27.6-GCCcore-13.2.0/bin/cmake -E cmake_depends "Unix Makefiles" /home/xbahou00/avs/proj2/avs-proj2 /home/xbahou00/avs/proj2/avs-proj2 /home/xbahou00/avs/proj2/avs-proj2/build_evaluate /home/xbahou00/avs/proj2/avs-proj2/build_evaluate /home/xbahou00/avs/proj2/avs-proj2/build_evaluate/CMakeFiles/PMC.dir/DependInfo.cmake "--color="
make[2]: Leaving directory '/home/xbahou00/avs/proj2/avs-proj2/build_evaluate'
make  -f CMakeFiles/PMC.dir/build.make CMakeFiles/PMC.dir/build
make[2]: Entering directory '/home/xbahou00/avs/proj2/avs-proj2/build_evaluate'
[ 14%] Building CXX object CMakeFiles/PMC.dir/common/base_mesh_builder.cpp.o
/apps/all/intel-compilers/2024.2.0/compiler/2024.2/bin/icpx  -I/home/xbahou00/avs/proj2/avs-proj2/common -I/home/xbahou00/avs/proj2/avs-proj2/parallel_builder -O3 -xHost -g -qopenmp-simd -qopt-report=3 -fiopenmp -std=gnu++11 -fiopenmp -MD -MT CMakeFiles/PMC.dir/common/base_mesh_builder.cpp.o -MF CMakeFiles/PMC.dir/common/base_mesh_builder.cpp.o.d -o CMakeFiles/PMC.dir/common/base_mesh_builder.cpp.o -c /home/xbahou00/avs/proj2/avs-proj2/common/base_mesh_builder.cpp
[ 28%] Building CXX object CMakeFiles/PMC.dir/common/parametric_scalar_field.cpp.o
/apps/all/intel-compilers/2024.2.0/compiler/2024.2/bin/icpx  -I/home/xbahou00/avs/proj2/avs-proj2/common -I/home/xbahou00/avs/proj2/avs-proj2/parallel_builder -O3 -xHost -g -qopenmp-simd -qopt-report=3 -fiopenmp -std=gnu++11 -fiopenmp -MD -MT CMakeFiles/PMC.dir/common/parametric_scalar_field.cpp.o -MF CMakeFiles/PMC.dir/common/parametric_scalar_field.cpp.o.d -o CMakeFiles/PMC.dir/common/parametric_scalar_field.cpp.o -c /home/xbahou00/avs/proj2/avs-proj2/common/parametric_scalar_field.cpp
[ 42%] Building CXX object CMakeFiles/PMC.dir/common/ref_mesh_builder.cpp.o
/apps/all/intel-compilers/2024.2.0/compiler/2024.2/bin/icpx  -I/home/xbahou00/avs/proj2/avs-proj2/common -I/home/xbahou00/avs/proj2/avs-proj2/parallel_builder -O3 -xHost -g -qopenmp-simd -qopt-report=3 -fiopenmp -std=gnu++11 -fiopenmp -MD -MT CMakeFiles/PMC.dir/common/ref_mesh_builder.cpp.o -MF CMakeFiles/PMC.dir/common/ref_mesh_builder.cpp.o.d -o CMakeFiles/PMC.dir/common/ref_mesh_builder.cpp.o -c /home/xbahou00/avs/proj2/avs-proj2/common/ref_mesh_builder.cpp
[ 57%] Building CXX object CMakeFiles/PMC.dir/parallel_builder/loop_mesh_builder.cpp.o
/apps/all/intel-compilers/2024.2.0/compiler/2024.2/bin/icpx  -I/home/xbahou00/avs/proj2/avs-proj2/common -I/home/xbahou00/avs/proj2/avs-proj2/parallel_builder -O3 -xHost -g -qopenmp-simd -qopt-report=3 -fiopenmp -std=gnu++11 -fiopenmp -MD -MT CMakeFiles/PMC.dir/parallel_builder/loop_mesh_builder.cpp.o -MF CMakeFiles/PMC.dir/parallel_builder/loop_mesh_builder.cpp.o.d -o CMakeFiles/PMC.dir/parallel_builder/loop_mesh_builder.cpp.o -c /home/xbahou00/avs/proj2/avs-proj2/parallel_builder/loop_mesh_builder.cpp
[ 71%] Building CXX object CMakeFiles/PMC.dir/parallel_builder/tree_mesh_builder.cpp.o
/apps/all/intel-compilers/2024.2.0/compiler/2024.2/bin/icpx  -I/home/xbahou00/avs/proj2/avs-proj2/common -I/home/xbahou00/avs/proj2/avs-proj2/parallel_builder -O3 -xHost -g -qopenmp-simd -qopt-report=3 -fiopenmp -std=gnu++11 -fiopenmp -MD -MT CMakeFiles/PMC.dir/parallel_builder/tree_mesh_builder.cpp.o -MF CMakeFiles/PMC.dir/parallel_builder/tree_mesh_builder.cpp.o.d -o CMakeFiles/PMC.dir/parallel_builder/tree_mesh_builder.cpp.o -c /home/xbahou00/avs/proj2/avs-proj2/parallel_builder/tree_mesh_builder.cpp
[ 85%] Building CXX object CMakeFiles/PMC.dir/main.cpp.o
/apps/all/intel-compilers/2024.2.0/compiler/2024.2/bin/icpx  -I/home/xbahou00/avs/proj2/avs-proj2/common -I/home/xbahou00/avs/proj2/avs-proj2/parallel_builder -O3 -xHost -g -qopenmp-simd -qopt-report=3 -fiopenmp -std=gnu++11 -fiopenmp -MD -MT CMakeFiles/PMC.dir/main.cpp.o -MF CMakeFiles/PMC.dir/main.cpp.o.d -o CMakeFiles/PMC.dir/main.cpp.o -c /home/xbahou00/avs/proj2/avs-proj2/main.cpp
[100%] Linking CXX executable PMC
/apps/all/CMake/3.27.6-GCCcore-13.2.0/bin/cmake -E cmake_link_script CMakeFiles/PMC.dir/link.txt --verbose=1
/apps/all/intel-compilers/2024.2.0/compiler/2024.2/bin/icpx -O3 -xHost -g -qopenmp-simd -qopt-report=3 -fiopenmp -fiopenmp CMakeFiles/PMC.dir/common/base_mesh_builder.cpp.o CMakeFiles/PMC.dir/common/parametric_scalar_field.cpp.o CMakeFiles/PMC.dir/common/ref_mesh_builder.cpp.o CMakeFiles/PMC.dir/parallel_builder/loop_mesh_builder.cpp.o CMakeFiles/PMC.dir/parallel_builder/tree_mesh_builder.cpp.o CMakeFiles/PMC.dir/main.cpp.o -o PMC  /apps/all/intel-compilers/2024.2.0/compiler/2024.2/lib/libiomp5.so /lib64/libpthread.so 
make[2]: Leaving directory '/home/xbahou00/avs/proj2/avs-proj2/build_evaluate'
[100%] Built target PMC
make[1]: Leaving directory '/home/xbahou00/avs/proj2/avs-proj2/build_evaluate'
/apps/all/CMake/3.27.6-GCCcore-13.2.0/bin/cmake -E cmake_progress_start /home/xbahou00/avs/proj2/avs-proj2/build_evaluate/CMakeFiles 0
Measuring grid size scaling
Measuring input size scaling
Creating scaling plots
