
3387544 : 0x18ebafaddf3097 : 1 : spill_jit_data :  Jit agent is not initialized
3387528 : 0x18ebafaddf58a6 : 2 : ittapi_config_mask_get :  --itt-config mask to be applied: 55
3387528 : 0x18ebafaddf7453 : 2 : ittapi_config_apply_per_lib :  ITTAPI function instrumented: __itt_domain_create
3387528 : 0x18ebafaddf7f0f : 2 : ittapi_config_apply_per_lib :  ITTAPI function instrumented: __itt_module_load_with_sections
3387528 : 0x18ebafaddf8b34 : 2 : ittapi_config_apply_per_lib :  ITTAPI function not implemented: __itt_module_unload_with_sections
3387528 : 0x18ebafaddf939f : 2 : ittapi_config_apply_per_lib :  ITTAPI function instrumented: __itt_string_handle_create
3387528 : 0x18ebafaddf9a50 : 2 : ittapi_config_apply_per_lib :  ITTAPI function instrumented: __itt_counter_create
3387528 : 0x18ebafaddfa112 : 2 : ittapi_config_apply_per_lib :  ITTAPI function instrumented: __itt_counter_create_typed
3387528 : 0x18ebafaddfa870 : 2 : ittapi_config_apply_per_lib :  ITTAPI function instrumented: __itt_pause
3387528 : 0x18ebafaddfb039 : 2 : ittapi_config_apply_per_lib :  ITTAPI function instrumented: __itt_resume
3387528 : 0x18ebafaddff50d : 2 : ittapi_config_apply_per_lib :  ITTAPI function not implemented: __itt_pause_scoped
3387528 : 0x18ebafaddffe5a : 2 : ittapi_config_apply_per_lib :  ITTAPI function not implemented: __itt_resume_scoped
3387528 : 0x18ebafade00568 : 2 : ittapi_config_apply_per_lib :  ITTAPI function instrumented: __itt_thread_set_name
3387528 : 0x18ebafade00c56 : 2 : ittapi_config_apply_per_lib :  ITTAPI function instrumented: __itt_thread_ignore
3387528 : 0x18ebafade01378 : 2 : ittapi_config_apply_per_lib :  ITTAPI function instrumented: __itt_thr_name_set
3387528 : 0x18ebafade01b01 : 2 : ittapi_config_apply_per_lib :  ITTAPI function instrumented: __itt_thr_ignore
3387528 : 0x18ebafade02181 : 2 : ittapi_config_apply_per_lib :  ITTAPI function instrumented: __itt_histogram_create
3387528 : 0x18ebafade028f2 : 2 : ittapi_config_apply_per_lib :  ITTAPI function not implemented: __itt_counter_create_v3
3387528 : 0x18ebafade0309b : 2 : ittapi_config_apply_per_lib :  ITTAPI function not implemented: __itt_bind_context_metadata_to_counter
3387528 : 0x18ebafade0389d : 2 : ittapi_config_apply_per_lib :  ITTAPI function not implemented: __itt_enable_attach
3387528 : 0x18ebafade05024 : 2 : ittapi_config_apply_per_lib :  ITTAPI function instrumented: __itt_detach
3387528 : 0x18ebafade0548e : 2 : ittapi_config_apply_per_lib :  ITTAPI function NOT instrumented (not matched by --itt-config option): __itt_sync_create

3387528 : 0x18ebafade0592c : 2 : ittapi_config_apply_per_lib :  ITTAPI function NOT instrumented (not matched by --itt-config option): __itt_sync_rename

3387528 : 0x18ebafade05d39 : 2 : ittapi_config_apply_per_lib :  ITTAPI function NOT instrumented (not matched by --itt-config option): __itt_sync_destroy

3387528 : 0x18ebafade060d5 : 2 : ittapi_config_apply_per_lib :  ITTAPI function NOT instrumented (not matched by --itt-config option): __itt_sync_prepare

3387528 : 0x18ebafade06483 : 2 : ittapi_config_apply_per_lib :  ITTAPI function NOT instrumented (not matched by --itt-config option): __itt_sync_cancel

3387528 : 0x18ebafade067e8 : 2 : ittapi_config_apply_per_lib :  ITTAPI function NOT instrumented (not matched by --itt-config option): __itt_sync_acquired

3387528 : 0x18ebafade06b8f : 2 : ittapi_config_apply_per_lib :  ITTAPI function NOT instrumented (not matched by --itt-config option): __itt_sync_releasing

3387528 : 0x18ebafade07372 : 2 : ittapi_config_apply_per_lib :  ITTAPI function not implemented: __itt_suppress_push
3387528 : 0x18ebafade07c3b : 2 : ittapi_config_apply_per_lib :  ITTAPI function not implemented: __itt_suppress_pop
3387528 : 0x18ebafade08fd3 : 2 : ittapi_config_apply_per_lib :  ITTAPI function not implemented: __itt_suppress_mark_range
3387528 : 0x18ebafade09834 : 2 : ittapi_config_apply_per_lib :  ITTAPI function not implemented: __itt_suppress_clear_range
3387528 : 0x18ebafade09c0f : 2 : ittapi_config_apply_per_lib :  ITTAPI function NOT instrumented (not matched by --itt-config option): __itt_sync_prepare

3387528 : 0x18ebafade09fc6 : 2 : ittapi_config_apply_per_lib :  ITTAPI function NOT instrumented (not matched by --itt-config option): __itt_sync_cancel

3387528 : 0x18ebafade0a32e : 2 : ittapi_config_apply_per_lib :  ITTAPI function NOT instrumented (not matched by --itt-config option): __itt_sync_acquired

3387528 : 0x18ebafade0a6a8 : 2 : ittapi_config_apply_per_lib :  ITTAPI function NOT instrumented (not matched by --itt-config option): __itt_sync_releasing

3387528 : 0x18ebafade0aaa7 : 2 : ittapi_config_apply_per_lib :  ITTAPI function NOT instrumented (not matched by --itt-config option): __itt_model_site_begin

3387528 : 0x18ebafade0ae8b : 2 : ittapi_config_apply_per_lib :  ITTAPI function NOT instrumented (not matched by --itt-config option): __itt_model_site_end

3387528 : 0x18ebafade0b2bf : 2 : ittapi_config_apply_per_lib :  ITTAPI function NOT instrumented (not matched by --itt-config option): __itt_model_task_begin

3387528 : 0x18ebafade0b6a0 : 2 : ittapi_config_apply_per_lib :  ITTAPI function NOT instrumented (not matched by --itt-config option): __itt_model_task_end

3387528 : 0x18ebafade0d1a8 : 2 : ittapi_config_apply_per_lib :  ITTAPI function NOT instrumented (not matched by --itt-config option): __itt_model_lock_acquire

3387528 : 0x18ebafade0d5da : 2 : ittapi_config_apply_per_lib :  ITTAPI function NOT instrumented (not matched by --itt-config option): __itt_model_lock_release

3387528 : 0x18ebafade0d9a4 : 2 : ittapi_config_apply_per_lib :  ITTAPI function NOT instrumented (not matched by --itt-config option): __itt_model_record_allocation

3387528 : 0x18ebafade0dd50 : 2 : ittapi_config_apply_per_lib :  ITTAPI function NOT instrumented (not matched by --itt-config option): __itt_model_record_deallocation

3387528 : 0x18ebafade0e0c3 : 2 : ittapi_config_apply_per_lib :  ITTAPI function NOT instrumented (not matched by --itt-config option): __itt_model_induction_uses

3387528 : 0x18ebafade0e456 : 2 : ittapi_config_apply_per_lib :  ITTAPI function NOT instrumented (not matched by --itt-config option): __itt_model_reduction_uses

3387528 : 0x18ebafade0e829 : 2 : ittapi_config_apply_per_lib :  ITTAPI function NOT instrumented (not matched by --itt-config option): __itt_model_observe_uses

3387528 : 0x18ebafade0ebea : 2 : ittapi_config_apply_per_lib :  ITTAPI function NOT instrumented (not matched by --itt-config option): __itt_model_clear_uses

3387528 : 0x18ebafade0ef98 : 2 : ittapi_config_apply_per_lib :  ITTAPI function NOT instrumented (not matched by --itt-config option): __itt_model_site_beginA

3387528 : 0x18ebafade0f341 : 2 : ittapi_config_apply_per_lib :  ITTAPI function NOT instrumented (not matched by --itt-config option): __itt_model_site_beginAL

3387528 : 0x18ebafade1021b : 2 : ittapi_config_apply_per_lib :  ITTAPI function NOT instrumented (not matched by --itt-config option): __itt_model_task_beginA

3387528 : 0x18ebafade105fc : 2 : ittapi_config_apply_per_lib :  ITTAPI function NOT instrumented (not matched by --itt-config option): __itt_model_task_beginAL

3387528 : 0x18ebafade10a07 : 2 : ittapi_config_apply_per_lib :  ITTAPI function NOT instrumented (not matched by --itt-config option): __itt_model_iteration_taskA

3387528 : 0x18ebafade10e13 : 2 : ittapi_config_apply_per_lib :  ITTAPI function NOT instrumented (not matched by --itt-config option): __itt_model_iteration_taskAL

3387528 : 0x18ebafade1121d : 2 : ittapi_config_apply_per_lib :  ITTAPI function NOT instrumented (not matched by --itt-config option): __itt_model_site_end_2

3387528 : 0x18ebafade1160b : 2 : ittapi_config_apply_per_lib :  ITTAPI function NOT instrumented (not matched by --itt-config option): __itt_model_task_end_2

3387528 : 0x18ebafade1197e : 2 : ittapi_config_apply_per_lib :  ITTAPI function NOT instrumented (not matched by --itt-config option): __itt_model_lock_acquire_2

3387528 : 0x18ebafade11d3f : 2 : ittapi_config_apply_per_lib :  ITTAPI function NOT instrumented (not matched by --itt-config option): __itt_model_lock_release_2

3387528 : 0x18ebafade12161 : 2 : ittapi_config_apply_per_lib :  ITTAPI function NOT instrumented (not matched by --itt-config option): __itt_model_aggregate_task

3387528 : 0x18ebafade12500 : 2 : ittapi_config_apply_per_lib :  ITTAPI function NOT instrumented (not matched by --itt-config option): __itt_model_disable_push

3387528 : 0x18ebafade138f0 : 2 : ittapi_config_apply_per_lib :  ITTAPI function NOT instrumented (not matched by --itt-config option): __itt_model_disable_pop

3387528 : 0x18ebafade1405a : 2 : ittapi_config_apply_per_lib :  ITTAPI function instrumented: __itt_heap_function_create
3387528 : 0x18ebafade14953 : 2 : ittapi_config_apply_per_lib :  ITTAPI function instrumented: __itt_heap_allocate_begin
3387528 : 0x18ebafade15005 : 2 : ittapi_config_apply_per_lib :  ITTAPI function instrumented: __itt_heap_allocate_end
3387528 : 0x18ebafade156f1 : 2 : ittapi_config_apply_per_lib :  ITTAPI function instrumented: __itt_heap_free_begin
3387528 : 0x18ebafade15dd8 : 2 : ittapi_config_apply_per_lib :  ITTAPI function instrumented: __itt_heap_free_end
3387528 : 0x18ebafade16444 : 2 : ittapi_config_apply_per_lib :  ITTAPI function instrumented: __itt_heap_reallocate_begin
3387528 : 0x18ebafade16ae8 : 2 : ittapi_config_apply_per_lib :  ITTAPI function instrumented: __itt_heap_reallocate_end
3387528 : 0x18ebafade172be : 2 : ittapi_config_apply_per_lib :  ITTAPI function not implemented: __itt_heap_internal_access_begin
3387528 : 0x18ebafade17a6a : 2 : ittapi_config_apply_per_lib :  ITTAPI function not implemented: __itt_heap_internal_access_end
3387528 : 0x18ebafade18dd0 : 2 : ittapi_config_apply_per_lib :  ITTAPI function not implemented: __itt_heap_record_memory_growth_begin
3387528 : 0x18ebafade19568 : 2 : ittapi_config_apply_per_lib :  ITTAPI function not implemented: __itt_heap_record_memory_growth_end
3387528 : 0x18ebafade19c61 : 2 : ittapi_config_apply_per_lib :  ITTAPI function not implemented: __itt_heap_reset_detection
3387528 : 0x18ebafade1a410 : 2 : ittapi_config_apply_per_lib :  ITTAPI function not implemented: __itt_heap_record
3387528 : 0x18ebafade1ab21 : 2 : ittapi_config_apply_per_lib :  ITTAPI function not implemented: __itt_id_create
3387528 : 0x18ebafade1b2cc : 2 : ittapi_config_apply_per_lib :  ITTAPI function not implemented: __itt_id_destroy
3387528 : 0x18ebafade1b9d0 : 2 : ittapi_config_apply_per_lib :  ITTAPI function instrumented: __itt_get_timestamp
3387528 : 0x18ebafade1c0c5 : 2 : ittapi_config_apply_per_lib :  ITTAPI function not implemented: __itt_region_begin
3387528 : 0x18ebafade1c8ed : 2 : ittapi_config_apply_per_lib :  ITTAPI function not implemented: __itt_region_end
3387528 : 0x18ebafade1cffa : 2 : ittapi_config_apply_per_lib :  ITTAPI function instrumented: __itt_frame_begin_v3
3387528 : 0x18ebafade1e2bf : 2 : ittapi_config_apply_per_lib :  ITTAPI function instrumented: __itt_frame_end_v3
3387528 : 0x18ebafade1e997 : 2 : ittapi_config_apply_per_lib :  ITTAPI function instrumented: __itt_frame_submit_v3
3387528 : 0x18ebafade1f155 : 2 : ittapi_config_apply_per_lib :  ITTAPI function not implemented: __itt_task_group
3387528 : 0x18ebafade1f9b0 : 2 : ittapi_config_apply_per_lib :  ITTAPI function instrumented: __itt_task_begin
3387528 : 0x18ebafade200da : 2 : ittapi_config_apply_per_lib :  ITTAPI function instrumented: __itt_task_begin_fn
3387528 : 0x18ebafade2075b : 2 : ittapi_config_apply_per_lib :  ITTAPI function instrumented: __itt_task_end
3387528 : 0x18ebafade20ebc : 2 : ittapi_config_apply_per_lib :  ITTAPI function not implemented: __itt_counter_inc_v3
3387528 : 0x18ebafade21671 : 2 : ittapi_config_apply_per_lib :  ITTAPI function not implemented: __itt_counter_inc_delta_v3
3387528 : 0x18ebafade21d75 : 2 : ittapi_config_apply_per_lib :  ITTAPI function not implemented: __itt_counter_dec_v3
3387528 : 0x18ebafade22445 : 2 : ittapi_config_apply_per_lib :  ITTAPI function not implemented: __itt_counter_dec_delta_v3
3387528 : 0x18ebafade236a9 : 2 : ittapi_config_apply_per_lib :  ITTAPI function not implemented: __itt_marker
3387528 : 0x18ebafade23dc7 : 2 : ittapi_config_apply_per_lib :  ITTAPI function instrumented: __itt_metadata_add
3387528 : 0x18ebafade24525 : 2 : ittapi_config_apply_per_lib :  ITTAPI function not implemented: __itt_metadata_str_add
3387528 : 0x18ebafade24c1a : 2 : ittapi_config_apply_per_lib :  ITTAPI function not implemented: __itt_relation_add_to_current
3387528 : 0x18ebafade2532d : 2 : ittapi_config_apply_per_lib :  ITTAPI function not implemented: __itt_relation_add
3387528 : 0x18ebafade25965 : 2 : ittapi_config_apply_per_lib :  ITTAPI function instrumented: __itt_event_create
3387528 : 0x18ebafade2603b : 2 : ittapi_config_apply_per_lib :  ITTAPI function instrumented: __itt_event_start
3387528 : 0x18ebafade266c1 : 2 : ittapi_config_apply_per_lib :  ITTAPI function instrumented: __itt_event_end
3387528 : 0x18ebafade26a29 : 2 : ittapi_config_apply_per_lib :  ITTAPI function NOT instrumented (not matched by --itt-config option): __itt_sync_set_name

3387528 : 0x18ebafade26e2f : 2 : ittapi_config_apply_per_lib :  ITTAPI function NOT instrumented (not matched by --itt-config option): __itt_notify_sync_name

3387528 : 0x18ebafade282c9 : 2 : ittapi_config_apply_per_lib :  ITTAPI function NOT instrumented (not matched by --itt-config option): __itt_notify_sync_prepare

3387528 : 0x18ebafade28711 : 2 : ittapi_config_apply_per_lib :  ITTAPI function NOT instrumented (not matched by --itt-config option): __itt_notify_sync_cancel

3387528 : 0x18ebafade28ae0 : 2 : ittapi_config_apply_per_lib :  ITTAPI function NOT instrumented (not matched by --itt-config option): __itt_notify_sync_acquired

3387528 : 0x18ebafade28e6f : 2 : ittapi_config_apply_per_lib :  ITTAPI function NOT instrumented (not matched by --itt-config option): __itt_notify_sync_releasing

3387528 : 0x18ebafade295fe : 2 : ittapi_config_apply_per_lib :  ITTAPI function not implemented: __itt_memory_read
3387528 : 0x18ebafade29d29 : 2 : ittapi_config_apply_per_lib :  ITTAPI function not implemented: __itt_memory_write
3387528 : 0x18ebafade2a418 : 2 : ittapi_config_apply_per_lib :  ITTAPI function not implemented: __itt_memory_update
3387528 : 0x18ebafade2ab8a : 2 : ittapi_config_apply_per_lib :  ITTAPI function not implemented: __itt_state_get
3387528 : 0x18ebafade2b260 : 2 : ittapi_config_apply_per_lib :  ITTAPI function not implemented: __itt_state_set
3387528 : 0x18ebafade2b995 : 2 : ittapi_config_apply_per_lib :  ITTAPI function not implemented: __itt_obj_mode_set
3387528 : 0x18ebafade2cc70 : 2 : ittapi_config_apply_per_lib :  ITTAPI function not implemented: __itt_thr_mode_set
3387528 : 0x18ebafade2d2cd : 2 : ittapi_config_apply_per_lib :  ITTAPI function instrumented: __itt_frame_create
3387528 : 0x18ebafade2da94 : 2 : ittapi_config_apply_per_lib :  ITTAPI function instrumented: __itt_pt_region_create
3387528 : 0x18ebafade2e18c : 2 : ittapi_config_apply_per_lib :  ITTAPI function instrumented: __itt_frame_begin
3387528 : 0x18ebafade2e82b : 2 : ittapi_config_apply_per_lib :  ITTAPI function instrumented: __itt_frame_end
3387528 : 0x18ebafade2efcf : 2 : ittapi_config_apply_per_lib :  ITTAPI function not implemented: __itt_counter_destroy
3387528 : 0x18ebafade2f6bf : 2 : ittapi_config_apply_per_lib :  ITTAPI function instrumented: __itt_counter_inc
3387528 : 0x18ebafade2fd60 : 2 : ittapi_config_apply_per_lib :  ITTAPI function instrumented: __itt_counter_inc_delta
3387528 : 0x18ebafade303fe : 2 : ittapi_config_apply_per_lib :  ITTAPI function instrumented: __itt_counter_dec
3387528 : 0x18ebafade30aee : 2 : ittapi_config_apply_per_lib :  ITTAPI function instrumented: __itt_counter_dec_delta
3387528 : 0x18ebafade31cb3 : 2 : ittapi_config_apply_per_lib :  ITTAPI function instrumented: __itt_counter_set_value
3387528 : 0x18ebafade32419 : 2 : ittapi_config_apply_per_lib :  ITTAPI function not implemented: __itt_counter_set_value_ex
3387528 : 0x18ebafade32ae1 : 2 : ittapi_config_apply_per_lib :  ITTAPI function not implemented: __itt_mark_create
3387528 : 0x18ebafade33281 : 2 : ittapi_config_apply_per_lib :  ITTAPI function not implemented: __itt_mark
3387528 : 0x18ebafade33a07 : 2 : ittapi_config_apply_per_lib :  ITTAPI function not implemented: __itt_mark_off
3387528 : 0x18ebafade3411b : 2 : ittapi_config_apply_per_lib :  ITTAPI function not implemented: __itt_mark_global
3387528 : 0x18ebafade34800 : 2 : ittapi_config_apply_per_lib :  ITTAPI function not implemented: __itt_mark_global_off
3387528 : 0x18ebafade34f45 : 2 : ittapi_config_apply_per_lib :  ITTAPI function instrumented: __itt_stack_caller_create
3387528 : 0x18ebafade3565d : 2 : ittapi_config_apply_per_lib :  ITTAPI function instrumented: __itt_stack_caller_destroy
3387528 : 0x18ebafade35d46 : 2 : ittapi_config_apply_per_lib :  ITTAPI function instrumented: __itt_stack_callee_enter
3387528 : 0x18ebafade37618 : 2 : ittapi_config_apply_per_lib :  ITTAPI function instrumented: __itt_stack_callee_leave
3387528 : 0x18ebafade37d7c : 2 : ittapi_config_apply_per_lib :  ITTAPI function not implemented: __itt_clock_domain_create
3387528 : 0x18ebafade384eb : 2 : ittapi_config_apply_per_lib :  ITTAPI function not implemented: __itt_clock_domain_reset
3387528 : 0x18ebafade38c16 : 2 : ittapi_config_apply_per_lib :  ITTAPI function not implemented: __itt_id_create_ex
3387528 : 0x18ebafade3932a : 2 : ittapi_config_apply_per_lib :  ITTAPI function not implemented: __itt_id_destroy_ex
3387528 : 0x18ebafade39a36 : 2 : ittapi_config_apply_per_lib :  ITTAPI function not implemented: __itt_task_begin_ex
3387528 : 0x18ebafade3a144 : 2 : ittapi_config_apply_per_lib :  ITTAPI function not implemented: __itt_task_begin_fn_ex
3387528 : 0x18ebafade3a864 : 2 : ittapi_config_apply_per_lib :  ITTAPI function not implemented: __itt_task_end_ex
3387528 : 0x18ebafade3af70 : 2 : ittapi_config_apply_per_lib :  ITTAPI function instrumented: __itt_task_begin_overlapped
3387528 : 0x18ebafade3b66b : 2 : ittapi_config_apply_per_lib :  ITTAPI function not implemented: __itt_task_begin_overlapped_ex
3387528 : 0x18ebafade3c8b8 : 2 : ittapi_config_apply_per_lib :  ITTAPI function instrumented: __itt_task_end_overlapped
3387528 : 0x18ebafade3d04d : 2 : ittapi_config_apply_per_lib :  ITTAPI function not implemented: __itt_task_end_overlapped_ex
3387528 : 0x18ebafade3d766 : 2 : ittapi_config_apply_per_lib :  ITTAPI function not implemented: __itt_marker_ex
3387528 : 0x18ebafade3df56 : 2 : ittapi_config_apply_per_lib :  ITTAPI function not implemented: __itt_metadata_add_with_scope
3387528 : 0x18ebafade3e71c : 2 : ittapi_config_apply_per_lib :  ITTAPI function not implemented: __itt_metadata_str_add_with_scope
3387528 : 0x18ebafade3ee49 : 2 : ittapi_config_apply_per_lib :  ITTAPI function not implemented: __itt_relation_add_to_current_ex
3387528 : 0x18ebafade3f512 : 2 : ittapi_config_apply_per_lib :  ITTAPI function not implemented: __itt_relation_add_ex
3387528 : 0x18ebafade3fc31 : 2 : ittapi_config_apply_per_lib :  ITTAPI function not implemented: __itt_track_group_create
3387528 : 0x18ebafade40291 : 2 : ittapi_config_apply_per_lib :  ITTAPI function not implemented: __itt_track_create
3387528 : 0x18ebafade4097e : 2 : ittapi_config_apply_per_lib :  ITTAPI function not implemented: __itt_set_track
3387528 : 0x18ebafade41c36 : 2 : ittapi_config_apply_per_lib :  ITTAPI function instrumented: __itt_api_version
3387528 : 0x18ebafade423c3 : 2 : ittapi_config_apply_per_lib :  ITTAPI function not implemented: __itt_av_save
3387528 : 0x18ebafade42a71 : 2 : ittapi_config_apply_per_lib :  ITTAPI function instrumented: __itt_module_load
3387528 : 0x18ebafade43143 : 2 : ittapi_config_apply_per_lib :  ITTAPI function not implemented: __itt_module_unload
3387528 : 0x18ebafade434de : 2 : ittapi_config_apply_per_lib :  ITTAPI function NOT instrumented (not matched by --itt-config option): __itt_histogram_submit

3387528 : 0x18ebafade43bf7 : 2 : ittapi_config_apply_per_lib :  ITTAPI function not implemented: __itt_counter_set_value_v3
3387528 : 0x18ebafade89f70 : 2 : ittapi_config_mask_get :  --itt-config mask to be applied: 55
3387528 : 0x18ebafade8aac7 : 2 : ittapi_config_apply_per_lib :  ITTAPI function instrumented: __itt_domain_create
3387528 : 0x18ebafade8b318 : 2 : ittapi_config_apply_per_lib :  ITTAPI function instrumented: __itt_module_load_with_sections
3387528 : 0x18ebafade8bb94 : 2 : ittapi_config_apply_per_lib :  ITTAPI function not implemented: __itt_module_unload_with_sections
3387528 : 0x18ebafade8fe17 : 2 : ittapi_config_apply_per_lib :  ITTAPI function instrumented: __itt_string_handle_create
3387528 : 0x18ebafade9053e : 2 : ittapi_config_apply_per_lib :  ITTAPI function instrumented: __itt_counter_create
3387528 : 0x18ebafade90b94 : 2 : ittapi_config_apply_per_lib :  ITTAPI function instrumented: __itt_counter_create_typed
3387528 : 0x18ebafade91305 : 2 : ittapi_config_apply_per_lib :  ITTAPI function instrumented: __itt_pause
3387528 : 0x18ebafade919fd : 2 : ittapi_config_apply_per_lib :  ITTAPI function instrumented: __itt_resume
3387528 : 0x18ebafade92278 : 2 : ittapi_config_apply_per_lib :  ITTAPI function not implemented: __itt_pause_scoped
3387528 : 0x18ebafade92a15 : 2 : ittapi_config_apply_per_lib :  ITTAPI function not implemented: __itt_resume_scoped
3387528 : 0x18ebafade93104 : 2 : ittapi_config_apply_per_lib :  ITTAPI function instrumented: __itt_thread_set_name
3387528 : 0x18ebafade937d7 : 2 : ittapi_config_apply_per_lib :  ITTAPI function instrumented: __itt_thread_ignore
3387528 : 0x18ebafade93eed : 2 : ittapi_config_apply_per_lib :  ITTAPI function instrumented: __itt_thr_name_set
3387528 : 0x18ebafade955c5 : 2 : ittapi_config_apply_per_lib :  ITTAPI function instrumented: __itt_thr_ignore
3387528 : 0x18ebafade95c9f : 2 : ittapi_config_apply_per_lib :  ITTAPI function instrumented: __itt_histogram_create
3387528 : 0x18ebafade9647e : 2 : ittapi_config_apply_per_lib :  ITTAPI function not implemented: __itt_counter_create_v3
3387528 : 0x18ebafade96bdf : 2 : ittapi_config_apply_per_lib :  ITTAPI function not implemented: __itt_bind_context_metadata_to_counter
3387528 : 0x18ebafade97383 : 2 : ittapi_config_apply_per_lib :  ITTAPI function not implemented: __itt_enable_attach
3387528 : 0x18ebafade97a97 : 2 : ittapi_config_apply_per_lib :  ITTAPI function instrumented: __itt_detach
3387528 : 0x18ebafade97eb9 : 2 : ittapi_config_apply_per_lib :  ITTAPI function NOT instrumented (not matched by --itt-config option): __itt_sync_create

3387528 : 0x18ebafade9828e : 2 : ittapi_config_apply_per_lib :  ITTAPI function NOT instrumented (not matched by --itt-config option): __itt_sync_rename

3387528 : 0x18ebafade9863a : 2 : ittapi_config_apply_per_lib :  ITTAPI function NOT instrumented (not matched by --itt-config option): __itt_sync_destroy

3387528 : 0x18ebafade989d4 : 2 : ittapi_config_apply_per_lib :  ITTAPI function NOT instrumented (not matched by --itt-config option): __itt_sync_prepare

3387528 : 0x18ebafade998a7 : 2 : ittapi_config_apply_per_lib :  ITTAPI function NOT instrumented (not matched by --itt-config option): __itt_sync_cancel

3387528 : 0x18ebafade99c74 : 2 : ittapi_config_apply_per_lib :  ITTAPI function NOT instrumented (not matched by --itt-config option): __itt_sync_acquired

3387528 : 0x18ebafade99ff7 : 2 : ittapi_config_apply_per_lib :  ITTAPI function NOT instrumented (not matched by --itt-config option): __itt_sync_releasing

3387528 : 0x18ebafade9a869 : 2 : ittapi_config_apply_per_lib :  ITTAPI function not implemented: __itt_suppress_push
3387528 : 0x18ebafade9b0af : 2 : ittapi_config_apply_per_lib :  ITTAPI function not implemented: __itt_suppress_pop
3387528 : 0x18ebafade9b824 : 2 : ittapi_config_apply_per_lib :  ITTAPI function not implemented: __itt_suppress_mark_range
3387528 : 0x18ebafade9c010 : 2 : ittapi_config_apply_per_lib :  ITTAPI function not implemented: __itt_suppress_clear_range
3387528 : 0x18ebafade9c39c : 2 : ittapi_config_apply_per_lib :  ITTAPI function NOT instrumented (not matched by --itt-config option): __itt_sync_prepare

3387528 : 0x18ebafade9c74c : 2 : ittapi_config_apply_per_lib :  ITTAPI function NOT instrumented (not matched by --itt-config option): __itt_sync_cancel

3387528 : 0x18ebafade9ca9c : 2 : ittapi_config_apply_per_lib :  ITTAPI function NOT instrumented (not matched by --itt-config option): __itt_sync_acquired

3387528 : 0x18ebafade9d92c : 2 : ittapi_config_apply_per_lib :  ITTAPI function NOT instrumented (not matched by --itt-config option): __itt_sync_releasing

3387528 : 0x18ebafade9dd34 : 2 : ittapi_config_apply_per_lib :  ITTAPI function NOT instrumented (not matched by --itt-config option): __itt_model_site_begin

3387528 : 0x18ebafade9e10a : 2 : ittapi_config_apply_per_lib :  ITTAPI function NOT instrumented (not matched by --itt-config option): __itt_model_site_end

3387528 : 0x18ebafade9e526 : 2 : ittapi_config_apply_per_lib :  ITTAPI function NOT instrumented (not matched by --itt-config option): __itt_model_task_begin

3387528 : 0x18ebafade9e8f5 : 2 : ittapi_config_apply_per_lib :  ITTAPI function NOT instrumented (not matched by --itt-config option): __itt_model_task_end

3387528 : 0x18ebafade9ecb3 : 2 : ittapi_config_apply_per_lib :  ITTAPI function NOT instrumented (not matched by --itt-config option): __itt_model_lock_acquire

3387528 : 0x18ebafade9f06a : 2 : ittapi_config_apply_per_lib :  ITTAPI function NOT instrumented (not matched by --itt-config option): __itt_model_lock_release

3387528 : 0x18ebafade9f413 : 2 : ittapi_config_apply_per_lib :  ITTAPI function NOT instrumented (not matched by --itt-config option): __itt_model_record_allocation

3387528 : 0x18ebafade9f7b4 : 2 : ittapi_config_apply_per_lib :  ITTAPI function NOT instrumented (not matched by --itt-config option): __itt_model_record_deallocation

3387528 : 0x18ebafade9fb19 : 2 : ittapi_config_apply_per_lib :  ITTAPI function NOT instrumented (not matched by --itt-config option): __itt_model_induction_uses

3387528 : 0x18ebafadea0e8f : 2 : ittapi_config_apply_per_lib :  ITTAPI function NOT instrumented (not matched by --itt-config option): __itt_model_reduction_uses

3387528 : 0x18ebafadea1295 : 2 : ittapi_config_apply_per_lib :  ITTAPI function NOT instrumented (not matched by --itt-config option): __itt_model_observe_uses

3387528 : 0x18ebafadea165d : 2 : ittapi_config_apply_per_lib :  ITTAPI function NOT instrumented (not matched by --itt-config option): __itt_model_clear_uses

3387528 : 0x18ebafadea19fc : 2 : ittapi_config_apply_per_lib :  ITTAPI function NOT instrumented (not matched by --itt-config option): __itt_model_site_beginA

3387528 : 0x18ebafadea1da4 : 2 : ittapi_config_apply_per_lib :  ITTAPI function NOT instrumented (not matched by --itt-config option): __itt_model_site_beginAL

3387528 : 0x18ebafadea216f : 2 : ittapi_config_apply_per_lib :  ITTAPI function NOT instrumented (not matched by --itt-config option): __itt_model_task_beginA

3387528 : 0x18ebafadea24f3 : 2 : ittapi_config_apply_per_lib :  ITTAPI function NOT instrumented (not matched by --itt-config option): __itt_model_task_beginAL

3387528 : 0x18ebafadea288b : 2 : ittapi_config_apply_per_lib :  ITTAPI function NOT instrumented (not matched by --itt-config option): __itt_model_iteration_taskA

3387528 : 0x18ebafadea2c2e : 2 : ittapi_config_apply_per_lib :  ITTAPI function NOT instrumented (not matched by --itt-config option): __itt_model_iteration_taskAL

3387528 : 0x18ebafadea3011 : 2 : ittapi_config_apply_per_lib :  ITTAPI function NOT instrumented (not matched by --itt-config option): __itt_model_site_end_2

3387528 : 0x18ebafadea3e47 : 2 : ittapi_config_apply_per_lib :  ITTAPI function NOT instrumented (not matched by --itt-config option): __itt_model_task_end_2

3387528 : 0x18ebafadea41ca : 2 : ittapi_config_apply_per_lib :  ITTAPI function NOT instrumented (not matched by --itt-config option): __itt_model_lock_acquire_2

3387528 : 0x18ebafadea4562 : 2 : ittapi_config_apply_per_lib :  ITTAPI function NOT instrumented (not matched by --itt-config option): __itt_model_lock_release_2

3387528 : 0x18ebafadea493d : 2 : ittapi_config_apply_per_lib :  ITTAPI function NOT instrumented (not matched by --itt-config option): __itt_model_aggregate_task

3387528 : 0x18ebafadea4cf9 : 2 : ittapi_config_apply_per_lib :  ITTAPI function NOT instrumented (not matched by --itt-config option): __itt_model_disable_push

3387528 : 0x18ebafadea50b6 : 2 : ittapi_config_apply_per_lib :  ITTAPI function NOT instrumented (not matched by --itt-config option): __itt_model_disable_pop

3387528 : 0x18ebafadea582b : 2 : ittapi_config_apply_per_lib :  ITTAPI function instrumented: __itt_heap_function_create
3387528 : 0x18ebafadea5f4e : 2 : ittapi_config_apply_per_lib :  ITTAPI function instrumented: __itt_heap_allocate_begin
3387528 : 0x18ebafadea65cd : 2 : ittapi_config_apply_per_lib :  ITTAPI function instrumented: __itt_heap_allocate_end
3387528 : 0x18ebafadea6c48 : 2 : ittapi_config_apply_per_lib :  ITTAPI function instrumented: __itt_heap_free_begin
3387528 : 0x18ebafadea841a : 2 : ittapi_config_apply_per_lib :  ITTAPI function instrumented: __itt_heap_free_end
3387528 : 0x18ebafadea8af2 : 2 : ittapi_config_apply_per_lib :  ITTAPI function instrumented: __itt_heap_reallocate_begin
3387528 : 0x18ebafadea9179 : 2 : ittapi_config_apply_per_lib :  ITTAPI function instrumented: __itt_heap_reallocate_end
3387528 : 0x18ebafadea992e : 2 : ittapi_config_apply_per_lib :  ITTAPI function not implemented: __itt_heap_internal_access_begin
3387528 : 0x18ebafadeaa0aa : 2 : ittapi_config_apply_per_lib :  ITTAPI function not implemented: __itt_heap_internal_access_end
3387528 : 0x18ebafadeaa803 : 2 : ittapi_config_apply_per_lib :  ITTAPI function not implemented: __itt_heap_record_memory_growth_begin
3387528 : 0x18ebafadeaaf54 : 2 : ittapi_config_apply_per_lib :  ITTAPI function not implemented: __itt_heap_record_memory_growth_end
3387528 : 0x18ebafadeab679 : 2 : ittapi_config_apply_per_lib :  ITTAPI function not implemented: __itt_heap_reset_detection
3387528 : 0x18ebafadeabdf5 : 2 : ittapi_config_apply_per_lib :  ITTAPI function not implemented: __itt_heap_record
3387528 : 0x18ebafadeac4f8 : 2 : ittapi_config_apply_per_lib :  ITTAPI function not implemented: __itt_id_create
3387528 : 0x18ebafadead898 : 2 : ittapi_config_apply_per_lib :  ITTAPI function not implemented: __itt_id_destroy
3387528 : 0x18ebafadeadfa0 : 2 : ittapi_config_apply_per_lib :  ITTAPI function instrumented: __itt_get_timestamp
3387528 : 0x18ebafadeae69e : 2 : ittapi_config_apply_per_lib :  ITTAPI function not implemented: __itt_region_begin
3387528 : 0x18ebafadeaee6b : 2 : ittapi_config_apply_per_lib :  ITTAPI function not implemented: __itt_region_end
3387528 : 0x18ebafadeaf52e : 2 : ittapi_config_apply_per_lib :  ITTAPI function instrumented: __itt_frame_begin_v3
3387528 : 0x18ebafadeafc7c : 2 : ittapi_config_apply_per_lib :  ITTAPI function instrumented: __itt_frame_end_v3
3387528 : 0x18ebafadeb0358 : 2 : ittapi_config_apply_per_lib :  ITTAPI function instrumented: __itt_frame_submit_v3
3387528 : 0x18ebafadeb0b06 : 2 : ittapi_config_apply_per_lib :  ITTAPI function not implemented: __itt_task_group
3387528 : 0x18ebafadeb1226 : 2 : ittapi_config_apply_per_lib :  ITTAPI function instrumented: __itt_task_begin
3387528 : 0x18ebafadeb18ef : 2 : ittapi_config_apply_per_lib :  ITTAPI function instrumented: __itt_task_begin_fn
3387528 : 0x18ebafadeb2ac3 : 2 : ittapi_config_apply_per_lib :  ITTAPI function instrumented: __itt_task_end
3387528 : 0x18ebafadeb328a : 2 : ittapi_config_apply_per_lib :  ITTAPI function not implemented: __itt_counter_inc_v3
3387528 : 0x18ebafadeb3a36 : 2 : ittapi_config_apply_per_lib :  ITTAPI function not implemented: __itt_counter_inc_delta_v3
3387528 : 0x18ebafadeb4167 : 2 : ittapi_config_apply_per_lib :  ITTAPI function not implemented: __itt_counter_dec_v3
3387528 : 0x18ebafadeb4887 : 2 : ittapi_config_apply_per_lib :  ITTAPI function not implemented: __itt_counter_dec_delta_v3
3387528 : 0x18ebafadeb4fbf : 2 : ittapi_config_apply_per_lib :  ITTAPI function not implemented: __itt_marker
3387528 : 0x18ebafadeb56d7 : 2 : ittapi_config_apply_per_lib :  ITTAPI function instrumented: __itt_metadata_add
3387528 : 0x18ebafadeb5e6b : 2 : ittapi_config_apply_per_lib :  ITTAPI function not implemented: __itt_metadata_str_add
3387528 : 0x18ebafadeb6568 : 2 : ittapi_config_apply_per_lib :  ITTAPI function not implemented: __itt_relation_add_to_current
3387528 : 0x18ebafadeb6ce3 : 2 : ittapi_config_apply_per_lib :  ITTAPI function not implemented: __itt_relation_add
3387528 : 0x18ebafadeb7e8b : 2 : ittapi_config_apply_per_lib :  ITTAPI function instrumented: __itt_event_create
3387528 : 0x18ebafadeb85f7 : 2 : ittapi_config_apply_per_lib :  ITTAPI function instrumented: __itt_event_start
3387528 : 0x18ebafadeb8c73 : 2 : ittapi_config_apply_per_lib :  ITTAPI function instrumented: __itt_event_end
3387528 : 0x18ebafadeb8fdc : 2 : ittapi_config_apply_per_lib :  ITTAPI function NOT instrumented (not matched by --itt-config option): __itt_sync_set_name

3387528 : 0x18ebafadeb93cd : 2 : ittapi_config_apply_per_lib :  ITTAPI function NOT instrumented (not matched by --itt-config option): __itt_notify_sync_name

3387528 : 0x18ebafadeb978d : 2 : ittapi_config_apply_per_lib :  ITTAPI function NOT instrumented (not matched by --itt-config option): __itt_notify_sync_prepare

3387528 : 0x18ebafadeb9b71 : 2 : ittapi_config_apply_per_lib :  ITTAPI function NOT instrumented (not matched by --itt-config option): __itt_notify_sync_cancel

3387528 : 0x18ebafadeb9f2f : 2 : ittapi_config_apply_per_lib :  ITTAPI function NOT instrumented (not matched by --itt-config option): __itt_notify_sync_acquired

3387528 : 0x18ebafadeba2af : 2 : ittapi_config_apply_per_lib :  ITTAPI function NOT instrumented (not matched by --itt-config option): __itt_notify_sync_releasing

3387528 : 0x18ebafadeba9d4 : 2 : ittapi_config_apply_per_lib :  ITTAPI function not implemented: __itt_memory_read
3387528 : 0x18ebafadebc1ab : 2 : ittapi_config_apply_per_lib :  ITTAPI function not implemented: __itt_memory_write
3387528 : 0x18ebafadebc8cc : 2 : ittapi_config_apply_per_lib :  ITTAPI function not implemented: __itt_memory_update
3387528 : 0x18ebafadebd05b : 2 : ittapi_config_apply_per_lib :  ITTAPI function not implemented: __itt_state_get
3387528 : 0x18ebafadebd71b : 2 : ittapi_config_apply_per_lib :  ITTAPI function not implemented: __itt_state_set
3387528 : 0x18ebafadebde5f : 2 : ittapi_config_apply_per_lib :  ITTAPI function not implemented: __itt_obj_mode_set
3387528 : 0x18ebafadebe58f : 2 : ittapi_config_apply_per_lib :  ITTAPI function not implemented: __itt_thr_mode_set
3387528 : 0x18ebafadebebd7 : 2 : ittapi_config_apply_per_lib :  ITTAPI function instrumented: __itt_frame_create
3387528 : 0x18ebafadebf236 : 2 : ittapi_config_apply_per_lib :  ITTAPI function instrumented: __itt_pt_region_create
3387528 : 0x18ebafadebf906 : 2 : ittapi_config_apply_per_lib :  ITTAPI function instrumented: __itt_frame_begin
3387528 : 0x18ebafadebff7b : 2 : ittapi_config_apply_per_lib :  ITTAPI function instrumented: __itt_frame_end
3387528 : 0x18ebafadec1383 : 2 : ittapi_config_apply_per_lib :  ITTAPI function not implemented: __itt_counter_destroy
3387528 : 0x18ebafadec1a97 : 2 : ittapi_config_apply_per_lib :  ITTAPI function instrumented: __itt_counter_inc
3387528 : 0x18ebafadec212c : 2 : ittapi_config_apply_per_lib :  ITTAPI function instrumented: __itt_counter_inc_delta
3387528 : 0x18ebafadec281a : 2 : ittapi_config_apply_per_lib :  ITTAPI function instrumented: __itt_counter_dec
3387528 : 0x18ebafadec2eff : 2 : ittapi_config_apply_per_lib :  ITTAPI function instrumented: __itt_counter_dec_delta
3387528 : 0x18ebafadec3606 : 2 : ittapi_config_apply_per_lib :  ITTAPI function instrumented: __itt_counter_set_value
3387528 : 0x18ebafadec3cfb : 2 : ittapi_config_apply_per_lib :  ITTAPI function not implemented: __itt_counter_set_value_ex
3387528 : 0x18ebafadec43a1 : 2 : ittapi_config_apply_per_lib :  ITTAPI function not implemented: __itt_mark_create
3387528 : 0x18ebafadec4b23 : 2 : ittapi_config_apply_per_lib :  ITTAPI function not implemented: __itt_mark
3387528 : 0x18ebafadec52b6 : 2 : ittapi_config_apply_per_lib :  ITTAPI function not implemented: __itt_mark_off
3387528 : 0x18ebafadec65f6 : 2 : ittapi_config_apply_per_lib :  ITTAPI function not implemented: __itt_mark_global
3387528 : 0x18ebafadec6cf5 : 2 : ittapi_config_apply_per_lib :  ITTAPI function not implemented: __itt_mark_global_off
3387528 : 0x18ebafadec7438 : 2 : ittapi_config_apply_per_lib :  ITTAPI function instrumented: __itt_stack_caller_create
3387528 : 0x18ebafadec7b29 : 2 : ittapi_config_apply_per_lib :  ITTAPI function instrumented: __itt_stack_caller_destroy
3387528 : 0x18ebafadec820e : 2 : ittapi_config_apply_per_lib :  ITTAPI function instrumented: __itt_stack_callee_enter
3387528 : 0x18ebafadec8933 : 2 : ittapi_config_apply_per_lib :  ITTAPI function instrumented: __itt_stack_callee_leave
3387528 : 0x18ebafadec9052 : 2 : ittapi_config_apply_per_lib :  ITTAPI function not implemented: __itt_clock_domain_create
3387528 : 0x18ebafadec97b9 : 2 : ittapi_config_apply_per_lib :  ITTAPI function not implemented: __itt_clock_domain_reset
3387528 : 0x18ebafadec9f0c : 2 : ittapi_config_apply_per_lib :  ITTAPI function not implemented: __itt_id_create_ex
3387528 : 0x18ebafadeca651 : 2 : ittapi_config_apply_per_lib :  ITTAPI function not implemented: __itt_id_destroy_ex
3387528 : 0x18ebafadecbe9b : 2 : ittapi_config_apply_per_lib :  ITTAPI function not implemented: __itt_task_begin_ex
3387528 : 0x18ebafadecc672 : 2 : ittapi_config_apply_per_lib :  ITTAPI function not implemented: __itt_task_begin_fn_ex
3387528 : 0x18ebafadeccd9a : 2 : ittapi_config_apply_per_lib :  ITTAPI function not implemented: __itt_task_end_ex
3387528 : 0x18ebafadecd48c : 2 : ittapi_config_apply_per_lib :  ITTAPI function instrumented: __itt_task_begin_overlapped
3387528 : 0x18ebafadecdba5 : 2 : ittapi_config_apply_per_lib :  ITTAPI function not implemented: __itt_task_begin_overlapped_ex
3387528 : 0x18ebafadece262 : 2 : ittapi_config_apply_per_lib :  ITTAPI function instrumented: __itt_task_end_overlapped
3387528 : 0x18ebafadece9ad : 2 : ittapi_config_apply_per_lib :  ITTAPI function not implemented: __itt_task_end_overlapped_ex
3387528 : 0x18ebafadecf113 : 2 : ittapi_config_apply_per_lib :  ITTAPI function not implemented: __itt_marker_ex
3387528 : 0x18ebafadecf848 : 2 : ittapi_config_apply_per_lib :  ITTAPI function not implemented: __itt_metadata_add_with_scope
3387528 : 0x18ebafaded0006 : 2 : ittapi_config_apply_per_lib :  ITTAPI function not implemented: __itt_metadata_str_add_with_scope
3387528 : 0x18ebafaded12dc : 2 : ittapi_config_apply_per_lib :  ITTAPI function not implemented: __itt_relation_add_to_current_ex
3387528 : 0x18ebafaded19e8 : 2 : ittapi_config_apply_per_lib :  ITTAPI function not implemented: __itt_relation_add_ex
3387528 : 0x18ebafaded2101 : 2 : ittapi_config_apply_per_lib :  ITTAPI function not implemented: __itt_track_group_create
3387528 : 0x18ebafaded27e4 : 2 : ittapi_config_apply_per_lib :  ITTAPI function not implemented: __itt_track_create
3387528 : 0x18ebafaded2f54 : 2 : ittapi_config_apply_per_lib :  ITTAPI function not implemented: __itt_set_track
3387528 : 0x18ebafaded3612 : 2 : ittapi_config_apply_per_lib :  ITTAPI function instrumented: __itt_api_version
3387528 : 0x18ebafaded3d0e : 2 : ittapi_config_apply_per_lib :  ITTAPI function not implemented: __itt_av_save
3387528 : 0x18ebafaded43ac : 2 : ittapi_config_apply_per_lib :  ITTAPI function instrumented: __itt_module_load
3387528 : 0x18ebafaded4ad6 : 2 : ittapi_config_apply_per_lib :  ITTAPI function not implemented: __itt_module_unload
3387528 : 0x18ebafaded4e7f : 2 : ittapi_config_apply_per_lib :  ITTAPI function NOT instrumented (not matched by --itt-config option): __itt_histogram_submit

3387528 : 0x18ebafaded6167 : 2 : ittapi_config_apply_per_lib :  ITTAPI function not implemented: __itt_counter_set_value_v3