
3387746 : 0x18ebb311d59fe0 : 1 : spill_jit_data :  Jit agent is not initialized
3387730 : 0x18ebb311d5c786 : 2 : ittapi_config_mask_get :  --itt-config mask to be applied: 55
3387730 : 0x18ebb311d5e203 : 2 : ittapi_config_apply_per_lib :  ITTAPI function instrumented: __itt_domain_create
3387730 : 0x18ebb311d5edce : 2 : ittapi_config_apply_per_lib :  ITTAPI function instrumented: __itt_module_load_with_sections
3387730 : 0x18ebb311d5f9df : 2 : ittapi_config_apply_per_lib :  ITTAPI function not implemented: __itt_module_unload_with_sections
3387730 : 0x18ebb311d6025c : 2 : ittapi_config_apply_per_lib :  ITTAPI function instrumented: __itt_string_handle_create
3387730 : 0x18ebb311d608c9 : 2 : ittapi_config_apply_per_lib :  ITTAPI function instrumented: __itt_counter_create
3387730 : 0x18ebb311d60fa8 : 2 : ittapi_config_apply_per_lib :  ITTAPI function instrumented: __itt_counter_create_typed
3387730 : 0x18ebb311d61726 : 2 : ittapi_config_apply_per_lib :  ITTAPI function instrumented: __itt_pause
3387730 : 0x18ebb311d61f5a : 2 : ittapi_config_apply_per_lib :  ITTAPI function instrumented: __itt_resume
3387730 : 0x18ebb311d661a6 : 2 : ittapi_config_apply_per_lib :  ITTAPI function not implemented: __itt_pause_scoped
3387730 : 0x18ebb311d66ab6 : 2 : ittapi_config_apply_per_lib :  ITTAPI function not implemented: __itt_resume_scoped
3387730 : 0x18ebb311d67235 : 2 : ittapi_config_apply_per_lib :  ITTAPI function instrumented: __itt_thread_set_name
3387730 : 0x18ebb311d678e8 : 2 : ittapi_config_apply_per_lib :  ITTAPI function instrumented: __itt_thread_ignore
3387730 : 0x18ebb311d68005 : 2 : ittapi_config_apply_per_lib :  ITTAPI function instrumented: __itt_thr_name_set
3387730 : 0x18ebb311d6879a : 2 : ittapi_config_apply_per_lib :  ITTAPI function instrumented: __itt_thr_ignore
3387730 : 0x18ebb311d68e36 : 2 : ittapi_config_apply_per_lib :  ITTAPI function instrumented: __itt_histogram_create
3387730 : 0x18ebb311d69584 : 2 : ittapi_config_apply_per_lib :  ITTAPI function not implemented: __itt_counter_create_v3
3387730 : 0x18ebb311d69d14 : 2 : ittapi_config_apply_per_lib :  ITTAPI function not implemented: __itt_bind_context_metadata_to_counter
3387730 : 0x18ebb311d6a53c : 2 : ittapi_config_apply_per_lib :  ITTAPI function not implemented: __itt_enable_attach
3387730 : 0x18ebb311d6ba9a : 2 : ittapi_config_apply_per_lib :  ITTAPI function instrumented: __itt_detach
3387730 : 0x18ebb311d6bf1f : 2 : ittapi_config_apply_per_lib :  ITTAPI function NOT instrumented (not matched by --itt-config option): __itt_sync_create

3387730 : 0x18ebb311d6c3a6 : 2 : ittapi_config_apply_per_lib :  ITTAPI function NOT instrumented (not matched by --itt-config option): __itt_sync_rename

3387730 : 0x18ebb311d6c794 : 2 : ittapi_config_apply_per_lib :  ITTAPI function NOT instrumented (not matched by --itt-config option): __itt_sync_destroy

3387730 : 0x18ebb311d6cb5f : 2 : ittapi_config_apply_per_lib :  ITTAPI function NOT instrumented (not matched by --itt-config option): __itt_sync_prepare

3387730 : 0x18ebb311d6cf35 : 2 : ittapi_config_apply_per_lib :  ITTAPI function NOT instrumented (not matched by --itt-config option): __itt_sync_cancel

3387730 : 0x18ebb311d6d2a5 : 2 : ittapi_config_apply_per_lib :  ITTAPI function NOT instrumented (not matched by --itt-config option): __itt_sync_acquired

3387730 : 0x18ebb311d6d647 : 2 : ittapi_config_apply_per_lib :  ITTAPI function NOT instrumented (not matched by --itt-config option): __itt_sync_releasing

3387730 : 0x18ebb311d6de35 : 2 : ittapi_config_apply_per_lib :  ITTAPI function not implemented: __itt_suppress_push
3387730 : 0x18ebb311d6e69d : 2 : ittapi_config_apply_per_lib :  ITTAPI function not implemented: __itt_suppress_pop
3387730 : 0x18ebb311d6fa84 : 2 : ittapi_config_apply_per_lib :  ITTAPI function not implemented: __itt_suppress_mark_range
3387730 : 0x18ebb311d70307 : 2 : ittapi_config_apply_per_lib :  ITTAPI function not implemented: __itt_suppress_clear_range
3387730 : 0x18ebb311d706b2 : 2 : ittapi_config_apply_per_lib :  ITTAPI function NOT instrumented (not matched by --itt-config option): __itt_sync_prepare

3387730 : 0x18ebb311d70a6f : 2 : ittapi_config_apply_per_lib :  ITTAPI function NOT instrumented (not matched by --itt-config option): __itt_sync_cancel

3387730 : 0x18ebb311d70deb : 2 : ittapi_config_apply_per_lib :  ITTAPI function NOT instrumented (not matched by --itt-config option): __itt_sync_acquired

3387730 : 0x18ebb311d7116b : 2 : ittapi_config_apply_per_lib :  ITTAPI function NOT instrumented (not matched by --itt-config option): __itt_sync_releasing

3387730 : 0x18ebb311d71536 : 2 : ittapi_config_apply_per_lib :  ITTAPI function NOT instrumented (not matched by --itt-config option): __itt_model_site_begin

3387730 : 0x18ebb311d71908 : 2 : ittapi_config_apply_per_lib :  ITTAPI function NOT instrumented (not matched by --itt-config option): __itt_model_site_end

3387730 : 0x18ebb311d71d35 : 2 : ittapi_config_apply_per_lib :  ITTAPI function NOT instrumented (not matched by --itt-config option): __itt_model_task_begin

3387730 : 0x18ebb311d72132 : 2 : ittapi_config_apply_per_lib :  ITTAPI function NOT instrumented (not matched by --itt-config option): __itt_model_task_end

3387730 : 0x18ebb311d739de : 2 : ittapi_config_apply_per_lib :  ITTAPI function NOT instrumented (not matched by --itt-config option): __itt_model_lock_acquire

3387730 : 0x18ebb311d73e14 : 2 : ittapi_config_apply_per_lib :  ITTAPI function NOT instrumented (not matched by --itt-config option): __itt_model_lock_release

3387730 : 0x18ebb311d741ee : 2 : ittapi_config_apply_per_lib :  ITTAPI function NOT instrumented (not matched by --itt-config option): __itt_model_record_allocation

3387730 : 0x18ebb311d7459b : 2 : ittapi_config_apply_per_lib :  ITTAPI function NOT instrumented (not matched by --itt-config option): __itt_model_record_deallocation

3387730 : 0x18ebb311d7491a : 2 : ittapi_config_apply_per_lib :  ITTAPI function NOT instrumented (not matched by --itt-config option): __itt_model_induction_uses

3387730 : 0x18ebb311d74cc1 : 2 : ittapi_config_apply_per_lib :  ITTAPI function NOT instrumented (not matched by --itt-config option): __itt_model_reduction_uses

3387730 : 0x18ebb311d75082 : 2 : ittapi_config_apply_per_lib :  ITTAPI function NOT instrumented (not matched by --itt-config option): __itt_model_observe_uses

3387730 : 0x18ebb311d75440 : 2 : ittapi_config_apply_per_lib :  ITTAPI function NOT instrumented (not matched by --itt-config option): __itt_model_clear_uses

3387730 : 0x18ebb311d757e5 : 2 : ittapi_config_apply_per_lib :  ITTAPI function NOT instrumented (not matched by --itt-config option): __itt_model_site_beginA

3387730 : 0x18ebb311d75ba6 : 2 : ittapi_config_apply_per_lib :  ITTAPI function NOT instrumented (not matched by --itt-config option): __itt_model_site_beginAL

3387730 : 0x18ebb311d76af9 : 2 : ittapi_config_apply_per_lib :  ITTAPI function NOT instrumented (not matched by --itt-config option): __itt_model_task_beginA

3387730 : 0x18ebb311d76f09 : 2 : ittapi_config_apply_per_lib :  ITTAPI function NOT instrumented (not matched by --itt-config option): __itt_model_task_beginAL

3387730 : 0x18ebb311d772cd : 2 : ittapi_config_apply_per_lib :  ITTAPI function NOT instrumented (not matched by --itt-config option): __itt_model_iteration_taskA

3387730 : 0x18ebb311d7765e : 2 : ittapi_config_apply_per_lib :  ITTAPI function NOT instrumented (not matched by --itt-config option): __itt_model_iteration_taskAL

3387730 : 0x18ebb311d77a5c : 2 : ittapi_config_apply_per_lib :  ITTAPI function NOT instrumented (not matched by --itt-config option): __itt_model_site_end_2

3387730 : 0x18ebb311d77dd7 : 2 : ittapi_config_apply_per_lib :  ITTAPI function NOT instrumented (not matched by --itt-config option): __itt_model_task_end_2

3387730 : 0x18ebb311d7813e : 2 : ittapi_config_apply_per_lib :  ITTAPI function NOT instrumented (not matched by --itt-config option): __itt_model_lock_acquire_2

3387730 : 0x18ebb311d784f1 : 2 : ittapi_config_apply_per_lib :  ITTAPI function NOT instrumented (not matched by --itt-config option): __itt_model_lock_release_2

3387730 : 0x18ebb311d788cf : 2 : ittapi_config_apply_per_lib :  ITTAPI function NOT instrumented (not matched by --itt-config option): __itt_model_aggregate_task

3387730 : 0x18ebb311d78c77 : 2 : ittapi_config_apply_per_lib :  ITTAPI function NOT instrumented (not matched by --itt-config option): __itt_model_disable_push

3387730 : 0x18ebb311d7a125 : 2 : ittapi_config_apply_per_lib :  ITTAPI function NOT instrumented (not matched by --itt-config option): __itt_model_disable_pop

3387730 : 0x18ebb311d7a8f1 : 2 : ittapi_config_apply_per_lib :  ITTAPI function instrumented: __itt_heap_function_create
3387730 : 0x18ebb311d7b056 : 2 : ittapi_config_apply_per_lib :  ITTAPI function instrumented: __itt_heap_allocate_begin
3387730 : 0x18ebb311d7b6f4 : 2 : ittapi_config_apply_per_lib :  ITTAPI function instrumented: __itt_heap_allocate_end
3387730 : 0x18ebb311d7be5b : 2 : ittapi_config_apply_per_lib :  ITTAPI function instrumented: __itt_heap_free_begin
3387730 : 0x18ebb311d7c571 : 2 : ittapi_config_apply_per_lib :  ITTAPI function instrumented: __itt_heap_free_end
3387730 : 0x18ebb311d7cc33 : 2 : ittapi_config_apply_per_lib :  ITTAPI function instrumented: __itt_heap_reallocate_begin
3387730 : 0x18ebb311d7d2e9 : 2 : ittapi_config_apply_per_lib :  ITTAPI function instrumented: __itt_heap_reallocate_end
3387730 : 0x18ebb311d7dafa : 2 : ittapi_config_apply_per_lib :  ITTAPI function not implemented: __itt_heap_internal_access_begin
3387730 : 0x18ebb311d7e279 : 2 : ittapi_config_apply_per_lib :  ITTAPI function not implemented: __itt_heap_internal_access_end
3387730 : 0x18ebb311d7f5be : 2 : ittapi_config_apply_per_lib :  ITTAPI function not implemented: __itt_heap_record_memory_growth_begin
3387730 : 0x18ebb311d7fda2 : 2 : ittapi_config_apply_per_lib :  ITTAPI function not implemented: __itt_heap_record_memory_growth_end
3387730 : 0x18ebb311d80500 : 2 : ittapi_config_apply_per_lib :  ITTAPI function not implemented: __itt_heap_reset_detection
3387730 : 0x18ebb311d80cef : 2 : ittapi_config_apply_per_lib :  ITTAPI function not implemented: __itt_heap_record
3387730 : 0x18ebb311d81407 : 2 : ittapi_config_apply_per_lib :  ITTAPI function not implemented: __itt_id_create
3387730 : 0x18ebb311d81b88 : 2 : ittapi_config_apply_per_lib :  ITTAPI function not implemented: __itt_id_destroy
3387730 : 0x18ebb311d82263 : 2 : ittapi_config_apply_per_lib :  ITTAPI function instrumented: __itt_get_timestamp
3387730 : 0x18ebb311d829ec : 2 : ittapi_config_apply_per_lib :  ITTAPI function not implemented: __itt_region_begin
3387730 : 0x18ebb311d83216 : 2 : ittapi_config_apply_per_lib :  ITTAPI function not implemented: __itt_region_end
3387730 : 0x18ebb311d83900 : 2 : ittapi_config_apply_per_lib :  ITTAPI function instrumented: __itt_frame_begin_v3
3387730 : 0x18ebb311d84b39 : 2 : ittapi_config_apply_per_lib :  ITTAPI function instrumented: __itt_frame_end_v3
3387730 : 0x18ebb311d852dc : 2 : ittapi_config_apply_per_lib :  ITTAPI function instrumented: __itt_frame_submit_v3
3387730 : 0x18ebb311d85ace : 2 : ittapi_config_apply_per_lib :  ITTAPI function not implemented: __itt_task_group
3387730 : 0x18ebb311d86207 : 2 : ittapi_config_apply_per_lib :  ITTAPI function instrumented: __itt_task_begin
3387730 : 0x18ebb311d8695e : 2 : ittapi_config_apply_per_lib :  ITTAPI function instrumented: __itt_task_begin_fn
3387730 : 0x18ebb311d87086 : 2 : ittapi_config_apply_per_lib :  ITTAPI function instrumented: __itt_task_end
3387730 : 0x18ebb311d87803 : 2 : ittapi_config_apply_per_lib :  ITTAPI function not implemented: __itt_counter_inc_v3
3387730 : 0x18ebb311d87fa1 : 2 : ittapi_config_apply_per_lib :  ITTAPI function not implemented: __itt_counter_inc_delta_v3
3387730 : 0x18ebb311d886da : 2 : ittapi_config_apply_per_lib :  ITTAPI function not implemented: __itt_counter_dec_v3
3387730 : 0x18ebb311d88dcf : 2 : ittapi_config_apply_per_lib :  ITTAPI function not implemented: __itt_counter_dec_delta_v3
3387730 : 0x18ebb311d8a0b9 : 2 : ittapi_config_apply_per_lib :  ITTAPI function not implemented: __itt_marker
3387730 : 0x18ebb311d8a82f : 2 : ittapi_config_apply_per_lib :  ITTAPI function instrumented: __itt_metadata_add
3387730 : 0x18ebb311d8afb2 : 2 : ittapi_config_apply_per_lib :  ITTAPI function not implemented: __itt_metadata_str_add
3387730 : 0x18ebb311d8b6c7 : 2 : ittapi_config_apply_per_lib :  ITTAPI function not implemented: __itt_relation_add_to_current
3387730 : 0x18ebb311d8be16 : 2 : ittapi_config_apply_per_lib :  ITTAPI function not implemented: __itt_relation_add
3387730 : 0x18ebb311d8c483 : 2 : ittapi_config_apply_per_lib :  ITTAPI function instrumented: __itt_event_create
3387730 : 0x18ebb311d8cb8c : 2 : ittapi_config_apply_per_lib :  ITTAPI function instrumented: __itt_event_start
3387730 : 0x18ebb311d8d230 : 2 : ittapi_config_apply_per_lib :  ITTAPI function instrumented: __itt_event_end
3387730 : 0x18ebb311d8d5ab : 2 : ittapi_config_apply_per_lib :  ITTAPI function NOT instrumented (not matched by --itt-config option): __itt_sync_set_name

3387730 : 0x18ebb311d8d98b : 2 : ittapi_config_apply_per_lib :  ITTAPI function NOT instrumented (not matched by --itt-config option): __itt_notify_sync_name

3387730 : 0x18ebb311d8ee48 : 2 : ittapi_config_apply_per_lib :  ITTAPI function NOT instrumented (not matched by --itt-config option): __itt_notify_sync_prepare

3387730 : 0x18ebb311d8f27f : 2 : ittapi_config_apply_per_lib :  ITTAPI function NOT instrumented (not matched by --itt-config option): __itt_notify_sync_cancel

3387730 : 0x18ebb311d8f641 : 2 : ittapi_config_apply_per_lib :  ITTAPI function NOT instrumented (not matched by --itt-config option): __itt_notify_sync_acquired

3387730 : 0x18ebb311d8f9e0 : 2 : ittapi_config_apply_per_lib :  ITTAPI function NOT instrumented (not matched by --itt-config option): __itt_notify_sync_releasing

3387730 : 0x18ebb311d9017e : 2 : ittapi_config_apply_per_lib :  ITTAPI function not implemented: __itt_memory_read
3387730 : 0x18ebb311d908f0 : 2 : ittapi_config_apply_per_lib :  ITTAPI function not implemented: __itt_memory_write
3387730 : 0x18ebb311d90fec : 2 : ittapi_config_apply_per_lib :  ITTAPI function not implemented: __itt_memory_update
3387730 : 0x18ebb311d91763 : 2 : ittapi_config_apply_per_lib :  ITTAPI function not implemented: __itt_state_get
3387730 : 0x18ebb311d91e35 : 2 : ittapi_config_apply_per_lib :  ITTAPI function not implemented: __itt_state_set
3387730 : 0x18ebb311d925d3 : 2 : ittapi_config_apply_per_lib :  ITTAPI function not implemented: __itt_obj_mode_set
3387730 : 0x18ebb311d93882 : 2 : ittapi_config_apply_per_lib :  ITTAPI function not implemented: __itt_thr_mode_set
3387730 : 0x18ebb311d93f25 : 2 : ittapi_config_apply_per_lib :  ITTAPI function instrumented: __itt_frame_create
3387730 : 0x18ebb311d9456c : 2 : ittapi_config_apply_per_lib :  ITTAPI function instrumented: __itt_pt_region_create
3387730 : 0x18ebb311d94c61 : 2 : ittapi_config_apply_per_lib :  ITTAPI function instrumented: __itt_frame_begin
3387730 : 0x18ebb311d95306 : 2 : ittapi_config_apply_per_lib :  ITTAPI function instrumented: __itt_frame_end
3387730 : 0x18ebb311d95ac5 : 2 : ittapi_config_apply_per_lib :  ITTAPI function not implemented: __itt_counter_destroy
3387730 : 0x18ebb311d961c8 : 2 : ittapi_config_apply_per_lib :  ITTAPI function instrumented: __itt_counter_inc
3387730 : 0x18ebb311d9685d : 2 : ittapi_config_apply_per_lib :  ITTAPI function instrumented: __itt_counter_inc_delta
3387730 : 0x18ebb311d96ed1 : 2 : ittapi_config_apply_per_lib :  ITTAPI function instrumented: __itt_counter_dec
3387730 : 0x18ebb311d975d2 : 2 : ittapi_config_apply_per_lib :  ITTAPI function instrumented: __itt_counter_dec_delta
3387730 : 0x18ebb311d98889 : 2 : ittapi_config_apply_per_lib :  ITTAPI function instrumented: __itt_counter_set_value
3387730 : 0x18ebb311d98ff3 : 2 : ittapi_config_apply_per_lib :  ITTAPI function not implemented: __itt_counter_set_value_ex
3387730 : 0x18ebb311d9968e : 2 : ittapi_config_apply_per_lib :  ITTAPI function not implemented: __itt_mark_create
3387730 : 0x18ebb311d99e72 : 2 : ittapi_config_apply_per_lib :  ITTAPI function not implemented: __itt_mark
3387730 : 0x18ebb311d9a677 : 2 : ittapi_config_apply_per_lib :  ITTAPI function not implemented: __itt_mark_off
3387730 : 0x18ebb311d9adea : 2 : ittapi_config_apply_per_lib :  ITTAPI function not implemented: __itt_mark_global
3387730 : 0x18ebb311d9b510 : 2 : ittapi_config_apply_per_lib :  ITTAPI function not implemented: __itt_mark_global_off
3387730 : 0x18ebb311d9bc72 : 2 : ittapi_config_apply_per_lib :  ITTAPI function instrumented: __itt_stack_caller_create
3387730 : 0x18ebb311d9c36e : 2 : ittapi_config_apply_per_lib :  ITTAPI function instrumented: __itt_stack_caller_destroy
3387730 : 0x18ebb311d9ca4b : 2 : ittapi_config_apply_per_lib :  ITTAPI function instrumented: __itt_stack_callee_enter
3387730 : 0x18ebb311d9e1fc : 2 : ittapi_config_apply_per_lib :  ITTAPI function instrumented: __itt_stack_callee_leave
3387730 : 0x18ebb311d9e949 : 2 : ittapi_config_apply_per_lib :  ITTAPI function not implemented: __itt_clock_domain_create
3387730 : 0x18ebb311d9f0e2 : 2 : ittapi_config_apply_per_lib :  ITTAPI function not implemented: __itt_clock_domain_reset
3387730 : 0x18ebb311d9f7ea : 2 : ittapi_config_apply_per_lib :  ITTAPI function not implemented: __itt_id_create_ex
3387730 : 0x18ebb311d9feea : 2 : ittapi_config_apply_per_lib :  ITTAPI function not implemented: __itt_id_destroy_ex
3387730 : 0x18ebb311da064c : 2 : ittapi_config_apply_per_lib :  ITTAPI function not implemented: __itt_task_begin_ex
3387730 : 0x18ebb311da0dc9 : 2 : ittapi_config_apply_per_lib :  ITTAPI function not implemented: __itt_task_begin_fn_ex
3387730 : 0x18ebb311da151e : 2 : ittapi_config_apply_per_lib :  ITTAPI function not implemented: __itt_task_end_ex
3387730 : 0x18ebb311da1c43 : 2 : ittapi_config_apply_per_lib :  ITTAPI function instrumented: __itt_task_begin_overlapped
3387730 : 0x18ebb311da2358 : 2 : ittapi_config_apply_per_lib :  ITTAPI function not implemented: __itt_task_begin_overlapped_ex
3387730 : 0x18ebb311da3830 : 2 : ittapi_config_apply_per_lib :  ITTAPI function instrumented: __itt_task_end_overlapped
3387730 : 0x18ebb311da3fb6 : 2 : ittapi_config_apply_per_lib :  ITTAPI function not implemented: __itt_task_end_overlapped_ex
3387730 : 0x18ebb311da46df : 2 : ittapi_config_apply_per_lib :  ITTAPI function not implemented: __itt_marker_ex
3387730 : 0x18ebb311da4e66 : 2 : ittapi_config_apply_per_lib :  ITTAPI function not implemented: __itt_metadata_add_with_scope
3387730 : 0x18ebb311da562e : 2 : ittapi_config_apply_per_lib :  ITTAPI function not implemented: __itt_metadata_str_add_with_scope
3387730 : 0x18ebb311da5d8b : 2 : ittapi_config_apply_per_lib :  ITTAPI function not implemented: __itt_relation_add_to_current_ex
3387730 : 0x18ebb311da649d : 2 : ittapi_config_apply_per_lib :  ITTAPI function not implemented: __itt_relation_add_ex
3387730 : 0x18ebb311da6bb4 : 2 : ittapi_config_apply_per_lib :  ITTAPI function not implemented: __itt_track_group_create
3387730 : 0x18ebb311da7203 : 2 : ittapi_config_apply_per_lib :  ITTAPI function not implemented: __itt_track_create
3387730 : 0x18ebb311da7908 : 2 : ittapi_config_apply_per_lib :  ITTAPI function not implemented: __itt_set_track
3387730 : 0x18ebb311da8aa8 : 2 : ittapi_config_apply_per_lib :  ITTAPI function instrumented: __itt_api_version
3387730 : 0x18ebb311da9273 : 2 : ittapi_config_apply_per_lib :  ITTAPI function not implemented: __itt_av_save
3387730 : 0x18ebb311da999b : 2 : ittapi_config_apply_per_lib :  ITTAPI function instrumented: __itt_module_load
3387730 : 0x18ebb311daa112 : 2 : ittapi_config_apply_per_lib :  ITTAPI function not implemented: __itt_module_unload
3387730 : 0x18ebb311daa4be : 2 : ittapi_config_apply_per_lib :  ITTAPI function NOT instrumented (not matched by --itt-config option): __itt_histogram_submit

3387730 : 0x18ebb311daac4b : 2 : ittapi_config_apply_per_lib :  ITTAPI function not implemented: __itt_counter_set_value_v3
3387730 : 0x18ebb311df3afc : 2 : ittapi_config_mask_get :  --itt-config mask to be applied: 55
3387730 : 0x18ebb311df46b0 : 2 : ittapi_config_apply_per_lib :  ITTAPI function instrumented: __itt_domain_create
3387730 : 0x18ebb311df4ef6 : 2 : ittapi_config_apply_per_lib :  ITTAPI function instrumented: __itt_module_load_with_sections
3387730 : 0x18ebb311df57cb : 2 : ittapi_config_apply_per_lib :  ITTAPI function not implemented: __itt_module_unload_with_sections
3387730 : 0x18ebb311df7b21 : 2 : ittapi_config_apply_per_lib :  ITTAPI function instrumented: __itt_string_handle_create
3387730 : 0x18ebb311df821a : 2 : ittapi_config_apply_per_lib :  ITTAPI function instrumented: __itt_counter_create
3387730 : 0x18ebb311df88de : 2 : ittapi_config_apply_per_lib :  ITTAPI function instrumented: __itt_counter_create_typed
3387730 : 0x18ebb311df9066 : 2 : ittapi_config_apply_per_lib :  ITTAPI function instrumented: __itt_pause
3387730 : 0x18ebb311df979a : 2 : ittapi_config_apply_per_lib :  ITTAPI function instrumented: __itt_resume
3387730 : 0x18ebb311dfa06b : 2 : ittapi_config_apply_per_lib :  ITTAPI function not implemented: __itt_pause_scoped
3387730 : 0x18ebb311dfa857 : 2 : ittapi_config_apply_per_lib :  ITTAPI function not implemented: __itt_resume_scoped
3387730 : 0x18ebb311dfaf77 : 2 : ittapi_config_apply_per_lib :  ITTAPI function instrumented: __itt_thread_set_name
3387730 : 0x18ebb311dfb5eb : 2 : ittapi_config_apply_per_lib :  ITTAPI function instrumented: __itt_thread_ignore
3387730 : 0x18ebb311dfbd09 : 2 : ittapi_config_apply_per_lib :  ITTAPI function instrumented: __itt_thr_name_set
3387730 : 0x18ebb311dfd07c : 2 : ittapi_config_apply_per_lib :  ITTAPI function instrumented: __itt_thr_ignore
3387730 : 0x18ebb311dfd71f : 2 : ittapi_config_apply_per_lib :  ITTAPI function instrumented: __itt_histogram_create
3387730 : 0x18ebb311dfde4a : 2 : ittapi_config_apply_per_lib :  ITTAPI function not implemented: __itt_counter_create_v3
3387730 : 0x18ebb311dfe621 : 2 : ittapi_config_apply_per_lib :  ITTAPI function not implemented: __itt_bind_context_metadata_to_counter
3387730 : 0x18ebb311dfee02 : 2 : ittapi_config_apply_per_lib :  ITTAPI function not implemented: __itt_enable_attach
3387730 : 0x18ebb311dff55f : 2 : ittapi_config_apply_per_lib :  ITTAPI function instrumented: __itt_detach
3387730 : 0x18ebb311dff928 : 2 : ittapi_config_apply_per_lib :  ITTAPI function NOT instrumented (not matched by --itt-config option): __itt_sync_create

3387730 : 0x18ebb311dffd43 : 2 : ittapi_config_apply_per_lib :  ITTAPI function NOT instrumented (not matched by --itt-config option): __itt_sync_rename

3387730 : 0x18ebb311e000f7 : 2 : ittapi_config_apply_per_lib :  ITTAPI function NOT instrumented (not matched by --itt-config option): __itt_sync_destroy

3387730 : 0x18ebb311e004c3 : 2 : ittapi_config_apply_per_lib :  ITTAPI function NOT instrumented (not matched by --itt-config option): __itt_sync_prepare

3387730 : 0x18ebb311e0133f : 2 : ittapi_config_apply_per_lib :  ITTAPI function NOT instrumented (not matched by --itt-config option): __itt_sync_cancel

3387730 : 0x18ebb311e01707 : 2 : ittapi_config_apply_per_lib :  ITTAPI function NOT instrumented (not matched by --itt-config option): __itt_sync_acquired

3387730 : 0x18ebb311e01a89 : 2 : ittapi_config_apply_per_lib :  ITTAPI function NOT instrumented (not matched by --itt-config option): __itt_sync_releasing

3387730 : 0x18ebb311e022ee : 2 : ittapi_config_apply_per_lib :  ITTAPI function not implemented: __itt_suppress_push
3387730 : 0x18ebb311e02b56 : 2 : ittapi_config_apply_per_lib :  ITTAPI function not implemented: __itt_suppress_pop
3387730 : 0x18ebb311e03312 : 2 : ittapi_config_apply_per_lib :  ITTAPI function not implemented: __itt_suppress_mark_range
3387730 : 0x18ebb311e03b36 : 2 : ittapi_config_apply_per_lib :  ITTAPI function not implemented: __itt_suppress_clear_range
3387730 : 0x18ebb311e03ef0 : 2 : ittapi_config_apply_per_lib :  ITTAPI function NOT instrumented (not matched by --itt-config option): __itt_sync_prepare

3387730 : 0x18ebb311e042b9 : 2 : ittapi_config_apply_per_lib :  ITTAPI function NOT instrumented (not matched by --itt-config option): __itt_sync_cancel

3387730 : 0x18ebb311e04632 : 2 : ittapi_config_apply_per_lib :  ITTAPI function NOT instrumented (not matched by --itt-config option): __itt_sync_acquired

3387730 : 0x18ebb311e05435 : 2 : ittapi_config_apply_per_lib :  ITTAPI function NOT instrumented (not matched by --itt-config option): __itt_sync_releasing

3387730 : 0x18ebb311e05834 : 2 : ittapi_config_apply_per_lib :  ITTAPI function NOT instrumented (not matched by --itt-config option): __itt_model_site_begin

3387730 : 0x18ebb311e05c33 : 2 : ittapi_config_apply_per_lib :  ITTAPI function NOT instrumented (not matched by --itt-config option): __itt_model_site_end

3387730 : 0x18ebb311e06056 : 2 : ittapi_config_apply_per_lib :  ITTAPI function NOT instrumented (not matched by --itt-config option): __itt_model_task_begin

3387730 : 0x18ebb311e0641d : 2 : ittapi_config_apply_per_lib :  ITTAPI function NOT instrumented (not matched by --itt-config option): __itt_model_task_end

3387730 : 0x18ebb311e067ec : 2 : ittapi_config_apply_per_lib :  ITTAPI function NOT instrumented (not matched by --itt-config option): __itt_model_lock_acquire

3387730 : 0x18ebb311e06ba2 : 2 : ittapi_config_apply_per_lib :  ITTAPI function NOT instrumented (not matched by --itt-config option): __itt_model_lock_release

3387730 : 0x18ebb311e06f66 : 2 : ittapi_config_apply_per_lib :  ITTAPI function NOT instrumented (not matched by --itt-config option): __itt_model_record_allocation

3387730 : 0x18ebb311e072dd : 2 : ittapi_config_apply_per_lib :  ITTAPI function NOT instrumented (not matched by --itt-config option): __itt_model_record_deallocation

3387730 : 0x18ebb311e07636 : 2 : ittapi_config_apply_per_lib :  ITTAPI function NOT instrumented (not matched by --itt-config option): __itt_model_induction_uses

3387730 : 0x18ebb311e08a19 : 2 : ittapi_config_apply_per_lib :  ITTAPI function NOT instrumented (not matched by --itt-config option): __itt_model_reduction_uses

3387730 : 0x18ebb311e08e63 : 2 : ittapi_config_apply_per_lib :  ITTAPI function NOT instrumented (not matched by --itt-config option): __itt_model_observe_uses

3387730 : 0x18ebb311e09224 : 2 : ittapi_config_apply_per_lib :  ITTAPI function NOT instrumented (not matched by --itt-config option): __itt_model_clear_uses

3387730 : 0x18ebb311e095bf : 2 : ittapi_config_apply_per_lib :  ITTAPI function NOT instrumented (not matched by --itt-config option): __itt_model_site_beginA

3387730 : 0x18ebb311e09971 : 2 : ittapi_config_apply_per_lib :  ITTAPI function NOT instrumented (not matched by --itt-config option): __itt_model_site_beginAL

3387730 : 0x18ebb311e09d45 : 2 : ittapi_config_apply_per_lib :  ITTAPI function NOT instrumented (not matched by --itt-config option): __itt_model_task_beginA

3387730 : 0x18ebb311e0a0c5 : 2 : ittapi_config_apply_per_lib :  ITTAPI function NOT instrumented (not matched by --itt-config option): __itt_model_task_beginAL

3387730 : 0x18ebb311e0a453 : 2 : ittapi_config_apply_per_lib :  ITTAPI function NOT instrumented (not matched by --itt-config option): __itt_model_iteration_taskA

3387730 : 0x18ebb311e0a82e : 2 : ittapi_config_apply_per_lib :  ITTAPI function NOT instrumented (not matched by --itt-config option): __itt_model_iteration_taskAL

3387730 : 0x18ebb311e0abfe : 2 : ittapi_config_apply_per_lib :  ITTAPI function NOT instrumented (not matched by --itt-config option): __itt_model_site_end_2

3387730 : 0x18ebb311e0ba2b : 2 : ittapi_config_apply_per_lib :  ITTAPI function NOT instrumented (not matched by --itt-config option): __itt_model_task_end_2

3387730 : 0x18ebb311e0bdfc : 2 : ittapi_config_apply_per_lib :  ITTAPI function NOT instrumented (not matched by --itt-config option): __itt_model_lock_acquire_2

3387730 : 0x18ebb311e0c1c8 : 2 : ittapi_config_apply_per_lib :  ITTAPI function NOT instrumented (not matched by --itt-config option): __itt_model_lock_release_2

3387730 : 0x18ebb311e0c585 : 2 : ittapi_config_apply_per_lib :  ITTAPI function NOT instrumented (not matched by --itt-config option): __itt_model_aggregate_task

3387730 : 0x18ebb311e0c92b : 2 : ittapi_config_apply_per_lib :  ITTAPI function NOT instrumented (not matched by --itt-config option): __itt_model_disable_push

3387730 : 0x18ebb311e0ccd4 : 2 : ittapi_config_apply_per_lib :  ITTAPI function NOT instrumented (not matched by --itt-config option): __itt_model_disable_pop

3387730 : 0x18ebb311e0d3b1 : 2 : ittapi_config_apply_per_lib :  ITTAPI function instrumented: __itt_heap_function_create
3387730 : 0x18ebb311e0dae7 : 2 : ittapi_config_apply_per_lib :  ITTAPI function instrumented: __itt_heap_allocate_begin
3387730 : 0x18ebb311e0e1e9 : 2 : ittapi_config_apply_per_lib :  ITTAPI function instrumented: __itt_heap_allocate_end
3387730 : 0x18ebb311e0e8e1 : 2 : ittapi_config_apply_per_lib :  ITTAPI function instrumented: __itt_heap_free_begin
3387730 : 0x18ebb311e0ffd9 : 2 : ittapi_config_apply_per_lib :  ITTAPI function instrumented: __itt_heap_free_end
3387730 : 0x18ebb311e1068f : 2 : ittapi_config_apply_per_lib :  ITTAPI function instrumented: __itt_heap_reallocate_begin
3387730 : 0x18ebb311e10d32 : 2 : ittapi_config_apply_per_lib :  ITTAPI function instrumented: __itt_heap_reallocate_end
3387730 : 0x18ebb311e1151b : 2 : ittapi_config_apply_per_lib :  ITTAPI function not implemented: __itt_heap_internal_access_begin
3387730 : 0x18ebb311e11cc3 : 2 : ittapi_config_apply_per_lib :  ITTAPI function not implemented: __itt_heap_internal_access_end
3387730 : 0x18ebb311e124a5 : 2 : ittapi_config_apply_per_lib :  ITTAPI function not implemented: __itt_heap_record_memory_growth_begin
3387730 : 0x18ebb311e12c6b : 2 : ittapi_config_apply_per_lib :  ITTAPI function not implemented: __itt_heap_record_memory_growth_end
3387730 : 0x18ebb311e133a7 : 2 : ittapi_config_apply_per_lib :  ITTAPI function not implemented: __itt_heap_reset_detection
3387730 : 0x18ebb311e13b85 : 2 : ittapi_config_apply_per_lib :  ITTAPI function not implemented: __itt_heap_record
3387730 : 0x18ebb311e142b5 : 2 : ittapi_config_apply_per_lib :  ITTAPI function not implemented: __itt_id_create
3387730 : 0x18ebb311e1555d : 2 : ittapi_config_apply_per_lib :  ITTAPI function not implemented: __itt_id_destroy
3387730 : 0x18ebb311e15d1d : 2 : ittapi_config_apply_per_lib :  ITTAPI function instrumented: __itt_get_timestamp
3387730 : 0x18ebb311e16472 : 2 : ittapi_config_apply_per_lib :  ITTAPI function not implemented: __itt_region_begin
3387730 : 0x18ebb311e16c53 : 2 : ittapi_config_apply_per_lib :  ITTAPI function not implemented: __itt_region_end
3387730 : 0x18ebb311e17381 : 2 : ittapi_config_apply_per_lib :  ITTAPI function instrumented: __itt_frame_begin_v3
3387730 : 0x18ebb311e17b29 : 2 : ittapi_config_apply_per_lib :  ITTAPI function instrumented: __itt_frame_end_v3
3387730 : 0x18ebb311e1825b : 2 : ittapi_config_apply_per_lib :  ITTAPI function instrumented: __itt_frame_submit_v3
3387730 : 0x18ebb311e18a6f : 2 : ittapi_config_apply_per_lib :  ITTAPI function not implemented: __itt_task_group
3387730 : 0x18ebb311e19179 : 2 : ittapi_config_apply_per_lib :  ITTAPI function instrumented: __itt_task_begin
3387730 : 0x18ebb311e19893 : 2 : ittapi_config_apply_per_lib :  ITTAPI function instrumented: __itt_task_begin_fn
3387730 : 0x18ebb311e1aa46 : 2 : ittapi_config_apply_per_lib :  ITTAPI function instrumented: __itt_task_end
3387730 : 0x18ebb311e1b255 : 2 : ittapi_config_apply_per_lib :  ITTAPI function not implemented: __itt_counter_inc_v3
3387730 : 0x18ebb311e1ba25 : 2 : ittapi_config_apply_per_lib :  ITTAPI function not implemented: __itt_counter_inc_delta_v3
3387730 : 0x18ebb311e1c16f : 2 : ittapi_config_apply_per_lib :  ITTAPI function not implemented: __itt_counter_dec_v3
3387730 : 0x18ebb311e1c8b0 : 2 : ittapi_config_apply_per_lib :  ITTAPI function not implemented: __itt_counter_dec_delta_v3
3387730 : 0x18ebb311e1cffb : 2 : ittapi_config_apply_per_lib :  ITTAPI function not implemented: __itt_marker
3387730 : 0x18ebb311e1d716 : 2 : ittapi_config_apply_per_lib :  ITTAPI function instrumented: __itt_metadata_add
3387730 : 0x18ebb311e1ded5 : 2 : ittapi_config_apply_per_lib :  ITTAPI function not implemented: __itt_metadata_str_add
3387730 : 0x18ebb311e1e60e : 2 : ittapi_config_apply_per_lib :  ITTAPI function not implemented: __itt_relation_add_to_current
3387730 : 0x18ebb311e1ede1 : 2 : ittapi_config_apply_per_lib :  ITTAPI function not implemented: __itt_relation_add
3387730 : 0x18ebb311e1ff0c : 2 : ittapi_config_apply_per_lib :  ITTAPI function instrumented: __itt_event_create
3387730 : 0x18ebb311e20645 : 2 : ittapi_config_apply_per_lib :  ITTAPI function instrumented: __itt_event_start
3387730 : 0x18ebb311e20d1e : 2 : ittapi_config_apply_per_lib :  ITTAPI function instrumented: __itt_event_end
3387730 : 0x18ebb311e210b0 : 2 : ittapi_config_apply_per_lib :  ITTAPI function NOT instrumented (not matched by --itt-config option): __itt_sync_set_name

3387730 : 0x18ebb311e21488 : 2 : ittapi_config_apply_per_lib :  ITTAPI function NOT instrumented (not matched by --itt-config option): __itt_notify_sync_name

3387730 : 0x18ebb311e2181c : 2 : ittapi_config_apply_per_lib :  ITTAPI function NOT instrumented (not matched by --itt-config option): __itt_notify_sync_prepare

3387730 : 0x18ebb311e21bfb : 2 : ittapi_config_apply_per_lib :  ITTAPI function NOT instrumented (not matched by --itt-config option): __itt_notify_sync_cancel

3387730 : 0x18ebb311e21fa6 : 2 : ittapi_config_apply_per_lib :  ITTAPI function NOT instrumented (not matched by --itt-config option): __itt_notify_sync_acquired

3387730 : 0x18ebb311e22307 : 2 : ittapi_config_apply_per_lib :  ITTAPI function NOT instrumented (not matched by --itt-config option): __itt_notify_sync_releasing

3387730 : 0x18ebb311e22a41 : 2 : ittapi_config_apply_per_lib :  ITTAPI function not implemented: __itt_memory_read
3387730 : 0x18ebb311e241d2 : 2 : ittapi_config_apply_per_lib :  ITTAPI function not implemented: __itt_memory_write
3387730 : 0x18ebb311e24937 : 2 : ittapi_config_apply_per_lib :  ITTAPI function not implemented: __itt_memory_update
3387730 : 0x18ebb311e250c5 : 2 : ittapi_config_apply_per_lib :  ITTAPI function not implemented: __itt_state_get
3387730 : 0x18ebb311e257d6 : 2 : ittapi_config_apply_per_lib :  ITTAPI function not implemented: __itt_state_set
3387730 : 0x18ebb311e25f71 : 2 : ittapi_config_apply_per_lib :  ITTAPI function not implemented: __itt_obj_mode_set
3387730 : 0x18ebb311e2671c : 2 : ittapi_config_apply_per_lib :  ITTAPI function not implemented: __itt_thr_mode_set
3387730 : 0x18ebb311e26dac : 2 : ittapi_config_apply_per_lib :  ITTAPI function instrumented: __itt_frame_create
3387730 : 0x18ebb311e27452 : 2 : ittapi_config_apply_per_lib :  ITTAPI function instrumented: __itt_pt_region_create
3387730 : 0x18ebb311e27b4c : 2 : ittapi_config_apply_per_lib :  ITTAPI function instrumented: __itt_frame_begin
3387730 : 0x18ebb311e28206 : 2 : ittapi_config_apply_per_lib :  ITTAPI function instrumented: __itt_frame_end
3387730 : 0x18ebb311e2943e : 2 : ittapi_config_apply_per_lib :  ITTAPI function not implemented: __itt_counter_destroy
3387730 : 0x18ebb311e29bbf : 2 : ittapi_config_apply_per_lib :  ITTAPI function instrumented: __itt_counter_inc
3387730 : 0x18ebb311e2a296 : 2 : ittapi_config_apply_per_lib :  ITTAPI function instrumented: __itt_counter_inc_delta
3387730 : 0x18ebb311e2a972 : 2 : ittapi_config_apply_per_lib :  ITTAPI function instrumented: __itt_counter_dec
3387730 : 0x18ebb311e2b09f : 2 : ittapi_config_apply_per_lib :  ITTAPI function instrumented: __itt_counter_dec_delta
3387730 : 0x18ebb311e2b75f : 2 : ittapi_config_apply_per_lib :  ITTAPI function instrumented: __itt_counter_set_value
3387730 : 0x18ebb311e2be9a : 2 : ittapi_config_apply_per_lib :  ITTAPI function not implemented: __itt_counter_set_value_ex
3387730 : 0x18ebb311e2c57c : 2 : ittapi_config_apply_per_lib :  ITTAPI function not implemented: __itt_mark_create
3387730 : 0x18ebb311e2cd3d : 2 : ittapi_config_apply_per_lib :  ITTAPI function not implemented: __itt_mark
3387730 : 0x18ebb311e2d4d4 : 2 : ittapi_config_apply_per_lib :  ITTAPI function not implemented: __itt_mark_off
3387730 : 0x18ebb311e2e6fd : 2 : ittapi_config_apply_per_lib :  ITTAPI function not implemented: __itt_mark_global
3387730 : 0x18ebb311e2ee74 : 2 : ittapi_config_apply_per_lib :  ITTAPI function not implemented: __itt_mark_global_off
3387730 : 0x18ebb311e2f638 : 2 : ittapi_config_apply_per_lib :  ITTAPI function instrumented: __itt_stack_caller_create
3387730 : 0x18ebb311e2fd3e : 2 : ittapi_config_apply_per_lib :  ITTAPI function instrumented: __itt_stack_caller_destroy
3387730 : 0x18ebb311e3043e : 2 : ittapi_config_apply_per_lib :  ITTAPI function instrumented: __itt_stack_callee_enter
3387730 : 0x18ebb311e30b65 : 2 : ittapi_config_apply_per_lib :  ITTAPI function instrumented: __itt_stack_callee_leave
3387730 : 0x18ebb311e312cb : 2 : ittapi_config_apply_per_lib :  ITTAPI function not implemented: __itt_clock_domain_create
3387730 : 0x18ebb311e31a8d : 2 : ittapi_config_apply_per_lib :  ITTAPI function not implemented: __itt_clock_domain_reset
3387730 : 0x18ebb311e32218 : 2 : ittapi_config_apply_per_lib :  ITTAPI function not implemented: __itt_id_create_ex
3387730 : 0x18ebb311e32958 : 2 : ittapi_config_apply_per_lib :  ITTAPI function not implemented: __itt_id_destroy_ex
3387730 : 0x18ebb311e34212 : 2 : ittapi_config_apply_per_lib :  ITTAPI function not implemented: __itt_task_begin_ex
3387730 : 0x18ebb311e34aba : 2 : ittapi_config_apply_per_lib :  ITTAPI function not implemented: __itt_task_begin_fn_ex
3387730 : 0x18ebb311e3524b : 2 : ittapi_config_apply_per_lib :  ITTAPI function not implemented: __itt_task_end_ex
3387730 : 0x18ebb311e35936 : 2 : ittapi_config_apply_per_lib :  ITTAPI function instrumented: __itt_task_begin_overlapped
3387730 : 0x18ebb311e3607a : 2 : ittapi_config_apply_per_lib :  ITTAPI function not implemented: __itt_task_begin_overlapped_ex
3387730 : 0x18ebb311e3677f : 2 : ittapi_config_apply_per_lib :  ITTAPI function instrumented: __itt_task_end_overlapped
3387730 : 0x18ebb311e36f3b : 2 : ittapi_config_apply_per_lib :  ITTAPI function not implemented: __itt_task_end_overlapped_ex
3387730 : 0x18ebb311e37681 : 2 : ittapi_config_apply_per_lib :  ITTAPI function not implemented: __itt_marker_ex
3387730 : 0x18ebb311e37dc5 : 2 : ittapi_config_apply_per_lib :  ITTAPI function not implemented: __itt_metadata_add_with_scope
3387730 : 0x18ebb311e3859c : 2 : ittapi_config_apply_per_lib :  ITTAPI function not implemented: __itt_metadata_str_add_with_scope
3387730 : 0x18ebb311e3981b : 2 : ittapi_config_apply_per_lib :  ITTAPI function not implemented: __itt_relation_add_to_current_ex
3387730 : 0x18ebb311e39fa1 : 2 : ittapi_config_apply_per_lib :  ITTAPI function not implemented: __itt_relation_add_ex
3387730 : 0x18ebb311e3a6b3 : 2 : ittapi_config_apply_per_lib :  ITTAPI function not implemented: __itt_track_group_create
3387730 : 0x18ebb311e3ad3a : 2 : ittapi_config_apply_per_lib :  ITTAPI function not implemented: __itt_track_create
3387730 : 0x18ebb311e3b4e2 : 2 : ittapi_config_apply_per_lib :  ITTAPI function not implemented: __itt_set_track
3387730 : 0x18ebb311e3bbc5 : 2 : ittapi_config_apply_per_lib :  ITTAPI function instrumented: __itt_api_version
3387730 : 0x18ebb311e3c2f9 : 2 : ittapi_config_apply_per_lib :  ITTAPI function not implemented: __itt_av_save
3387730 : 0x18ebb311e3c9b0 : 2 : ittapi_config_apply_per_lib :  ITTAPI function instrumented: __itt_module_load
3387730 : 0x18ebb311e3d0ff : 2 : ittapi_config_apply_per_lib :  ITTAPI function not implemented: __itt_module_unload
3387730 : 0x18ebb311e3d4c1 : 2 : ittapi_config_apply_per_lib :  ITTAPI function NOT instrumented (not matched by --itt-config option): __itt_histogram_submit

3387730 : 0x18ebb311e3e758 : 2 : ittapi_config_apply_per_lib :  ITTAPI function not implemented: __itt_counter_set_value_v3