10 [23299610800192] INFO perfrun.launcher <> - Launcher main begin
12 [23299610800192] INFO perfrun.launcher <> - MessageCatalogInit finished
12 [23299610800192] INFO perfrun.launcher <> - Launcher instance created
12 [23299610800192] INFO perfrun.launcher <> - argc = 6; cmdline = /apps/all/VTune/2022.2.0-intel-2021b/vtune/2022.2.0/bin64/amplxe-runss -dump-vdso -r /tmp/amplxe-tmp-xbahou00/amplxe-res-3387940-18195429012481590 --tmp-dir /tmp/amplxe-tmp-xbahou00 
65 [23299610800192] INFO perfrun.launcher <> - create msngr2::ICliToolContext
65 [23299610800192] INFO perfrun.launcher <> - create file finder object
68 [23299480897280] INFO perfrun.launcher <> - plugin [remoteplug] was disabled because it doesn't support the given collection type.
68 [23299480897280] INFO perfrun.launcher <> - plugin [system] was disabled because it doesn't support the given collection type.
68 [23299480897280] INFO perfrun.vdso <> - dumping [vdso] pseudomodule
68 [23299480897280] INFO perfrun.launcher <> - plugin [itt] was disabled because it doesn't support the given collection type.
68 [23299480897280] INFO perfrun.launcher <> - plugin [ptracecollector] was disabled because it doesn't support the given collection type.
68 [23299480897280] INFO perfrun.launcher <> - plugin [gpu] was disabled because it doesn't support the given collection type.
68 [23299480897280] INFO perfrun.launcher <> - plugin [] was disabled because it doesn't support the given collection type.
68 [23299480897280] INFO perfrun.launcher <> - plugin [] was disabled because it doesn't support the given collection type.
68 [23299480897280] INFO perfrun.launcher <> - plugin [] was disabled because it doesn't support the given collection type.
68 [23299480897280] INFO perfrun.launcher <> - plugin [mrte] was disabled because it doesn't support the given collection type.
68 [23299480897280] INFO perfrun.launcher <> - plugin [emon] was disabled because it doesn't support the given collection type.
68 [23299480897280] INFO perfrun.launcher <> - plugin [cuscol] was disabled because it doesn't support the given collection type.
68 [23299480897280] INFO perfrun.launcher <> - plugin [stdsrc] was disabled because it doesn't support the given collection type.
68 [23299480897280] INFO perfrun.launcher <> - plugin [sep] was disabled because it doesn't support the given collection type.
68 [23299480897280] INFO perfrun.launcher <> - plugin [vtsspp] was disabled because it doesn't support the given collection type.
68 [23299480897280] INFO perfrun.launcher <> - plugin [perf] was disabled because it doesn't support the given collection type.
68 [23299480897280] INFO perfrun.launcher <> - plugin [aoclprofile] was disabled because it doesn't support the given collection type.
68 [23299480897280] INFO perfrun.launcher <> - plugin [tpss] was disabled because it doesn't support the given collection type.
68 [23299480897280] INFO perfrun.launcher <> - plugin [media] was disabled because it doesn't support the given collection type.
68 [23299480897280] INFO perfrun.launcher <> - plugin [] was disabled because it doesn't support the given collection type.
68 [23299480897280] INFO perfrun.launcher <> - plugin [] was disabled because it doesn't support the given collection type.
68 [23299480897280] INFO perfrun.launcher <> - plugin [parallelfs] was disabled because it doesn't support the given collection type.
68 [23299480897280] INFO perfrun.launcher <> - plugin [power] was disabled because it doesn't support the given collection type.
68 [23299480897280] INFO perfrun.launcher <> - plugin [hwloc] was disabled because it doesn't support the given collection type.
68 [23299480897280] INFO perfrun.launcher <> - plugin [ipmwatch] was disabled because it doesn't support the given collection type.
68 [23299480897280] INFO perfrun.launcher <> - plugin [os_counters] was disabled because it doesn't support the given collection type.
68 [23299480897280] INFO perfrun.launcher <> - plugin [l0_metrics] was disabled because it doesn't support the given collection type.
68 [23299610800192] INFO perfrun.launcher <> - Application exit code: 0
68 [23299610800192] INFO perfrun.launcher <> - Exit code: 0
