
3387856 : 0x18ebb6897bbcd0 : 1 : spill_jit_data :  Jit agent is not initialized
3387840 : 0x18ebb6897be270 : 2 : ittapi_config_mask_get :  --itt-config mask to be applied: 55
3387840 : 0x18ebb6897bfcb3 : 2 : ittapi_config_apply_per_lib :  ITTAPI function instrumented: __itt_domain_create
3387840 : 0x18ebb6897c073b : 2 : ittapi_config_apply_per_lib :  ITTAPI function instrumented: __itt_module_load_with_sections
3387840 : 0x18ebb6897c132a : 2 : ittapi_config_apply_per_lib :  ITTAPI function not implemented: __itt_module_unload_with_sections
3387840 : 0x18ebb6897c1b2f : 2 : ittapi_config_apply_per_lib :  ITTAPI function instrumented: __itt_string_handle_create
3387840 : 0x18ebb6897c2204 : 2 : ittapi_config_apply_per_lib :  ITTAPI function instrumented: __itt_counter_create
3387840 : 0x18ebb6897c28c7 : 2 : ittapi_config_apply_per_lib :  ITTAPI function instrumented: __itt_counter_create_typed
3387840 : 0x18ebb6897c3009 : 2 : ittapi_config_apply_per_lib :  ITTAPI function instrumented: __itt_pause
3387840 : 0x18ebb6897c37d1 : 2 : ittapi_config_apply_per_lib :  ITTAPI function instrumented: __itt_resume
3387840 : 0x18ebb6897c80f9 : 2 : ittapi_config_apply_per_lib :  ITTAPI function not implemented: __itt_pause_scoped
3387840 : 0x18ebb6897c8aff : 2 : ittapi_config_apply_per_lib :  ITTAPI function not implemented: __itt_resume_scoped
3387840 : 0x18ebb6897c91ab : 2 : ittapi_config_apply_per_lib :  ITTAPI function instrumented: __itt_thread_set_name
3387840 : 0x18ebb6897c9881 : 2 : ittapi_config_apply_per_lib :  ITTAPI function instrumented: __itt_thread_ignore
3387840 : 0x18ebb6897c9f84 : 2 : ittapi_config_apply_per_lib :  ITTAPI function instrumented: __itt_thr_name_set
3387840 : 0x18ebb6897ca6f8 : 2 : ittapi_config_apply_per_lib :  ITTAPI function instrumented: __itt_thr_ignore
3387840 : 0x18ebb6897cada3 : 2 : ittapi_config_apply_per_lib :  ITTAPI function instrumented: __itt_histogram_create
3387840 : 0x18ebb6897cb4ff : 2 : ittapi_config_apply_per_lib :  ITTAPI function not implemented: __itt_counter_create_v3
3387840 : 0x18ebb6897cbc77 : 2 : ittapi_config_apply_per_lib :  ITTAPI function not implemented: __itt_bind_context_metadata_to_counter
3387840 : 0x18ebb6897cc4ba : 2 : ittapi_config_apply_per_lib :  ITTAPI function not implemented: __itt_enable_attach
3387840 : 0x18ebb6897cdb27 : 2 : ittapi_config_apply_per_lib :  ITTAPI function instrumented: __itt_detach
3387840 : 0x18ebb6897cdf97 : 2 : ittapi_config_apply_per_lib :  ITTAPI function NOT instrumented (not matched by --itt-config option): __itt_sync_create

3387840 : 0x18ebb6897ce431 : 2 : ittapi_config_apply_per_lib :  ITTAPI function NOT instrumented (not matched by --itt-config option): __itt_sync_rename

3387840 : 0x18ebb6897ce83d : 2 : ittapi_config_apply_per_lib :  ITTAPI function NOT instrumented (not matched by --itt-config option): __itt_sync_destroy

3387840 : 0x18ebb6897cec2b : 2 : ittapi_config_apply_per_lib :  ITTAPI function NOT instrumented (not matched by --itt-config option): __itt_sync_prepare

3387840 : 0x18ebb6897cefe6 : 2 : ittapi_config_apply_per_lib :  ITTAPI function NOT instrumented (not matched by --itt-config option): __itt_sync_cancel

3387840 : 0x18ebb6897cf39f : 2 : ittapi_config_apply_per_lib :  ITTAPI function NOT instrumented (not matched by --itt-config option): __itt_sync_acquired

3387840 : 0x18ebb6897cf73a : 2 : ittapi_config_apply_per_lib :  ITTAPI function NOT instrumented (not matched by --itt-config option): __itt_sync_releasing

3387840 : 0x18ebb6897cff0d : 2 : ittapi_config_apply_per_lib :  ITTAPI function not implemented: __itt_suppress_push
3387840 : 0x18ebb6897d076b : 2 : ittapi_config_apply_per_lib :  ITTAPI function not implemented: __itt_suppress_pop
3387840 : 0x18ebb6897d1aed : 2 : ittapi_config_apply_per_lib :  ITTAPI function not implemented: __itt_suppress_mark_range
3387840 : 0x18ebb6897d2373 : 2 : ittapi_config_apply_per_lib :  ITTAPI function not implemented: __itt_suppress_clear_range
3387840 : 0x18ebb6897d2727 : 2 : ittapi_config_apply_per_lib :  ITTAPI function NOT instrumented (not matched by --itt-config option): __itt_sync_prepare

3387840 : 0x18ebb6897d2adb : 2 : ittapi_config_apply_per_lib :  ITTAPI function NOT instrumented (not matched by --itt-config option): __itt_sync_cancel

3387840 : 0x18ebb6897d2e55 : 2 : ittapi_config_apply_per_lib :  ITTAPI function NOT instrumented (not matched by --itt-config option): __itt_sync_acquired

3387840 : 0x18ebb6897d31d5 : 2 : ittapi_config_apply_per_lib :  ITTAPI function NOT instrumented (not matched by --itt-config option): __itt_sync_releasing

3387840 : 0x18ebb6897d359a : 2 : ittapi_config_apply_per_lib :  ITTAPI function NOT instrumented (not matched by --itt-config option): __itt_model_site_begin

3387840 : 0x18ebb6897d3986 : 2 : ittapi_config_apply_per_lib :  ITTAPI function NOT instrumented (not matched by --itt-config option): __itt_model_site_end

3387840 : 0x18ebb6897d3dc7 : 2 : ittapi_config_apply_per_lib :  ITTAPI function NOT instrumented (not matched by --itt-config option): __itt_model_task_begin

3387840 : 0x18ebb6897d41c0 : 2 : ittapi_config_apply_per_lib :  ITTAPI function NOT instrumented (not matched by --itt-config option): __itt_model_task_end

3387840 : 0x18ebb6897d5bff : 2 : ittapi_config_apply_per_lib :  ITTAPI function NOT instrumented (not matched by --itt-config option): __itt_model_lock_acquire

3387840 : 0x18ebb6897d604c : 2 : ittapi_config_apply_per_lib :  ITTAPI function NOT instrumented (not matched by --itt-config option): __itt_model_lock_release

3387840 : 0x18ebb6897d641f : 2 : ittapi_config_apply_per_lib :  ITTAPI function NOT instrumented (not matched by --itt-config option): __itt_model_record_allocation

3387840 : 0x18ebb6897d67b9 : 2 : ittapi_config_apply_per_lib :  ITTAPI function NOT instrumented (not matched by --itt-config option): __itt_model_record_deallocation

3387840 : 0x18ebb6897d6b22 : 2 : ittapi_config_apply_per_lib :  ITTAPI function NOT instrumented (not matched by --itt-config option): __itt_model_induction_uses

3387840 : 0x18ebb6897d6f24 : 2 : ittapi_config_apply_per_lib :  ITTAPI function NOT instrumented (not matched by --itt-config option): __itt_model_reduction_uses

3387840 : 0x18ebb6897d7315 : 2 : ittapi_config_apply_per_lib :  ITTAPI function NOT instrumented (not matched by --itt-config option): __itt_model_observe_uses

3387840 : 0x18ebb6897d76c3 : 2 : ittapi_config_apply_per_lib :  ITTAPI function NOT instrumented (not matched by --itt-config option): __itt_model_clear_uses

3387840 : 0x18ebb6897d7a8f : 2 : ittapi_config_apply_per_lib :  ITTAPI function NOT instrumented (not matched by --itt-config option): __itt_model_site_beginA

3387840 : 0x18ebb6897d7e4d : 2 : ittapi_config_apply_per_lib :  ITTAPI function NOT instrumented (not matched by --itt-config option): __itt_model_site_beginAL

3387840 : 0x18ebb6897d8daf : 2 : ittapi_config_apply_per_lib :  ITTAPI function NOT instrumented (not matched by --itt-config option): __itt_model_task_beginA

3387840 : 0x18ebb6897d917a : 2 : ittapi_config_apply_per_lib :  ITTAPI function NOT instrumented (not matched by --itt-config option): __itt_model_task_beginAL

3387840 : 0x18ebb6897d9545 : 2 : ittapi_config_apply_per_lib :  ITTAPI function NOT instrumented (not matched by --itt-config option): __itt_model_iteration_taskA

3387840 : 0x18ebb6897d993c : 2 : ittapi_config_apply_per_lib :  ITTAPI function NOT instrumented (not matched by --itt-config option): __itt_model_iteration_taskAL

3387840 : 0x18ebb6897d9d1a : 2 : ittapi_config_apply_per_lib :  ITTAPI function NOT instrumented (not matched by --itt-config option): __itt_model_site_end_2

3387840 : 0x18ebb6897da09b : 2 : ittapi_config_apply_per_lib :  ITTAPI function NOT instrumented (not matched by --itt-config option): __itt_model_task_end_2

3387840 : 0x18ebb6897da411 : 2 : ittapi_config_apply_per_lib :  ITTAPI function NOT instrumented (not matched by --itt-config option): __itt_model_lock_acquire_2

3387840 : 0x18ebb6897da7ba : 2 : ittapi_config_apply_per_lib :  ITTAPI function NOT instrumented (not matched by --itt-config option): __itt_model_lock_release_2

3387840 : 0x18ebb6897dab88 : 2 : ittapi_config_apply_per_lib :  ITTAPI function NOT instrumented (not matched by --itt-config option): __itt_model_aggregate_task

3387840 : 0x18ebb6897daf32 : 2 : ittapi_config_apply_per_lib :  ITTAPI function NOT instrumented (not matched by --itt-config option): __itt_model_disable_push

3387840 : 0x18ebb6897dc34e : 2 : ittapi_config_apply_per_lib :  ITTAPI function NOT instrumented (not matched by --itt-config option): __itt_model_disable_pop

3387840 : 0x18ebb6897dcac2 : 2 : ittapi_config_apply_per_lib :  ITTAPI function instrumented: __itt_heap_function_create
3387840 : 0x18ebb6897dd27e : 2 : ittapi_config_apply_per_lib :  ITTAPI function instrumented: __itt_heap_allocate_begin
3387840 : 0x18ebb6897dd930 : 2 : ittapi_config_apply_per_lib :  ITTAPI function instrumented: __itt_heap_allocate_end
3387840 : 0x18ebb6897de020 : 2 : ittapi_config_apply_per_lib :  ITTAPI function instrumented: __itt_heap_free_begin
3387840 : 0x18ebb6897de72a : 2 : ittapi_config_apply_per_lib :  ITTAPI function instrumented: __itt_heap_free_end
3387840 : 0x18ebb6897deda6 : 2 : ittapi_config_apply_per_lib :  ITTAPI function instrumented: __itt_heap_reallocate_begin
3387840 : 0x18ebb6897df48d : 2 : ittapi_config_apply_per_lib :  ITTAPI function instrumented: __itt_heap_reallocate_end
3387840 : 0x18ebb6897dfbd8 : 2 : ittapi_config_apply_per_lib :  ITTAPI function not implemented: __itt_heap_internal_access_begin
3387840 : 0x18ebb6897e036c : 2 : ittapi_config_apply_per_lib :  ITTAPI function not implemented: __itt_heap_internal_access_end
3387840 : 0x18ebb6897e1614 : 2 : ittapi_config_apply_per_lib :  ITTAPI function not implemented: __itt_heap_record_memory_growth_begin
3387840 : 0x18ebb6897e1e17 : 2 : ittapi_config_apply_per_lib :  ITTAPI function not implemented: __itt_heap_record_memory_growth_end
3387840 : 0x18ebb6897e256e : 2 : ittapi_config_apply_per_lib :  ITTAPI function not implemented: __itt_heap_reset_detection
3387840 : 0x18ebb6897e2da7 : 2 : ittapi_config_apply_per_lib :  ITTAPI function not implemented: __itt_heap_record
3387840 : 0x18ebb6897e351f : 2 : ittapi_config_apply_per_lib :  ITTAPI function not implemented: __itt_id_create
3387840 : 0x18ebb6897e3d3a : 2 : ittapi_config_apply_per_lib :  ITTAPI function not implemented: __itt_id_destroy
3387840 : 0x18ebb6897e448d : 2 : ittapi_config_apply_per_lib :  ITTAPI function instrumented: __itt_get_timestamp
3387840 : 0x18ebb6897e4bb9 : 2 : ittapi_config_apply_per_lib :  ITTAPI function not implemented: __itt_region_begin
3387840 : 0x18ebb6897e53eb : 2 : ittapi_config_apply_per_lib :  ITTAPI function not implemented: __itt_region_end
3387840 : 0x18ebb6897e5ade : 2 : ittapi_config_apply_per_lib :  ITTAPI function instrumented: __itt_frame_begin_v3
3387840 : 0x18ebb6897e6daf : 2 : ittapi_config_apply_per_lib :  ITTAPI function instrumented: __itt_frame_end_v3
3387840 : 0x18ebb6897e752b : 2 : ittapi_config_apply_per_lib :  ITTAPI function instrumented: __itt_frame_submit_v3
3387840 : 0x18ebb6897e7d38 : 2 : ittapi_config_apply_per_lib :  ITTAPI function not implemented: __itt_task_group
3387840 : 0x18ebb6897e8477 : 2 : ittapi_config_apply_per_lib :  ITTAPI function instrumented: __itt_task_begin
3387840 : 0x18ebb6897e8b7a : 2 : ittapi_config_apply_per_lib :  ITTAPI function instrumented: __itt_task_begin_fn
3387840 : 0x18ebb6897e9226 : 2 : ittapi_config_apply_per_lib :  ITTAPI function instrumented: __itt_task_end
3387840 : 0x18ebb6897e99a7 : 2 : ittapi_config_apply_per_lib :  ITTAPI function not implemented: __itt_counter_inc_v3
3387840 : 0x18ebb6897ea172 : 2 : ittapi_config_apply_per_lib :  ITTAPI function not implemented: __itt_counter_inc_delta_v3
3387840 : 0x18ebb6897ea8e4 : 2 : ittapi_config_apply_per_lib :  ITTAPI function not implemented: __itt_counter_dec_v3
3387840 : 0x18ebb6897eafe0 : 2 : ittapi_config_apply_per_lib :  ITTAPI function not implemented: __itt_counter_dec_delta_v3
3387840 : 0x18ebb6897ec225 : 2 : ittapi_config_apply_per_lib :  ITTAPI function not implemented: __itt_marker
3387840 : 0x18ebb6897ec97c : 2 : ittapi_config_apply_per_lib :  ITTAPI function instrumented: __itt_metadata_add
3387840 : 0x18ebb6897ed10a : 2 : ittapi_config_apply_per_lib :  ITTAPI function not implemented: __itt_metadata_str_add
3387840 : 0x18ebb6897ed82a : 2 : ittapi_config_apply_per_lib :  ITTAPI function not implemented: __itt_relation_add_to_current
3387840 : 0x18ebb6897edf59 : 2 : ittapi_config_apply_per_lib :  ITTAPI function not implemented: __itt_relation_add
3387840 : 0x18ebb6897ee5ab : 2 : ittapi_config_apply_per_lib :  ITTAPI function instrumented: __itt_event_create
3387840 : 0x18ebb6897eecb5 : 2 : ittapi_config_apply_per_lib :  ITTAPI function instrumented: __itt_event_start
3387840 : 0x18ebb6897ef391 : 2 : ittapi_config_apply_per_lib :  ITTAPI function instrumented: __itt_event_end
3387840 : 0x18ebb6897ef741 : 2 : ittapi_config_apply_per_lib :  ITTAPI function NOT instrumented (not matched by --itt-config option): __itt_sync_set_name

3387840 : 0x18ebb6897efb2e : 2 : ittapi_config_apply_per_lib :  ITTAPI function NOT instrumented (not matched by --itt-config option): __itt_notify_sync_name

3387840 : 0x18ebb6897f0eca : 2 : ittapi_config_apply_per_lib :  ITTAPI function NOT instrumented (not matched by --itt-config option): __itt_notify_sync_prepare

3387840 : 0x18ebb6897f132c : 2 : ittapi_config_apply_per_lib :  ITTAPI function NOT instrumented (not matched by --itt-config option): __itt_notify_sync_cancel

3387840 : 0x18ebb6897f16f2 : 2 : ittapi_config_apply_per_lib :  ITTAPI function NOT instrumented (not matched by --itt-config option): __itt_notify_sync_acquired

3387840 : 0x18ebb6897f1a7f : 2 : ittapi_config_apply_per_lib :  ITTAPI function NOT instrumented (not matched by --itt-config option): __itt_notify_sync_releasing

3387840 : 0x18ebb6897f2202 : 2 : ittapi_config_apply_per_lib :  ITTAPI function not implemented: __itt_memory_read
3387840 : 0x18ebb6897f2975 : 2 : ittapi_config_apply_per_lib :  ITTAPI function not implemented: __itt_memory_write
3387840 : 0x18ebb6897f3076 : 2 : ittapi_config_apply_per_lib :  ITTAPI function not implemented: __itt_memory_update
3387840 : 0x18ebb6897f3808 : 2 : ittapi_config_apply_per_lib :  ITTAPI function not implemented: __itt_state_get
3387840 : 0x18ebb6897f3ebc : 2 : ittapi_config_apply_per_lib :  ITTAPI function not implemented: __itt_state_set
3387840 : 0x18ebb6897f4635 : 2 : ittapi_config_apply_per_lib :  ITTAPI function not implemented: __itt_obj_mode_set
3387840 : 0x18ebb6897f58b3 : 2 : ittapi_config_apply_per_lib :  ITTAPI function not implemented: __itt_thr_mode_set
3387840 : 0x18ebb6897f5fc3 : 2 : ittapi_config_apply_per_lib :  ITTAPI function instrumented: __itt_frame_create
3387840 : 0x18ebb6897f663a : 2 : ittapi_config_apply_per_lib :  ITTAPI function instrumented: __itt_pt_region_create
3387840 : 0x18ebb6897f6d24 : 2 : ittapi_config_apply_per_lib :  ITTAPI function instrumented: __itt_frame_begin
3387840 : 0x18ebb6897f73d6 : 2 : ittapi_config_apply_per_lib :  ITTAPI function instrumented: __itt_frame_end
3387840 : 0x18ebb6897f7b9e : 2 : ittapi_config_apply_per_lib :  ITTAPI function not implemented: __itt_counter_destroy
3387840 : 0x18ebb6897f82ba : 2 : ittapi_config_apply_per_lib :  ITTAPI function instrumented: __itt_counter_inc
3387840 : 0x18ebb6897f894d : 2 : ittapi_config_apply_per_lib :  ITTAPI function instrumented: __itt_counter_inc_delta
3387840 : 0x18ebb6897f8fc5 : 2 : ittapi_config_apply_per_lib :  ITTAPI function instrumented: __itt_counter_dec
3387840 : 0x18ebb6897f96b0 : 2 : ittapi_config_apply_per_lib :  ITTAPI function instrumented: __itt_counter_dec_delta
3387840 : 0x18ebb6897fa889 : 2 : ittapi_config_apply_per_lib :  ITTAPI function instrumented: __itt_counter_set_value
3387840 : 0x18ebb6897fb020 : 2 : ittapi_config_apply_per_lib :  ITTAPI function not implemented: __itt_counter_set_value_ex
3387840 : 0x18ebb6897fb6fc : 2 : ittapi_config_apply_per_lib :  ITTAPI function not implemented: __itt_mark_create
3387840 : 0x18ebb6897fbeca : 2 : ittapi_config_apply_per_lib :  ITTAPI function not implemented: __itt_mark
3387840 : 0x18ebb6897fc67f : 2 : ittapi_config_apply_per_lib :  ITTAPI function not implemented: __itt_mark_off
3387840 : 0x18ebb6897fcde7 : 2 : ittapi_config_apply_per_lib :  ITTAPI function not implemented: __itt_mark_global
3387840 : 0x18ebb6897fd4fb : 2 : ittapi_config_apply_per_lib :  ITTAPI function not implemented: __itt_mark_global_off
3387840 : 0x18ebb6897fdc52 : 2 : ittapi_config_apply_per_lib :  ITTAPI function instrumented: __itt_stack_caller_create
3387840 : 0x18ebb6897fe34d : 2 : ittapi_config_apply_per_lib :  ITTAPI function instrumented: __itt_stack_caller_destroy
3387840 : 0x18ebb6897fea49 : 2 : ittapi_config_apply_per_lib :  ITTAPI function instrumented: __itt_stack_callee_enter
3387840 : 0x18ebb6898001ac : 2 : ittapi_config_apply_per_lib :  ITTAPI function instrumented: __itt_stack_callee_leave
3387840 : 0x18ebb689800941 : 2 : ittapi_config_apply_per_lib :  ITTAPI function not implemented: __itt_clock_domain_create
3387840 : 0x18ebb6898010ef : 2 : ittapi_config_apply_per_lib :  ITTAPI function not implemented: __itt_clock_domain_reset
3387840 : 0x18ebb689801806 : 2 : ittapi_config_apply_per_lib :  ITTAPI function not implemented: __itt_id_create_ex
3387840 : 0x18ebb689801f44 : 2 : ittapi_config_apply_per_lib :  ITTAPI function not implemented: __itt_id_destroy_ex
3387840 : 0x18ebb689802680 : 2 : ittapi_config_apply_per_lib :  ITTAPI function not implemented: __itt_task_begin_ex
3387840 : 0x18ebb689802e12 : 2 : ittapi_config_apply_per_lib :  ITTAPI function not implemented: __itt_task_begin_fn_ex
3387840 : 0x18ebb68980357a : 2 : ittapi_config_apply_per_lib :  ITTAPI function not implemented: __itt_task_end_ex
3387840 : 0x18ebb689803cb6 : 2 : ittapi_config_apply_per_lib :  ITTAPI function instrumented: __itt_task_begin_overlapped
3387840 : 0x18ebb6898043e8 : 2 : ittapi_config_apply_per_lib :  ITTAPI function not implemented: __itt_task_begin_overlapped_ex
3387840 : 0x18ebb689805618 : 2 : ittapi_config_apply_per_lib :  ITTAPI function instrumented: __itt_task_end_overlapped
3387840 : 0x18ebb689805df2 : 2 : ittapi_config_apply_per_lib :  ITTAPI function not implemented: __itt_task_end_overlapped_ex
3387840 : 0x18ebb6898064e3 : 2 : ittapi_config_apply_per_lib :  ITTAPI function not implemented: __itt_marker_ex
3387840 : 0x18ebb689806c33 : 2 : ittapi_config_apply_per_lib :  ITTAPI function not implemented: __itt_metadata_add_with_scope
3387840 : 0x18ebb6898073fb : 2 : ittapi_config_apply_per_lib :  ITTAPI function not implemented: __itt_metadata_str_add_with_scope
3387840 : 0x18ebb689807b02 : 2 : ittapi_config_apply_per_lib :  ITTAPI function not implemented: __itt_relation_add_to_current_ex
3387840 : 0x18ebb6898081f0 : 2 : ittapi_config_apply_per_lib :  ITTAPI function not implemented: __itt_relation_add_ex
3387840 : 0x18ebb689808922 : 2 : ittapi_config_apply_per_lib :  ITTAPI function not implemented: __itt_track_group_create
3387840 : 0x18ebb689808fa9 : 2 : ittapi_config_apply_per_lib :  ITTAPI function not implemented: __itt_track_create
3387840 : 0x18ebb689809685 : 2 : ittapi_config_apply_per_lib :  ITTAPI function not implemented: __itt_set_track
3387840 : 0x18ebb68980a8f5 : 2 : ittapi_config_apply_per_lib :  ITTAPI function instrumented: __itt_api_version
3387840 : 0x18ebb68980b0b5 : 2 : ittapi_config_apply_per_lib :  ITTAPI function not implemented: __itt_av_save
3387840 : 0x18ebb68980b77d : 2 : ittapi_config_apply_per_lib :  ITTAPI function instrumented: __itt_module_load
3387840 : 0x18ebb68980be9e : 2 : ittapi_config_apply_per_lib :  ITTAPI function not implemented: __itt_module_unload
3387840 : 0x18ebb68980c246 : 2 : ittapi_config_apply_per_lib :  ITTAPI function NOT instrumented (not matched by --itt-config option): __itt_histogram_submit

3387840 : 0x18ebb68980c9aa : 2 : ittapi_config_apply_per_lib :  ITTAPI function not implemented: __itt_counter_set_value_v3
3387840 : 0x18ebb689854b96 : 2 : ittapi_config_mask_get :  --itt-config mask to be applied: 55
3387840 : 0x18ebb6898556ed : 2 : ittapi_config_apply_per_lib :  ITTAPI function instrumented: __itt_domain_create
3387840 : 0x18ebb689855f15 : 2 : ittapi_config_apply_per_lib :  ITTAPI function instrumented: __itt_module_load_with_sections
3387840 : 0x18ebb6898567b3 : 2 : ittapi_config_apply_per_lib :  ITTAPI function not implemented: __itt_module_unload_with_sections
3387840 : 0x18ebb6898588f3 : 2 : ittapi_config_apply_per_lib :  ITTAPI function instrumented: __itt_string_handle_create
3387840 : 0x18ebb689858fec : 2 : ittapi_config_apply_per_lib :  ITTAPI function instrumented: __itt_counter_create
3387840 : 0x18ebb68985969b : 2 : ittapi_config_apply_per_lib :  ITTAPI function instrumented: __itt_counter_create_typed
3387840 : 0x18ebb689859d82 : 2 : ittapi_config_apply_per_lib :  ITTAPI function instrumented: __itt_pause
3387840 : 0x18ebb68985a457 : 2 : ittapi_config_apply_per_lib :  ITTAPI function instrumented: __itt_resume
3387840 : 0x18ebb68985acbc : 2 : ittapi_config_apply_per_lib :  ITTAPI function not implemented: __itt_pause_scoped
3387840 : 0x18ebb68985b4b1 : 2 : ittapi_config_apply_per_lib :  ITTAPI function not implemented: __itt_resume_scoped
3387840 : 0x18ebb68985bb94 : 2 : ittapi_config_apply_per_lib :  ITTAPI function instrumented: __itt_thread_set_name
3387840 : 0x18ebb68985c226 : 2 : ittapi_config_apply_per_lib :  ITTAPI function instrumented: __itt_thread_ignore
3387840 : 0x18ebb68985c8f9 : 2 : ittapi_config_apply_per_lib :  ITTAPI function instrumented: __itt_thr_name_set
3387840 : 0x18ebb68985dc72 : 2 : ittapi_config_apply_per_lib :  ITTAPI function instrumented: __itt_thr_ignore
3387840 : 0x18ebb68985e337 : 2 : ittapi_config_apply_per_lib :  ITTAPI function instrumented: __itt_histogram_create
3387840 : 0x18ebb68985ea47 : 2 : ittapi_config_apply_per_lib :  ITTAPI function not implemented: __itt_counter_create_v3
3387840 : 0x18ebb68985f188 : 2 : ittapi_config_apply_per_lib :  ITTAPI function not implemented: __itt_bind_context_metadata_to_counter
3387840 : 0x18ebb68985f93e : 2 : ittapi_config_apply_per_lib :  ITTAPI function not implemented: __itt_enable_attach
3387840 : 0x18ebb68986003d : 2 : ittapi_config_apply_per_lib :  ITTAPI function instrumented: __itt_detach
3387840 : 0x18ebb689860410 : 2 : ittapi_config_apply_per_lib :  ITTAPI function NOT instrumented (not matched by --itt-config option): __itt_sync_create

3387840 : 0x18ebb689860843 : 2 : ittapi_config_apply_per_lib :  ITTAPI function NOT instrumented (not matched by --itt-config option): __itt_sync_rename

3387840 : 0x18ebb689860bfc : 2 : ittapi_config_apply_per_lib :  ITTAPI function NOT instrumented (not matched by --itt-config option): __itt_sync_destroy

3387840 : 0x18ebb689860fb6 : 2 : ittapi_config_apply_per_lib :  ITTAPI function NOT instrumented (not matched by --itt-config option): __itt_sync_prepare

3387840 : 0x18ebb689861e1e : 2 : ittapi_config_apply_per_lib :  ITTAPI function NOT instrumented (not matched by --itt-config option): __itt_sync_cancel

3387840 : 0x18ebb689862204 : 2 : ittapi_config_apply_per_lib :  ITTAPI function NOT instrumented (not matched by --itt-config option): __itt_sync_acquired

3387840 : 0x18ebb689862585 : 2 : ittapi_config_apply_per_lib :  ITTAPI function NOT instrumented (not matched by --itt-config option): __itt_sync_releasing

3387840 : 0x18ebb689862dc1 : 2 : ittapi_config_apply_per_lib :  ITTAPI function not implemented: __itt_suppress_push
3387840 : 0x18ebb689863607 : 2 : ittapi_config_apply_per_lib :  ITTAPI function not implemented: __itt_suppress_pop
3387840 : 0x18ebb689863d98 : 2 : ittapi_config_apply_per_lib :  ITTAPI function not implemented: __itt_suppress_mark_range
3387840 : 0x18ebb6898645a5 : 2 : ittapi_config_apply_per_lib :  ITTAPI function not implemented: __itt_suppress_clear_range
3387840 : 0x18ebb689864958 : 2 : ittapi_config_apply_per_lib :  ITTAPI function NOT instrumented (not matched by --itt-config option): __itt_sync_prepare

3387840 : 0x18ebb689864cf2 : 2 : ittapi_config_apply_per_lib :  ITTAPI function NOT instrumented (not matched by --itt-config option): __itt_sync_cancel

3387840 : 0x18ebb68986505d : 2 : ittapi_config_apply_per_lib :  ITTAPI function NOT instrumented (not matched by --itt-config option): __itt_sync_acquired

3387840 : 0x18ebb689865e80 : 2 : ittapi_config_apply_per_lib :  ITTAPI function NOT instrumented (not matched by --itt-config option): __itt_sync_releasing

3387840 : 0x18ebb68986626f : 2 : ittapi_config_apply_per_lib :  ITTAPI function NOT instrumented (not matched by --itt-config option): __itt_model_site_begin

3387840 : 0x18ebb689866677 : 2 : ittapi_config_apply_per_lib :  ITTAPI function NOT instrumented (not matched by --itt-config option): __itt_model_site_end

3387840 : 0x18ebb689866a89 : 2 : ittapi_config_apply_per_lib :  ITTAPI function NOT instrumented (not matched by --itt-config option): __itt_model_task_begin

3387840 : 0x18ebb689866e44 : 2 : ittapi_config_apply_per_lib :  ITTAPI function NOT instrumented (not matched by --itt-config option): __itt_model_task_end

3387840 : 0x18ebb68986722f : 2 : ittapi_config_apply_per_lib :  ITTAPI function NOT instrumented (not matched by --itt-config option): __itt_model_lock_acquire

3387840 : 0x18ebb6898675d8 : 2 : ittapi_config_apply_per_lib :  ITTAPI function NOT instrumented (not matched by --itt-config option): __itt_model_lock_release

3387840 : 0x18ebb689867997 : 2 : ittapi_config_apply_per_lib :  ITTAPI function NOT instrumented (not matched by --itt-config option): __itt_model_record_allocation

3387840 : 0x18ebb689867d3c : 2 : ittapi_config_apply_per_lib :  ITTAPI function NOT instrumented (not matched by --itt-config option): __itt_model_record_deallocation

3387840 : 0x18ebb68986809d : 2 : ittapi_config_apply_per_lib :  ITTAPI function NOT instrumented (not matched by --itt-config option): __itt_model_induction_uses

3387840 : 0x18ebb6898693fa : 2 : ittapi_config_apply_per_lib :  ITTAPI function NOT instrumented (not matched by --itt-config option): __itt_model_reduction_uses

3387840 : 0x18ebb68986982e : 2 : ittapi_config_apply_per_lib :  ITTAPI function NOT instrumented (not matched by --itt-config option): __itt_model_observe_uses

3387840 : 0x18ebb689869bc9 : 2 : ittapi_config_apply_per_lib :  ITTAPI function NOT instrumented (not matched by --itt-config option): __itt_model_clear_uses

3387840 : 0x18ebb689869f4d : 2 : ittapi_config_apply_per_lib :  ITTAPI function NOT instrumented (not matched by --itt-config option): __itt_model_site_beginA

3387840 : 0x18ebb68986a2eb : 2 : ittapi_config_apply_per_lib :  ITTAPI function NOT instrumented (not matched by --itt-config option): __itt_model_site_beginAL

3387840 : 0x18ebb68986a6a5 : 2 : ittapi_config_apply_per_lib :  ITTAPI function NOT instrumented (not matched by --itt-config option): __itt_model_task_beginA

3387840 : 0x18ebb68986aa2c : 2 : ittapi_config_apply_per_lib :  ITTAPI function NOT instrumented (not matched by --itt-config option): __itt_model_task_beginAL

3387840 : 0x18ebb68986adc5 : 2 : ittapi_config_apply_per_lib :  ITTAPI function NOT instrumented (not matched by --itt-config option): __itt_model_iteration_taskA

3387840 : 0x18ebb68986b190 : 2 : ittapi_config_apply_per_lib :  ITTAPI function NOT instrumented (not matched by --itt-config option): __itt_model_iteration_taskAL

3387840 : 0x18ebb68986b539 : 2 : ittapi_config_apply_per_lib :  ITTAPI function NOT instrumented (not matched by --itt-config option): __itt_model_site_end_2

3387840 : 0x18ebb68986c2f1 : 2 : ittapi_config_apply_per_lib :  ITTAPI function NOT instrumented (not matched by --itt-config option): __itt_model_task_end_2

3387840 : 0x18ebb68986c6d2 : 2 : ittapi_config_apply_per_lib :  ITTAPI function NOT instrumented (not matched by --itt-config option): __itt_model_lock_acquire_2

3387840 : 0x18ebb68986ca74 : 2 : ittapi_config_apply_per_lib :  ITTAPI function NOT instrumented (not matched by --itt-config option): __itt_model_lock_release_2

3387840 : 0x18ebb68986ce3d : 2 : ittapi_config_apply_per_lib :  ITTAPI function NOT instrumented (not matched by --itt-config option): __itt_model_aggregate_task

3387840 : 0x18ebb68986d1e5 : 2 : ittapi_config_apply_per_lib :  ITTAPI function NOT instrumented (not matched by --itt-config option): __itt_model_disable_push

3387840 : 0x18ebb68986d5a2 : 2 : ittapi_config_apply_per_lib :  ITTAPI function NOT instrumented (not matched by --itt-config option): __itt_model_disable_pop

3387840 : 0x18ebb68986dc73 : 2 : ittapi_config_apply_per_lib :  ITTAPI function instrumented: __itt_heap_function_create
3387840 : 0x18ebb68986e3db : 2 : ittapi_config_apply_per_lib :  ITTAPI function instrumented: __itt_heap_allocate_begin
3387840 : 0x18ebb68986eaa6 : 2 : ittapi_config_apply_per_lib :  ITTAPI function instrumented: __itt_heap_allocate_end
3387840 : 0x18ebb68986f11f : 2 : ittapi_config_apply_per_lib :  ITTAPI function instrumented: __itt_heap_free_begin
3387840 : 0x18ebb68987086d : 2 : ittapi_config_apply_per_lib :  ITTAPI function instrumented: __itt_heap_free_end
3387840 : 0x18ebb689870f49 : 2 : ittapi_config_apply_per_lib :  ITTAPI function instrumented: __itt_heap_reallocate_begin
3387840 : 0x18ebb6898715d3 : 2 : ittapi_config_apply_per_lib :  ITTAPI function instrumented: __itt_heap_reallocate_end
3387840 : 0x18ebb689871d86 : 2 : ittapi_config_apply_per_lib :  ITTAPI function not implemented: __itt_heap_internal_access_begin
3387840 : 0x18ebb6898724e2 : 2 : ittapi_config_apply_per_lib :  ITTAPI function not implemented: __itt_heap_internal_access_end
3387840 : 0x18ebb689872c53 : 2 : ittapi_config_apply_per_lib :  ITTAPI function not implemented: __itt_heap_record_memory_growth_begin
3387840 : 0x18ebb6898733a4 : 2 : ittapi_config_apply_per_lib :  ITTAPI function not implemented: __itt_heap_record_memory_growth_end
3387840 : 0x18ebb689873afd : 2 : ittapi_config_apply_per_lib :  ITTAPI function not implemented: __itt_heap_reset_detection
3387840 : 0x18ebb6898742ab : 2 : ittapi_config_apply_per_lib :  ITTAPI function not implemented: __itt_heap_record
3387840 : 0x18ebb689874997 : 2 : ittapi_config_apply_per_lib :  ITTAPI function not implemented: __itt_id_create
3387840 : 0x18ebb689875c1c : 2 : ittapi_config_apply_per_lib :  ITTAPI function not implemented: __itt_id_destroy
3387840 : 0x18ebb68987638f : 2 : ittapi_config_apply_per_lib :  ITTAPI function instrumented: __itt_get_timestamp
3387840 : 0x18ebb689876ad9 : 2 : ittapi_config_apply_per_lib :  ITTAPI function not implemented: __itt_region_begin
3387840 : 0x18ebb6898772a9 : 2 : ittapi_config_apply_per_lib :  ITTAPI function not implemented: __itt_region_end
3387840 : 0x18ebb6898779b3 : 2 : ittapi_config_apply_per_lib :  ITTAPI function instrumented: __itt_frame_begin_v3
3387840 : 0x18ebb689878117 : 2 : ittapi_config_apply_per_lib :  ITTAPI function instrumented: __itt_frame_end_v3
3387840 : 0x18ebb689878831 : 2 : ittapi_config_apply_per_lib :  ITTAPI function instrumented: __itt_frame_submit_v3
3387840 : 0x18ebb68987900f : 2 : ittapi_config_apply_per_lib :  ITTAPI function not implemented: __itt_task_group
3387840 : 0x18ebb68987972b : 2 : ittapi_config_apply_per_lib :  ITTAPI function instrumented: __itt_task_begin
3387840 : 0x18ebb689879e26 : 2 : ittapi_config_apply_per_lib :  ITTAPI function instrumented: __itt_task_begin_fn
3387840 : 0x18ebb68987af9b : 2 : ittapi_config_apply_per_lib :  ITTAPI function instrumented: __itt_task_end
3387840 : 0x18ebb68987b77e : 2 : ittapi_config_apply_per_lib :  ITTAPI function not implemented: __itt_counter_inc_v3
3387840 : 0x18ebb68987bf39 : 2 : ittapi_config_apply_per_lib :  ITTAPI function not implemented: __itt_counter_inc_delta_v3
3387840 : 0x18ebb68987c656 : 2 : ittapi_config_apply_per_lib :  ITTAPI function not implemented: __itt_counter_dec_v3
3387840 : 0x18ebb68987cd3d : 2 : ittapi_config_apply_per_lib :  ITTAPI function not implemented: __itt_counter_dec_delta_v3
3387840 : 0x18ebb68987d429 : 2 : ittapi_config_apply_per_lib :  ITTAPI function not implemented: __itt_marker
3387840 : 0x18ebb68987db0a : 2 : ittapi_config_apply_per_lib :  ITTAPI function instrumented: __itt_metadata_add
3387840 : 0x18ebb68987e27f : 2 : ittapi_config_apply_per_lib :  ITTAPI function not implemented: __itt_metadata_str_add
3387840 : 0x18ebb68987e96f : 2 : ittapi_config_apply_per_lib :  ITTAPI function not implemented: __itt_relation_add_to_current
3387840 : 0x18ebb68987f0ea : 2 : ittapi_config_apply_per_lib :  ITTAPI function not implemented: __itt_relation_add
3387840 : 0x18ebb68988021f : 2 : ittapi_config_apply_per_lib :  ITTAPI function instrumented: __itt_event_create
3387840 : 0x18ebb689880a04 : 2 : ittapi_config_apply_per_lib :  ITTAPI function instrumented: __itt_event_start
3387840 : 0x18ebb68988109f : 2 : ittapi_config_apply_per_lib :  ITTAPI function instrumented: __itt_event_end
3387840 : 0x18ebb68988141f : 2 : ittapi_config_apply_per_lib :  ITTAPI function NOT instrumented (not matched by --itt-config option): __itt_sync_set_name

3387840 : 0x18ebb6898817ec : 2 : ittapi_config_apply_per_lib :  ITTAPI function NOT instrumented (not matched by --itt-config option): __itt_notify_sync_name

3387840 : 0x18ebb689881be3 : 2 : ittapi_config_apply_per_lib :  ITTAPI function NOT instrumented (not matched by --itt-config option): __itt_notify_sync_prepare

3387840 : 0x18ebb689881fa2 : 2 : ittapi_config_apply_per_lib :  ITTAPI function NOT instrumented (not matched by --itt-config option): __itt_notify_sync_cancel

3387840 : 0x18ebb68988236d : 2 : ittapi_config_apply_per_lib :  ITTAPI function NOT instrumented (not matched by --itt-config option): __itt_notify_sync_acquired

3387840 : 0x18ebb68988270d : 2 : ittapi_config_apply_per_lib :  ITTAPI function NOT instrumented (not matched by --itt-config option): __itt_notify_sync_releasing

3387840 : 0x18ebb689882e7f : 2 : ittapi_config_apply_per_lib :  ITTAPI function not implemented: __itt_memory_read
3387840 : 0x18ebb68988469e : 2 : ittapi_config_apply_per_lib :  ITTAPI function not implemented: __itt_memory_write
3387840 : 0x18ebb689884e2a : 2 : ittapi_config_apply_per_lib :  ITTAPI function not implemented: __itt_memory_update
3387840 : 0x18ebb689885579 : 2 : ittapi_config_apply_per_lib :  ITTAPI function not implemented: __itt_state_get
3387840 : 0x18ebb689885c60 : 2 : ittapi_config_apply_per_lib :  ITTAPI function not implemented: __itt_state_set
3387840 : 0x18ebb6898863b6 : 2 : ittapi_config_apply_per_lib :  ITTAPI function not implemented: __itt_obj_mode_set
3387840 : 0x18ebb689886ac5 : 2 : ittapi_config_apply_per_lib :  ITTAPI function not implemented: __itt_thr_mode_set
3387840 : 0x18ebb68988712a : 2 : ittapi_config_apply_per_lib :  ITTAPI function instrumented: __itt_frame_create
3387840 : 0x18ebb689887758 : 2 : ittapi_config_apply_per_lib :  ITTAPI function instrumented: __itt_pt_region_create
3387840 : 0x18ebb689887e11 : 2 : ittapi_config_apply_per_lib :  ITTAPI function instrumented: __itt_frame_begin
3387840 : 0x18ebb6898884eb : 2 : ittapi_config_apply_per_lib :  ITTAPI function instrumented: __itt_frame_end
3387840 : 0x18ebb68988983a : 2 : ittapi_config_apply_per_lib :  ITTAPI function not implemented: __itt_counter_destroy
3387840 : 0x18ebb689889fa1 : 2 : ittapi_config_apply_per_lib :  ITTAPI function instrumented: __itt_counter_inc
3387840 : 0x18ebb68988a62c : 2 : ittapi_config_apply_per_lib :  ITTAPI function instrumented: __itt_counter_inc_delta
3387840 : 0x18ebb68988ace6 : 2 : ittapi_config_apply_per_lib :  ITTAPI function instrumented: __itt_counter_dec
3387840 : 0x18ebb68988b3fa : 2 : ittapi_config_apply_per_lib :  ITTAPI function instrumented: __itt_counter_dec_delta
3387840 : 0x18ebb68988ba7c : 2 : ittapi_config_apply_per_lib :  ITTAPI function instrumented: __itt_counter_set_value
3387840 : 0x18ebb68988c18d : 2 : ittapi_config_apply_per_lib :  ITTAPI function not implemented: __itt_counter_set_value_ex
3387840 : 0x18ebb68988c860 : 2 : ittapi_config_apply_per_lib :  ITTAPI function not implemented: __itt_mark_create
3387840 : 0x18ebb68988d02d : 2 : ittapi_config_apply_per_lib :  ITTAPI function not implemented: __itt_mark
3387840 : 0x18ebb68988d798 : 2 : ittapi_config_apply_per_lib :  ITTAPI function not implemented: __itt_mark_off
3387840 : 0x18ebb68988e9d8 : 2 : ittapi_config_apply_per_lib :  ITTAPI function not implemented: __itt_mark_global
3387840 : 0x18ebb68988f11b : 2 : ittapi_config_apply_per_lib :  ITTAPI function not implemented: __itt_mark_global_off
3387840 : 0x18ebb68988f87f : 2 : ittapi_config_apply_per_lib :  ITTAPI function instrumented: __itt_stack_caller_create
3387840 : 0x18ebb68988ff5d : 2 : ittapi_config_apply_per_lib :  ITTAPI function instrumented: __itt_stack_caller_destroy
3387840 : 0x18ebb68989064a : 2 : ittapi_config_apply_per_lib :  ITTAPI function instrumented: __itt_stack_callee_enter
3387840 : 0x18ebb689890d55 : 2 : ittapi_config_apply_per_lib :  ITTAPI function instrumented: __itt_stack_callee_leave
3387840 : 0x18ebb689891476 : 2 : ittapi_config_apply_per_lib :  ITTAPI function not implemented: __itt_clock_domain_create
3387840 : 0x18ebb689891c1b : 2 : ittapi_config_apply_per_lib :  ITTAPI function not implemented: __itt_clock_domain_reset
3387840 : 0x18ebb68989236c : 2 : ittapi_config_apply_per_lib :  ITTAPI function not implemented: __itt_id_create_ex
3387840 : 0x18ebb689892a68 : 2 : ittapi_config_apply_per_lib :  ITTAPI function not implemented: __itt_id_destroy_ex
3387840 : 0x18ebb6898941ea : 2 : ittapi_config_apply_per_lib :  ITTAPI function not implemented: __itt_task_begin_ex
3387840 : 0x18ebb6898949f7 : 2 : ittapi_config_apply_per_lib :  ITTAPI function not implemented: __itt_task_begin_fn_ex
3387840 : 0x18ebb689895130 : 2 : ittapi_config_apply_per_lib :  ITTAPI function not implemented: __itt_task_end_ex
3387840 : 0x18ebb689895849 : 2 : ittapi_config_apply_per_lib :  ITTAPI function instrumented: __itt_task_begin_overlapped
3387840 : 0x18ebb689895f5c : 2 : ittapi_config_apply_per_lib :  ITTAPI function not implemented: __itt_task_begin_overlapped_ex
3387840 : 0x18ebb6898966a2 : 2 : ittapi_config_apply_per_lib :  ITTAPI function instrumented: __itt_task_end_overlapped
3387840 : 0x18ebb689896e1f : 2 : ittapi_config_apply_per_lib :  ITTAPI function not implemented: __itt_task_end_overlapped_ex
3387840 : 0x18ebb68989757f : 2 : ittapi_config_apply_per_lib :  ITTAPI function not implemented: __itt_marker_ex
3387840 : 0x18ebb689897cd2 : 2 : ittapi_config_apply_per_lib :  ITTAPI function not implemented: __itt_metadata_add_with_scope
3387840 : 0x18ebb689898498 : 2 : ittapi_config_apply_per_lib :  ITTAPI function not implemented: __itt_metadata_str_add_with_scope
3387840 : 0x18ebb689899784 : 2 : ittapi_config_apply_per_lib :  ITTAPI function not implemented: __itt_relation_add_to_current_ex
3387840 : 0x18ebb689899ef8 : 2 : ittapi_config_apply_per_lib :  ITTAPI function not implemented: __itt_relation_add_ex
3387840 : 0x18ebb68989a631 : 2 : ittapi_config_apply_per_lib :  ITTAPI function not implemented: __itt_track_group_create
3387840 : 0x18ebb68989ad36 : 2 : ittapi_config_apply_per_lib :  ITTAPI function not implemented: __itt_track_create
3387840 : 0x18ebb68989b47a : 2 : ittapi_config_apply_per_lib :  ITTAPI function not implemented: __itt_set_track
3387840 : 0x18ebb68989bb4c : 2 : ittapi_config_apply_per_lib :  ITTAPI function instrumented: __itt_api_version
3387840 : 0x18ebb68989c262 : 2 : ittapi_config_apply_per_lib :  ITTAPI function not implemented: __itt_av_save
3387840 : 0x18ebb68989c992 : 2 : ittapi_config_apply_per_lib :  ITTAPI function instrumented: __itt_module_load
3387840 : 0x18ebb68989d067 : 2 : ittapi_config_apply_per_lib :  ITTAPI function not implemented: __itt_module_unload
3387840 : 0x18ebb68989d414 : 2 : ittapi_config_apply_per_lib :  ITTAPI function NOT instrumented (not matched by --itt-config option): __itt_histogram_submit

3387840 : 0x18ebb68989e6c3 : 2 : ittapi_config_apply_per_lib :  ITTAPI function not implemented: __itt_counter_set_value_v3