
3387961 : 0x18ebb8319a6490 : 1 : spill_jit_data :  Jit agent is not initialized
3387945 : 0x18ebb8319a8c0d : 2 : ittapi_config_mask_get :  --itt-config mask to be applied: 55
3387945 : 0x18ebb8319aa5ba : 2 : ittapi_config_apply_per_lib :  ITTAPI function instrumented: __itt_domain_create
3387945 : 0x18ebb8319aaff2 : 2 : ittapi_config_apply_per_lib :  ITTAPI function instrumented: __itt_module_load_with_sections
3387945 : 0x18ebb8319abce6 : 2 : ittapi_config_apply_per_lib :  ITTAPI function not implemented: __itt_module_unload_with_sections
3387945 : 0x18ebb8319ac55d : 2 : ittapi_config_apply_per_lib :  ITTAPI function instrumented: __itt_string_handle_create
3387945 : 0x18ebb8319acc4d : 2 : ittapi_config_apply_per_lib :  ITTAPI function instrumented: __itt_counter_create
3387945 : 0x18ebb8319ad34f : 2 : ittapi_config_apply_per_lib :  ITTAPI function instrumented: __itt_counter_create_typed
3387945 : 0x18ebb8319adb0a : 2 : ittapi_config_apply_per_lib :  ITTAPI function instrumented: __itt_pause
3387945 : 0x18ebb8319ae30b : 2 : ittapi_config_apply_per_lib :  ITTAPI function instrumented: __itt_resume
3387945 : 0x18ebb8319b26c2 : 2 : ittapi_config_apply_per_lib :  ITTAPI function not implemented: __itt_pause_scoped
3387945 : 0x18ebb8319b2fe7 : 2 : ittapi_config_apply_per_lib :  ITTAPI function not implemented: __itt_resume_scoped
3387945 : 0x18ebb8319b3726 : 2 : ittapi_config_apply_per_lib :  ITTAPI function instrumented: __itt_thread_set_name
3387945 : 0x18ebb8319b3e4b : 2 : ittapi_config_apply_per_lib :  ITTAPI function instrumented: __itt_thread_ignore
3387945 : 0x18ebb8319b4594 : 2 : ittapi_config_apply_per_lib :  ITTAPI function instrumented: __itt_thr_name_set
3387945 : 0x18ebb8319b4d1f : 2 : ittapi_config_apply_per_lib :  ITTAPI function instrumented: __itt_thr_ignore
3387945 : 0x18ebb8319b53ea : 2 : ittapi_config_apply_per_lib :  ITTAPI function instrumented: __itt_histogram_create
3387945 : 0x18ebb8319b5bdc : 2 : ittapi_config_apply_per_lib :  ITTAPI function not implemented: __itt_counter_create_v3
3387945 : 0x18ebb8319b63b5 : 2 : ittapi_config_apply_per_lib :  ITTAPI function not implemented: __itt_bind_context_metadata_to_counter
3387945 : 0x18ebb8319b6bf8 : 2 : ittapi_config_apply_per_lib :  ITTAPI function not implemented: __itt_enable_attach
3387945 : 0x18ebb8319b822f : 2 : ittapi_config_apply_per_lib :  ITTAPI function instrumented: __itt_detach
3387945 : 0x18ebb8319b8653 : 2 : ittapi_config_apply_per_lib :  ITTAPI function NOT instrumented (not matched by --itt-config option): __itt_sync_create

3387945 : 0x18ebb8319b8b00 : 2 : ittapi_config_apply_per_lib :  ITTAPI function NOT instrumented (not matched by --itt-config option): __itt_sync_rename

3387945 : 0x18ebb8319b8f07 : 2 : ittapi_config_apply_per_lib :  ITTAPI function NOT instrumented (not matched by --itt-config option): __itt_sync_destroy

3387945 : 0x18ebb8319b92b0 : 2 : ittapi_config_apply_per_lib :  ITTAPI function NOT instrumented (not matched by --itt-config option): __itt_sync_prepare

3387945 : 0x18ebb8319b9689 : 2 : ittapi_config_apply_per_lib :  ITTAPI function NOT instrumented (not matched by --itt-config option): __itt_sync_cancel

3387945 : 0x18ebb8319b99da : 2 : ittapi_config_apply_per_lib :  ITTAPI function NOT instrumented (not matched by --itt-config option): __itt_sync_acquired

3387945 : 0x18ebb8319b9d89 : 2 : ittapi_config_apply_per_lib :  ITTAPI function NOT instrumented (not matched by --itt-config option): __itt_sync_releasing

3387945 : 0x18ebb8319ba572 : 2 : ittapi_config_apply_per_lib :  ITTAPI function not implemented: __itt_suppress_push
3387945 : 0x18ebb8319bae61 : 2 : ittapi_config_apply_per_lib :  ITTAPI function not implemented: __itt_suppress_pop
3387945 : 0x18ebb8319bc421 : 2 : ittapi_config_apply_per_lib :  ITTAPI function not implemented: __itt_suppress_mark_range
3387945 : 0x18ebb8319bcca1 : 2 : ittapi_config_apply_per_lib :  ITTAPI function not implemented: __itt_suppress_clear_range
3387945 : 0x18ebb8319bd020 : 2 : ittapi_config_apply_per_lib :  ITTAPI function NOT instrumented (not matched by --itt-config option): __itt_sync_prepare

3387945 : 0x18ebb8319bd3e7 : 2 : ittapi_config_apply_per_lib :  ITTAPI function NOT instrumented (not matched by --itt-config option): __itt_sync_cancel

3387945 : 0x18ebb8319bd772 : 2 : ittapi_config_apply_per_lib :  ITTAPI function NOT instrumented (not matched by --itt-config option): __itt_sync_acquired

3387945 : 0x18ebb8319bdafa : 2 : ittapi_config_apply_per_lib :  ITTAPI function NOT instrumented (not matched by --itt-config option): __itt_sync_releasing

3387945 : 0x18ebb8319bded1 : 2 : ittapi_config_apply_per_lib :  ITTAPI function NOT instrumented (not matched by --itt-config option): __itt_model_site_begin

3387945 : 0x18ebb8319be301 : 2 : ittapi_config_apply_per_lib :  ITTAPI function NOT instrumented (not matched by --itt-config option): __itt_model_site_end

3387945 : 0x18ebb8319be7a3 : 2 : ittapi_config_apply_per_lib :  ITTAPI function NOT instrumented (not matched by --itt-config option): __itt_model_task_begin

3387945 : 0x18ebb8319bebbc : 2 : ittapi_config_apply_per_lib :  ITTAPI function NOT instrumented (not matched by --itt-config option): __itt_model_task_end

3387945 : 0x18ebb8319c03d0 : 2 : ittapi_config_apply_per_lib :  ITTAPI function NOT instrumented (not matched by --itt-config option): __itt_model_lock_acquire

3387945 : 0x18ebb8319c07e3 : 2 : ittapi_config_apply_per_lib :  ITTAPI function NOT instrumented (not matched by --itt-config option): __itt_model_lock_release

3387945 : 0x18ebb8319c0bfb : 2 : ittapi_config_apply_per_lib :  ITTAPI function NOT instrumented (not matched by --itt-config option): __itt_model_record_allocation

3387945 : 0x18ebb8319c0fa4 : 2 : ittapi_config_apply_per_lib :  ITTAPI function NOT instrumented (not matched by --itt-config option): __itt_model_record_deallocation

3387945 : 0x18ebb8319c131f : 2 : ittapi_config_apply_per_lib :  ITTAPI function NOT instrumented (not matched by --itt-config option): __itt_model_induction_uses

3387945 : 0x18ebb8319c16c9 : 2 : ittapi_config_apply_per_lib :  ITTAPI function NOT instrumented (not matched by --itt-config option): __itt_model_reduction_uses

3387945 : 0x18ebb8319c1ae9 : 2 : ittapi_config_apply_per_lib :  ITTAPI function NOT instrumented (not matched by --itt-config option): __itt_model_observe_uses

3387945 : 0x18ebb8319c1eac : 2 : ittapi_config_apply_per_lib :  ITTAPI function NOT instrumented (not matched by --itt-config option): __itt_model_clear_uses

3387945 : 0x18ebb8319c227a : 2 : ittapi_config_apply_per_lib :  ITTAPI function NOT instrumented (not matched by --itt-config option): __itt_model_site_beginA

3387945 : 0x18ebb8319c2660 : 2 : ittapi_config_apply_per_lib :  ITTAPI function NOT instrumented (not matched by --itt-config option): __itt_model_site_beginAL

3387945 : 0x18ebb8319c35cf : 2 : ittapi_config_apply_per_lib :  ITTAPI function NOT instrumented (not matched by --itt-config option): __itt_model_task_beginA

3387945 : 0x18ebb8319c399d : 2 : ittapi_config_apply_per_lib :  ITTAPI function NOT instrumented (not matched by --itt-config option): __itt_model_task_beginAL

3387945 : 0x18ebb8319c3d96 : 2 : ittapi_config_apply_per_lib :  ITTAPI function NOT instrumented (not matched by --itt-config option): __itt_model_iteration_taskA

3387945 : 0x18ebb8319c417a : 2 : ittapi_config_apply_per_lib :  ITTAPI function NOT instrumented (not matched by --itt-config option): __itt_model_iteration_taskAL

3387945 : 0x18ebb8319c4585 : 2 : ittapi_config_apply_per_lib :  ITTAPI function NOT instrumented (not matched by --itt-config option): __itt_model_site_end_2

3387945 : 0x18ebb8319c491d : 2 : ittapi_config_apply_per_lib :  ITTAPI function NOT instrumented (not matched by --itt-config option): __itt_model_task_end_2

3387945 : 0x18ebb8319c4c97 : 2 : ittapi_config_apply_per_lib :  ITTAPI function NOT instrumented (not matched by --itt-config option): __itt_model_lock_acquire_2

3387945 : 0x18ebb8319c5069 : 2 : ittapi_config_apply_per_lib :  ITTAPI function NOT instrumented (not matched by --itt-config option): __itt_model_lock_release_2

3387945 : 0x18ebb8319c5447 : 2 : ittapi_config_apply_per_lib :  ITTAPI function NOT instrumented (not matched by --itt-config option): __itt_model_aggregate_task

3387945 : 0x18ebb8319c57eb : 2 : ittapi_config_apply_per_lib :  ITTAPI function NOT instrumented (not matched by --itt-config option): __itt_model_disable_push

3387945 : 0x18ebb8319c6c0b : 2 : ittapi_config_apply_per_lib :  ITTAPI function NOT instrumented (not matched by --itt-config option): __itt_model_disable_pop

3387945 : 0x18ebb8319c730f : 2 : ittapi_config_apply_per_lib :  ITTAPI function instrumented: __itt_heap_function_create
3387945 : 0x18ebb8319c7aad : 2 : ittapi_config_apply_per_lib :  ITTAPI function instrumented: __itt_heap_allocate_begin
3387945 : 0x18ebb8319c8165 : 2 : ittapi_config_apply_per_lib :  ITTAPI function instrumented: __itt_heap_allocate_end
3387945 : 0x18ebb8319c8895 : 2 : ittapi_config_apply_per_lib :  ITTAPI function instrumented: __itt_heap_free_begin
3387945 : 0x18ebb8319c8f9e : 2 : ittapi_config_apply_per_lib :  ITTAPI function instrumented: __itt_heap_free_end
3387945 : 0x18ebb8319c9617 : 2 : ittapi_config_apply_per_lib :  ITTAPI function instrumented: __itt_heap_reallocate_begin
3387945 : 0x18ebb8319c9ca3 : 2 : ittapi_config_apply_per_lib :  ITTAPI function instrumented: __itt_heap_reallocate_end
3387945 : 0x18ebb8319ca45d : 2 : ittapi_config_apply_per_lib :  ITTAPI function not implemented: __itt_heap_internal_access_begin
3387945 : 0x18ebb8319cac02 : 2 : ittapi_config_apply_per_lib :  ITTAPI function not implemented: __itt_heap_internal_access_end
3387945 : 0x18ebb8319cbf95 : 2 : ittapi_config_apply_per_lib :  ITTAPI function not implemented: __itt_heap_record_memory_growth_begin
3387945 : 0x18ebb8319cc72b : 2 : ittapi_config_apply_per_lib :  ITTAPI function not implemented: __itt_heap_record_memory_growth_end
3387945 : 0x18ebb8319cce5e : 2 : ittapi_config_apply_per_lib :  ITTAPI function not implemented: __itt_heap_reset_detection
3387945 : 0x18ebb8319cd60a : 2 : ittapi_config_apply_per_lib :  ITTAPI function not implemented: __itt_heap_record
3387945 : 0x18ebb8319cdd21 : 2 : ittapi_config_apply_per_lib :  ITTAPI function not implemented: __itt_id_create
3387945 : 0x18ebb8319ce4e3 : 2 : ittapi_config_apply_per_lib :  ITTAPI function not implemented: __itt_id_destroy
3387945 : 0x18ebb8319cebf1 : 2 : ittapi_config_apply_per_lib :  ITTAPI function instrumented: __itt_get_timestamp
3387945 : 0x18ebb8319cf318 : 2 : ittapi_config_apply_per_lib :  ITTAPI function not implemented: __itt_region_begin
3387945 : 0x18ebb8319cfb50 : 2 : ittapi_config_apply_per_lib :  ITTAPI function not implemented: __itt_region_end
3387945 : 0x18ebb8319d0266 : 2 : ittapi_config_apply_per_lib :  ITTAPI function instrumented: __itt_frame_begin_v3
3387945 : 0x18ebb8319d15a3 : 2 : ittapi_config_apply_per_lib :  ITTAPI function instrumented: __itt_frame_end_v3
3387945 : 0x18ebb8319d1cad : 2 : ittapi_config_apply_per_lib :  ITTAPI function instrumented: __itt_frame_submit_v3
3387945 : 0x18ebb8319d24a9 : 2 : ittapi_config_apply_per_lib :  ITTAPI function not implemented: __itt_task_group
3387945 : 0x18ebb8319d2bb6 : 2 : ittapi_config_apply_per_lib :  ITTAPI function instrumented: __itt_task_begin
3387945 : 0x18ebb8319d330b : 2 : ittapi_config_apply_per_lib :  ITTAPI function instrumented: __itt_task_begin_fn
3387945 : 0x18ebb8319d39de : 2 : ittapi_config_apply_per_lib :  ITTAPI function instrumented: __itt_task_end
3387945 : 0x18ebb8319d4161 : 2 : ittapi_config_apply_per_lib :  ITTAPI function not implemented: __itt_counter_inc_v3
3387945 : 0x18ebb8319d4915 : 2 : ittapi_config_apply_per_lib :  ITTAPI function not implemented: __itt_counter_inc_delta_v3
3387945 : 0x18ebb8319d501f : 2 : ittapi_config_apply_per_lib :  ITTAPI function not implemented: __itt_counter_dec_v3
3387945 : 0x18ebb8319d5727 : 2 : ittapi_config_apply_per_lib :  ITTAPI function not implemented: __itt_counter_dec_delta_v3
3387945 : 0x18ebb8319d6a3c : 2 : ittapi_config_apply_per_lib :  ITTAPI function not implemented: __itt_marker
3387945 : 0x18ebb8319d714e : 2 : ittapi_config_apply_per_lib :  ITTAPI function instrumented: __itt_metadata_add
3387945 : 0x18ebb8319d78c6 : 2 : ittapi_config_apply_per_lib :  ITTAPI function not implemented: __itt_metadata_str_add
3387945 : 0x18ebb8319d7fce : 2 : ittapi_config_apply_per_lib :  ITTAPI function not implemented: __itt_relation_add_to_current
3387945 : 0x18ebb8319d871a : 2 : ittapi_config_apply_per_lib :  ITTAPI function not implemented: __itt_relation_add
3387945 : 0x18ebb8319d8d9c : 2 : ittapi_config_apply_per_lib :  ITTAPI function instrumented: __itt_event_create
3387945 : 0x18ebb8319d94df : 2 : ittapi_config_apply_per_lib :  ITTAPI function instrumented: __itt_event_start
3387945 : 0x18ebb8319d9bb5 : 2 : ittapi_config_apply_per_lib :  ITTAPI function instrumented: __itt_event_end
3387945 : 0x18ebb8319d9f36 : 2 : ittapi_config_apply_per_lib :  ITTAPI function NOT instrumented (not matched by --itt-config option): __itt_sync_set_name

3387945 : 0x18ebb8319da33f : 2 : ittapi_config_apply_per_lib :  ITTAPI function NOT instrumented (not matched by --itt-config option): __itt_notify_sync_name

3387945 : 0x18ebb8319db89a : 2 : ittapi_config_apply_per_lib :  ITTAPI function NOT instrumented (not matched by --itt-config option): __itt_notify_sync_prepare

3387945 : 0x18ebb8319dbd1a : 2 : ittapi_config_apply_per_lib :  ITTAPI function NOT instrumented (not matched by --itt-config option): __itt_notify_sync_cancel

3387945 : 0x18ebb8319dc0f0 : 2 : ittapi_config_apply_per_lib :  ITTAPI function NOT instrumented (not matched by --itt-config option): __itt_notify_sync_acquired

3387945 : 0x18ebb8319dc48f : 2 : ittapi_config_apply_per_lib :  ITTAPI function NOT instrumented (not matched by --itt-config option): __itt_notify_sync_releasing

3387945 : 0x18ebb8319dcc35 : 2 : ittapi_config_apply_per_lib :  ITTAPI function not implemented: __itt_memory_read
3387945 : 0x18ebb8319dd388 : 2 : ittapi_config_apply_per_lib :  ITTAPI function not implemented: __itt_memory_write
3387945 : 0x18ebb8319dda68 : 2 : ittapi_config_apply_per_lib :  ITTAPI function not implemented: __itt_memory_update
3387945 : 0x18ebb8319de1f8 : 2 : ittapi_config_apply_per_lib :  ITTAPI function not implemented: __itt_state_get
3387945 : 0x18ebb8319de8cf : 2 : ittapi_config_apply_per_lib :  ITTAPI function not implemented: __itt_state_set
3387945 : 0x18ebb8319df052 : 2 : ittapi_config_apply_per_lib :  ITTAPI function not implemented: __itt_obj_mode_set
3387945 : 0x18ebb8319e0323 : 2 : ittapi_config_apply_per_lib :  ITTAPI function not implemented: __itt_thr_mode_set
3387945 : 0x18ebb8319e09c0 : 2 : ittapi_config_apply_per_lib :  ITTAPI function instrumented: __itt_frame_create
3387945 : 0x18ebb8319e1046 : 2 : ittapi_config_apply_per_lib :  ITTAPI function instrumented: __itt_pt_region_create
3387945 : 0x18ebb8319e176b : 2 : ittapi_config_apply_per_lib :  ITTAPI function instrumented: __itt_frame_begin
3387945 : 0x18ebb8319e1e3f : 2 : ittapi_config_apply_per_lib :  ITTAPI function instrumented: __itt_frame_end
3387945 : 0x18ebb8319e25ea : 2 : ittapi_config_apply_per_lib :  ITTAPI function not implemented: __itt_counter_destroy
3387945 : 0x18ebb8319e2d1e : 2 : ittapi_config_apply_per_lib :  ITTAPI function instrumented: __itt_counter_inc
3387945 : 0x18ebb8319e33b2 : 2 : ittapi_config_apply_per_lib :  ITTAPI function instrumented: __itt_counter_inc_delta
3387945 : 0x18ebb8319e3a22 : 2 : ittapi_config_apply_per_lib :  ITTAPI function instrumented: __itt_counter_dec
3387945 : 0x18ebb8319e4139 : 2 : ittapi_config_apply_per_lib :  ITTAPI function instrumented: __itt_counter_dec_delta
3387945 : 0x18ebb8319e5397 : 2 : ittapi_config_apply_per_lib :  ITTAPI function instrumented: __itt_counter_set_value
3387945 : 0x18ebb8319e5ac1 : 2 : ittapi_config_apply_per_lib :  ITTAPI function not implemented: __itt_counter_set_value_ex
3387945 : 0x18ebb8319e6198 : 2 : ittapi_config_apply_per_lib :  ITTAPI function not implemented: __itt_mark_create
3387945 : 0x18ebb8319e6985 : 2 : ittapi_config_apply_per_lib :  ITTAPI function not implemented: __itt_mark
3387945 : 0x18ebb8319e7163 : 2 : ittapi_config_apply_per_lib :  ITTAPI function not implemented: __itt_mark_off
3387945 : 0x18ebb8319e78dd : 2 : ittapi_config_apply_per_lib :  ITTAPI function not implemented: __itt_mark_global
3387945 : 0x18ebb8319e7fe1 : 2 : ittapi_config_apply_per_lib :  ITTAPI function not implemented: __itt_mark_global_off
3387945 : 0x18ebb8319e8763 : 2 : ittapi_config_apply_per_lib :  ITTAPI function instrumented: __itt_stack_caller_create
3387945 : 0x18ebb8319e8e1d : 2 : ittapi_config_apply_per_lib :  ITTAPI function instrumented: __itt_stack_caller_destroy
3387945 : 0x18ebb8319e9521 : 2 : ittapi_config_apply_per_lib :  ITTAPI function instrumented: __itt_stack_callee_enter
3387945 : 0x18ebb8319eb16e : 2 : ittapi_config_apply_per_lib :  ITTAPI function instrumented: __itt_stack_callee_leave
3387945 : 0x18ebb8319eb8c4 : 2 : ittapi_config_apply_per_lib :  ITTAPI function not implemented: __itt_clock_domain_create
3387945 : 0x18ebb8319ec05c : 2 : ittapi_config_apply_per_lib :  ITTAPI function not implemented: __itt_clock_domain_reset
3387945 : 0x18ebb8319ec77a : 2 : ittapi_config_apply_per_lib :  ITTAPI function not implemented: __itt_id_create_ex
3387945 : 0x18ebb8319eceb6 : 2 : ittapi_config_apply_per_lib :  ITTAPI function not implemented: __itt_id_destroy_ex
3387945 : 0x18ebb8319ed5f8 : 2 : ittapi_config_apply_per_lib :  ITTAPI function not implemented: __itt_task_begin_ex
3387945 : 0x18ebb8319edd70 : 2 : ittapi_config_apply_per_lib :  ITTAPI function not implemented: __itt_task_begin_fn_ex
3387945 : 0x18ebb8319ee490 : 2 : ittapi_config_apply_per_lib :  ITTAPI function not implemented: __itt_task_end_ex
3387945 : 0x18ebb8319eeb96 : 2 : ittapi_config_apply_per_lib :  ITTAPI function instrumented: __itt_task_begin_overlapped
3387945 : 0x18ebb8319ef2cb : 2 : ittapi_config_apply_per_lib :  ITTAPI function not implemented: __itt_task_begin_overlapped_ex
3387945 : 0x18ebb8319f054f : 2 : ittapi_config_apply_per_lib :  ITTAPI function instrumented: __itt_task_end_overlapped
3387945 : 0x18ebb8319f0ebd : 2 : ittapi_config_apply_per_lib :  ITTAPI function not implemented: __itt_task_end_overlapped_ex
3387945 : 0x18ebb8319f15e1 : 2 : ittapi_config_apply_per_lib :  ITTAPI function not implemented: __itt_marker_ex
3387945 : 0x18ebb8319f1d5e : 2 : ittapi_config_apply_per_lib :  ITTAPI function not implemented: __itt_metadata_add_with_scope
3387945 : 0x18ebb8319f2501 : 2 : ittapi_config_apply_per_lib :  ITTAPI function not implemented: __itt_metadata_str_add_with_scope
3387945 : 0x18ebb8319f2c44 : 2 : ittapi_config_apply_per_lib :  ITTAPI function not implemented: __itt_relation_add_to_current_ex
3387945 : 0x18ebb8319f332b : 2 : ittapi_config_apply_per_lib :  ITTAPI function not implemented: __itt_relation_add_ex
3387945 : 0x18ebb8319f3a3c : 2 : ittapi_config_apply_per_lib :  ITTAPI function not implemented: __itt_track_group_create
3387945 : 0x18ebb8319f40c9 : 2 : ittapi_config_apply_per_lib :  ITTAPI function not implemented: __itt_track_create
3387945 : 0x18ebb8319f4803 : 2 : ittapi_config_apply_per_lib :  ITTAPI function not implemented: __itt_set_track
3387945 : 0x18ebb8319f5a11 : 2 : ittapi_config_apply_per_lib :  ITTAPI function instrumented: __itt_api_version
3387945 : 0x18ebb8319f61b7 : 2 : ittapi_config_apply_per_lib :  ITTAPI function not implemented: __itt_av_save
3387945 : 0x18ebb8319f68a5 : 2 : ittapi_config_apply_per_lib :  ITTAPI function instrumented: __itt_module_load
3387945 : 0x18ebb8319f6fc4 : 2 : ittapi_config_apply_per_lib :  ITTAPI function not implemented: __itt_module_unload
3387945 : 0x18ebb8319f7385 : 2 : ittapi_config_apply_per_lib :  ITTAPI function NOT instrumented (not matched by --itt-config option): __itt_histogram_submit

3387945 : 0x18ebb8319f7ac6 : 2 : ittapi_config_apply_per_lib :  ITTAPI function not implemented: __itt_counter_set_value_v3
3387945 : 0x18ebb831a3cd07 : 2 : ittapi_config_mask_get :  --itt-config mask to be applied: 55
3387945 : 0x18ebb831a3d831 : 2 : ittapi_config_apply_per_lib :  ITTAPI function instrumented: __itt_domain_create
3387945 : 0x18ebb831a3e059 : 2 : ittapi_config_apply_per_lib :  ITTAPI function instrumented: __itt_module_load_with_sections
3387945 : 0x18ebb831a3e8f7 : 2 : ittapi_config_apply_per_lib :  ITTAPI function not implemented: __itt_module_unload_with_sections
3387945 : 0x18ebb831a40a50 : 2 : ittapi_config_apply_per_lib :  ITTAPI function instrumented: __itt_string_handle_create
3387945 : 0x18ebb831a410d3 : 2 : ittapi_config_apply_per_lib :  ITTAPI function instrumented: __itt_counter_create
3387945 : 0x18ebb831a41724 : 2 : ittapi_config_apply_per_lib :  ITTAPI function instrumented: __itt_counter_create_typed
3387945 : 0x18ebb831a41e0f : 2 : ittapi_config_apply_per_lib :  ITTAPI function instrumented: __itt_pause
3387945 : 0x18ebb831a42515 : 2 : ittapi_config_apply_per_lib :  ITTAPI function instrumented: __itt_resume
3387945 : 0x18ebb831a42d41 : 2 : ittapi_config_apply_per_lib :  ITTAPI function not implemented: __itt_pause_scoped
3387945 : 0x18ebb831a4354c : 2 : ittapi_config_apply_per_lib :  ITTAPI function not implemented: __itt_resume_scoped
3387945 : 0x18ebb831a43c1f : 2 : ittapi_config_apply_per_lib :  ITTAPI function instrumented: __itt_thread_set_name
3387945 : 0x18ebb831a442cc : 2 : ittapi_config_apply_per_lib :  ITTAPI function instrumented: __itt_thread_ignore
3387945 : 0x18ebb831a449da : 2 : ittapi_config_apply_per_lib :  ITTAPI function instrumented: __itt_thr_name_set
3387945 : 0x18ebb831a45de6 : 2 : ittapi_config_apply_per_lib :  ITTAPI function instrumented: __itt_thr_ignore
3387945 : 0x18ebb831a46487 : 2 : ittapi_config_apply_per_lib :  ITTAPI function instrumented: __itt_histogram_create
3387945 : 0x18ebb831a46bcd : 2 : ittapi_config_apply_per_lib :  ITTAPI function not implemented: __itt_counter_create_v3
3387945 : 0x18ebb831a47367 : 2 : ittapi_config_apply_per_lib :  ITTAPI function not implemented: __itt_bind_context_metadata_to_counter
3387945 : 0x18ebb831a47b40 : 2 : ittapi_config_apply_per_lib :  ITTAPI function not implemented: __itt_enable_attach
3387945 : 0x18ebb831a48285 : 2 : ittapi_config_apply_per_lib :  ITTAPI function instrumented: __itt_detach
3387945 : 0x18ebb831a4865c : 2 : ittapi_config_apply_per_lib :  ITTAPI function NOT instrumented (not matched by --itt-config option): __itt_sync_create

3387945 : 0x18ebb831a48a44 : 2 : ittapi_config_apply_per_lib :  ITTAPI function NOT instrumented (not matched by --itt-config option): __itt_sync_rename

3387945 : 0x18ebb831a48e03 : 2 : ittapi_config_apply_per_lib :  ITTAPI function NOT instrumented (not matched by --itt-config option): __itt_sync_destroy

3387945 : 0x18ebb831a491ad : 2 : ittapi_config_apply_per_lib :  ITTAPI function NOT instrumented (not matched by --itt-config option): __itt_sync_prepare

3387945 : 0x18ebb831a4a0c0 : 2 : ittapi_config_apply_per_lib :  ITTAPI function NOT instrumented (not matched by --itt-config option): __itt_sync_cancel

3387945 : 0x18ebb831a4a450 : 2 : ittapi_config_apply_per_lib :  ITTAPI function NOT instrumented (not matched by --itt-config option): __itt_sync_acquired

3387945 : 0x18ebb831a4a7e5 : 2 : ittapi_config_apply_per_lib :  ITTAPI function NOT instrumented (not matched by --itt-config option): __itt_sync_releasing

3387945 : 0x18ebb831a4b05d : 2 : ittapi_config_apply_per_lib :  ITTAPI function not implemented: __itt_suppress_push
3387945 : 0x18ebb831a4b89e : 2 : ittapi_config_apply_per_lib :  ITTAPI function not implemented: __itt_suppress_pop
3387945 : 0x18ebb831a4c026 : 2 : ittapi_config_apply_per_lib :  ITTAPI function not implemented: __itt_suppress_mark_range
3387945 : 0x18ebb831a4c807 : 2 : ittapi_config_apply_per_lib :  ITTAPI function not implemented: __itt_suppress_clear_range
3387945 : 0x18ebb831a4cb96 : 2 : ittapi_config_apply_per_lib :  ITTAPI function NOT instrumented (not matched by --itt-config option): __itt_sync_prepare

3387945 : 0x18ebb831a4cf54 : 2 : ittapi_config_apply_per_lib :  ITTAPI function NOT instrumented (not matched by --itt-config option): __itt_sync_cancel

3387945 : 0x18ebb831a4d2cd : 2 : ittapi_config_apply_per_lib :  ITTAPI function NOT instrumented (not matched by --itt-config option): __itt_sync_acquired

3387945 : 0x18ebb831a4e135 : 2 : ittapi_config_apply_per_lib :  ITTAPI function NOT instrumented (not matched by --itt-config option): __itt_sync_releasing

3387945 : 0x18ebb831a4e537 : 2 : ittapi_config_apply_per_lib :  ITTAPI function NOT instrumented (not matched by --itt-config option): __itt_model_site_begin

3387945 : 0x18ebb831a4e948 : 2 : ittapi_config_apply_per_lib :  ITTAPI function NOT instrumented (not matched by --itt-config option): __itt_model_site_end

3387945 : 0x18ebb831a4ed6c : 2 : ittapi_config_apply_per_lib :  ITTAPI function NOT instrumented (not matched by --itt-config option): __itt_model_task_begin

3387945 : 0x18ebb831a4f135 : 2 : ittapi_config_apply_per_lib :  ITTAPI function NOT instrumented (not matched by --itt-config option): __itt_model_task_end

3387945 : 0x18ebb831a4f514 : 2 : ittapi_config_apply_per_lib :  ITTAPI function NOT instrumented (not matched by --itt-config option): __itt_model_lock_acquire

3387945 : 0x18ebb831a4f8c8 : 2 : ittapi_config_apply_per_lib :  ITTAPI function NOT instrumented (not matched by --itt-config option): __itt_model_lock_release

3387945 : 0x18ebb831a4fc74 : 2 : ittapi_config_apply_per_lib :  ITTAPI function NOT instrumented (not matched by --itt-config option): __itt_model_record_allocation

3387945 : 0x18ebb831a50006 : 2 : ittapi_config_apply_per_lib :  ITTAPI function NOT instrumented (not matched by --itt-config option): __itt_model_record_deallocation

3387945 : 0x18ebb831a50359 : 2 : ittapi_config_apply_per_lib :  ITTAPI function NOT instrumented (not matched by --itt-config option): __itt_model_induction_uses

3387945 : 0x18ebb831a516d4 : 2 : ittapi_config_apply_per_lib :  ITTAPI function NOT instrumented (not matched by --itt-config option): __itt_model_reduction_uses

3387945 : 0x18ebb831a51ac8 : 2 : ittapi_config_apply_per_lib :  ITTAPI function NOT instrumented (not matched by --itt-config option): __itt_model_observe_uses

3387945 : 0x18ebb831a51e74 : 2 : ittapi_config_apply_per_lib :  ITTAPI function NOT instrumented (not matched by --itt-config option): __itt_model_clear_uses

3387945 : 0x18ebb831a52216 : 2 : ittapi_config_apply_per_lib :  ITTAPI function NOT instrumented (not matched by --itt-config option): __itt_model_site_beginA

3387945 : 0x18ebb831a525c5 : 2 : ittapi_config_apply_per_lib :  ITTAPI function NOT instrumented (not matched by --itt-config option): __itt_model_site_beginAL

3387945 : 0x18ebb831a529a4 : 2 : ittapi_config_apply_per_lib :  ITTAPI function NOT instrumented (not matched by --itt-config option): __itt_model_task_beginA

3387945 : 0x18ebb831a52d10 : 2 : ittapi_config_apply_per_lib :  ITTAPI function NOT instrumented (not matched by --itt-config option): __itt_model_task_beginAL

3387945 : 0x18ebb831a530a2 : 2 : ittapi_config_apply_per_lib :  ITTAPI function NOT instrumented (not matched by --itt-config option): __itt_model_iteration_taskA

3387945 : 0x18ebb831a5344f : 2 : ittapi_config_apply_per_lib :  ITTAPI function NOT instrumented (not matched by --itt-config option): __itt_model_iteration_taskAL

3387945 : 0x18ebb831a53834 : 2 : ittapi_config_apply_per_lib :  ITTAPI function NOT instrumented (not matched by --itt-config option): __itt_model_site_end_2

3387945 : 0x18ebb831a54680 : 2 : ittapi_config_apply_per_lib :  ITTAPI function NOT instrumented (not matched by --itt-config option): __itt_model_task_end_2

3387945 : 0x18ebb831a54ab1 : 2 : ittapi_config_apply_per_lib :  ITTAPI function NOT instrumented (not matched by --itt-config option): __itt_model_lock_acquire_2

3387945 : 0x18ebb831a54e58 : 2 : ittapi_config_apply_per_lib :  ITTAPI function NOT instrumented (not matched by --itt-config option): __itt_model_lock_release_2

3387945 : 0x18ebb831a55203 : 2 : ittapi_config_apply_per_lib :  ITTAPI function NOT instrumented (not matched by --itt-config option): __itt_model_aggregate_task

3387945 : 0x18ebb831a555a6 : 2 : ittapi_config_apply_per_lib :  ITTAPI function NOT instrumented (not matched by --itt-config option): __itt_model_disable_push

3387945 : 0x18ebb831a55921 : 2 : ittapi_config_apply_per_lib :  ITTAPI function NOT instrumented (not matched by --itt-config option): __itt_model_disable_pop

3387945 : 0x18ebb831a56009 : 2 : ittapi_config_apply_per_lib :  ITTAPI function instrumented: __itt_heap_function_create
3387945 : 0x18ebb831a5673c : 2 : ittapi_config_apply_per_lib :  ITTAPI function instrumented: __itt_heap_allocate_begin
3387945 : 0x18ebb831a56e17 : 2 : ittapi_config_apply_per_lib :  ITTAPI function instrumented: __itt_heap_allocate_end
3387945 : 0x18ebb831a574a7 : 2 : ittapi_config_apply_per_lib :  ITTAPI function instrumented: __itt_heap_free_begin
3387945 : 0x18ebb831a58c5c : 2 : ittapi_config_apply_per_lib :  ITTAPI function instrumented: __itt_heap_free_end
3387945 : 0x18ebb831a5930f : 2 : ittapi_config_apply_per_lib :  ITTAPI function instrumented: __itt_heap_reallocate_begin
3387945 : 0x18ebb831a59986 : 2 : ittapi_config_apply_per_lib :  ITTAPI function instrumented: __itt_heap_reallocate_end
3387945 : 0x18ebb831a5a15d : 2 : ittapi_config_apply_per_lib :  ITTAPI function not implemented: __itt_heap_internal_access_begin
3387945 : 0x18ebb831a5a8ea : 2 : ittapi_config_apply_per_lib :  ITTAPI function not implemented: __itt_heap_internal_access_end
3387945 : 0x18ebb831a5b05f : 2 : ittapi_config_apply_per_lib :  ITTAPI function not implemented: __itt_heap_record_memory_growth_begin
3387945 : 0x18ebb831a5b7b4 : 2 : ittapi_config_apply_per_lib :  ITTAPI function not implemented: __itt_heap_record_memory_growth_end
3387945 : 0x18ebb831a5bea2 : 2 : ittapi_config_apply_per_lib :  ITTAPI function not implemented: __itt_heap_reset_detection
3387945 : 0x18ebb831a5c64f : 2 : ittapi_config_apply_per_lib :  ITTAPI function not implemented: __itt_heap_record
3387945 : 0x18ebb831a5cd5f : 2 : ittapi_config_apply_per_lib :  ITTAPI function not implemented: __itt_id_create
3387945 : 0x18ebb831a5e019 : 2 : ittapi_config_apply_per_lib :  ITTAPI function not implemented: __itt_id_destroy
3387945 : 0x18ebb831a5e77a : 2 : ittapi_config_apply_per_lib :  ITTAPI function instrumented: __itt_get_timestamp
3387945 : 0x18ebb831a5eea1 : 2 : ittapi_config_apply_per_lib :  ITTAPI function not implemented: __itt_region_begin
3387945 : 0x18ebb831a5f682 : 2 : ittapi_config_apply_per_lib :  ITTAPI function not implemented: __itt_region_end
3387945 : 0x18ebb831a5fd55 : 2 : ittapi_config_apply_per_lib :  ITTAPI function instrumented: __itt_frame_begin_v3
3387945 : 0x18ebb831a6048b : 2 : ittapi_config_apply_per_lib :  ITTAPI function instrumented: __itt_frame_end_v3
3387945 : 0x18ebb831a60b56 : 2 : ittapi_config_apply_per_lib :  ITTAPI function instrumented: __itt_frame_submit_v3
3387945 : 0x18ebb831a6132f : 2 : ittapi_config_apply_per_lib :  ITTAPI function not implemented: __itt_task_group
3387945 : 0x18ebb831a61a5e : 2 : ittapi_config_apply_per_lib :  ITTAPI function instrumented: __itt_task_begin
3387945 : 0x18ebb831a62137 : 2 : ittapi_config_apply_per_lib :  ITTAPI function instrumented: __itt_task_begin_fn
3387945 : 0x18ebb831a63441 : 2 : ittapi_config_apply_per_lib :  ITTAPI function instrumented: __itt_task_end
3387945 : 0x18ebb831a63be9 : 2 : ittapi_config_apply_per_lib :  ITTAPI function not implemented: __itt_counter_inc_v3
3387945 : 0x18ebb831a64381 : 2 : ittapi_config_apply_per_lib :  ITTAPI function not implemented: __itt_counter_inc_delta_v3
3387945 : 0x18ebb831a64ab8 : 2 : ittapi_config_apply_per_lib :  ITTAPI function not implemented: __itt_counter_dec_v3
3387945 : 0x18ebb831a651ce : 2 : ittapi_config_apply_per_lib :  ITTAPI function not implemented: __itt_counter_dec_delta_v3
3387945 : 0x18ebb831a65910 : 2 : ittapi_config_apply_per_lib :  ITTAPI function not implemented: __itt_marker
3387945 : 0x18ebb831a65ff4 : 2 : ittapi_config_apply_per_lib :  ITTAPI function instrumented: __itt_metadata_add
3387945 : 0x18ebb831a66770 : 2 : ittapi_config_apply_per_lib :  ITTAPI function not implemented: __itt_metadata_str_add
3387945 : 0x18ebb831a66e9c : 2 : ittapi_config_apply_per_lib :  ITTAPI function not implemented: __itt_relation_add_to_current
3387945 : 0x18ebb831a67618 : 2 : ittapi_config_apply_per_lib :  ITTAPI function not implemented: __itt_relation_add
3387945 : 0x18ebb831a68857 : 2 : ittapi_config_apply_per_lib :  ITTAPI function instrumented: __itt_event_create
3387945 : 0x18ebb831a68fe4 : 2 : ittapi_config_apply_per_lib :  ITTAPI function instrumented: __itt_event_start
3387945 : 0x18ebb831a69669 : 2 : ittapi_config_apply_per_lib :  ITTAPI function instrumented: __itt_event_end
3387945 : 0x18ebb831a699e3 : 2 : ittapi_config_apply_per_lib :  ITTAPI function NOT instrumented (not matched by --itt-config option): __itt_sync_set_name

3387945 : 0x18ebb831a69da1 : 2 : ittapi_config_apply_per_lib :  ITTAPI function NOT instrumented (not matched by --itt-config option): __itt_notify_sync_name

3387945 : 0x18ebb831a6a18d : 2 : ittapi_config_apply_per_lib :  ITTAPI function NOT instrumented (not matched by --itt-config option): __itt_notify_sync_prepare

3387945 : 0x18ebb831a6a5a1 : 2 : ittapi_config_apply_per_lib :  ITTAPI function NOT instrumented (not matched by --itt-config option): __itt_notify_sync_cancel

3387945 : 0x18ebb831a6a95b : 2 : ittapi_config_apply_per_lib :  ITTAPI function NOT instrumented (not matched by --itt-config option): __itt_notify_sync_acquired

3387945 : 0x18ebb831a6ad11 : 2 : ittapi_config_apply_per_lib :  ITTAPI function NOT instrumented (not matched by --itt-config option): __itt_notify_sync_releasing

3387945 : 0x18ebb831a6b589 : 2 : ittapi_config_apply_per_lib :  ITTAPI function not implemented: __itt_memory_read
3387945 : 0x18ebb831a6ced6 : 2 : ittapi_config_apply_per_lib :  ITTAPI function not implemented: __itt_memory_write
3387945 : 0x18ebb831a6d618 : 2 : ittapi_config_apply_per_lib :  ITTAPI function not implemented: __itt_memory_update
3387945 : 0x18ebb831a6ddbd : 2 : ittapi_config_apply_per_lib :  ITTAPI function not implemented: __itt_state_get
3387945 : 0x18ebb831a6e497 : 2 : ittapi_config_apply_per_lib :  ITTAPI function not implemented: __itt_state_set
3387945 : 0x18ebb831a6ebf8 : 2 : ittapi_config_apply_per_lib :  ITTAPI function not implemented: __itt_obj_mode_set
3387945 : 0x18ebb831a6f365 : 2 : ittapi_config_apply_per_lib :  ITTAPI function not implemented: __itt_thr_mode_set
3387945 : 0x18ebb831a6f9ce : 2 : ittapi_config_apply_per_lib :  ITTAPI function instrumented: __itt_frame_create
3387945 : 0x18ebb831a7000b : 2 : ittapi_config_apply_per_lib :  ITTAPI function instrumented: __itt_pt_region_create
3387945 : 0x18ebb831a706ee : 2 : ittapi_config_apply_per_lib :  ITTAPI function instrumented: __itt_frame_begin
3387945 : 0x18ebb831a70d86 : 2 : ittapi_config_apply_per_lib :  ITTAPI function instrumented: __itt_frame_end
3387945 : 0x18ebb831a720ec : 2 : ittapi_config_apply_per_lib :  ITTAPI function not implemented: __itt_counter_destroy
3387945 : 0x18ebb831a72806 : 2 : ittapi_config_apply_per_lib :  ITTAPI function instrumented: __itt_counter_inc
3387945 : 0x18ebb831a72ea7 : 2 : ittapi_config_apply_per_lib :  ITTAPI function instrumented: __itt_counter_inc_delta
3387945 : 0x18ebb831a73526 : 2 : ittapi_config_apply_per_lib :  ITTAPI function instrumented: __itt_counter_dec
3387945 : 0x18ebb831a73c52 : 2 : ittapi_config_apply_per_lib :  ITTAPI function instrumented: __itt_counter_dec_delta
3387945 : 0x18ebb831a742eb : 2 : ittapi_config_apply_per_lib :  ITTAPI function instrumented: __itt_counter_set_value
3387945 : 0x18ebb831a749e5 : 2 : ittapi_config_apply_per_lib :  ITTAPI function not implemented: __itt_counter_set_value_ex
3387945 : 0x18ebb831a750a7 : 2 : ittapi_config_apply_per_lib :  ITTAPI function not implemented: __itt_mark_create
3387945 : 0x18ebb831a75846 : 2 : ittapi_config_apply_per_lib :  ITTAPI function not implemented: __itt_mark
3387945 : 0x18ebb831a76ea0 : 2 : ittapi_config_apply_per_lib :  ITTAPI function not implemented: __itt_mark_off
3387945 : 0x18ebb831a784ca : 2 : ittapi_config_apply_per_lib :  ITTAPI function not implemented: __itt_mark_global
3387945 : 0x18ebb831a78bdf : 2 : ittapi_config_apply_per_lib :  ITTAPI function not implemented: __itt_mark_global_off
3387945 : 0x18ebb831a79331 : 2 : ittapi_config_apply_per_lib :  ITTAPI function instrumented: __itt_stack_caller_create
3387945 : 0x18ebb831a799f8 : 2 : ittapi_config_apply_per_lib :  ITTAPI function instrumented: __itt_stack_caller_destroy
3387945 : 0x18ebb831a7a11f : 2 : ittapi_config_apply_per_lib :  ITTAPI function instrumented: __itt_stack_callee_enter
3387945 : 0x18ebb831a7a824 : 2 : ittapi_config_apply_per_lib :  ITTAPI function instrumented: __itt_stack_callee_leave
3387945 : 0x18ebb831a7af86 : 2 : ittapi_config_apply_per_lib :  ITTAPI function not implemented: __itt_clock_domain_create
3387945 : 0x18ebb831a7b74c : 2 : ittapi_config_apply_per_lib :  ITTAPI function not implemented: __itt_clock_domain_reset
3387945 : 0x18ebb831a7bf2e : 2 : ittapi_config_apply_per_lib :  ITTAPI function not implemented: __itt_id_create_ex
3387945 : 0x18ebb831a7c69e : 2 : ittapi_config_apply_per_lib :  ITTAPI function not implemented: __itt_id_destroy_ex
3387945 : 0x18ebb831a7df3d : 2 : ittapi_config_apply_per_lib :  ITTAPI function not implemented: __itt_task_begin_ex
3387945 : 0x18ebb831a7e727 : 2 : ittapi_config_apply_per_lib :  ITTAPI function not implemented: __itt_task_begin_fn_ex
3387945 : 0x18ebb831a7eeac : 2 : ittapi_config_apply_per_lib :  ITTAPI function not implemented: __itt_task_end_ex
3387945 : 0x18ebb831a7f5f0 : 2 : ittapi_config_apply_per_lib :  ITTAPI function instrumented: __itt_task_begin_overlapped
3387945 : 0x18ebb831a7fd52 : 2 : ittapi_config_apply_per_lib :  ITTAPI function not implemented: __itt_task_begin_overlapped_ex
3387945 : 0x18ebb831a80485 : 2 : ittapi_config_apply_per_lib :  ITTAPI function instrumented: __itt_task_end_overlapped
3387945 : 0x18ebb831a80bb9 : 2 : ittapi_config_apply_per_lib :  ITTAPI function not implemented: __itt_task_end_overlapped_ex
3387945 : 0x18ebb831a81315 : 2 : ittapi_config_apply_per_lib :  ITTAPI function not implemented: __itt_marker_ex
3387945 : 0x18ebb831a81a52 : 2 : ittapi_config_apply_per_lib :  ITTAPI function not implemented: __itt_metadata_add_with_scope
3387945 : 0x18ebb831a82219 : 2 : ittapi_config_apply_per_lib :  ITTAPI function not implemented: __itt_metadata_str_add_with_scope
3387945 : 0x18ebb831a834f1 : 2 : ittapi_config_apply_per_lib :  ITTAPI function not implemented: __itt_relation_add_to_current_ex
3387945 : 0x18ebb831a83c12 : 2 : ittapi_config_apply_per_lib :  ITTAPI function not implemented: __itt_relation_add_ex
3387945 : 0x18ebb831a84336 : 2 : ittapi_config_apply_per_lib :  ITTAPI function not implemented: __itt_track_group_create
3387945 : 0x18ebb831a84a03 : 2 : ittapi_config_apply_per_lib :  ITTAPI function not implemented: __itt_track_create
3387945 : 0x18ebb831a851af : 2 : ittapi_config_apply_per_lib :  ITTAPI function not implemented: __itt_set_track
3387945 : 0x18ebb831a85868 : 2 : ittapi_config_apply_per_lib :  ITTAPI function instrumented: __itt_api_version
3387945 : 0x18ebb831a85fb9 : 2 : ittapi_config_apply_per_lib :  ITTAPI function not implemented: __itt_av_save
3387945 : 0x18ebb831a866f1 : 2 : ittapi_config_apply_per_lib :  ITTAPI function instrumented: __itt_module_load
3387945 : 0x18ebb831a86e12 : 2 : ittapi_config_apply_per_lib :  ITTAPI function not implemented: __itt_module_unload
3387945 : 0x18ebb831a871d1 : 2 : ittapi_config_apply_per_lib :  ITTAPI function NOT instrumented (not matched by --itt-config option): __itt_histogram_submit

3387945 : 0x18ebb831a8852b : 2 : ittapi_config_apply_per_lib :  ITTAPI function not implemented: __itt_counter_set_value_v3