
3387633 : 0x18ebb15ac2eacc : 1 : spill_jit_data :  Jit agent is not initialized
3387617 : 0x18ebb15ac313ed : 2 : ittapi_config_mask_get :  --itt-config mask to be applied: 55
3387617 : 0x18ebb15ac32fa2 : 2 : ittapi_config_apply_per_lib :  ITTAPI function instrumented: __itt_domain_create
3387617 : 0x18ebb15ac339bb : 2 : ittapi_config_apply_per_lib :  ITTAPI function instrumented: __itt_module_load_with_sections
3387617 : 0x18ebb15ac345f3 : 2 : ittapi_config_apply_per_lib :  ITTAPI function not implemented: __itt_module_unload_with_sections
3387617 : 0x18ebb15ac34e71 : 2 : ittapi_config_apply_per_lib :  ITTAPI function instrumented: __itt_string_handle_create
3387617 : 0x18ebb15ac35560 : 2 : ittapi_config_apply_per_lib :  ITTAPI function instrumented: __itt_counter_create
3387617 : 0x18ebb15ac35c05 : 2 : ittapi_config_apply_per_lib :  ITTAPI function instrumented: __itt_counter_create_typed
3387617 : 0x18ebb15ac36358 : 2 : ittapi_config_apply_per_lib :  ITTAPI function instrumented: __itt_pause
3387617 : 0x18ebb15ac36b07 : 2 : ittapi_config_apply_per_lib :  ITTAPI function instrumented: __itt_resume
3387617 : 0x18ebb15ac3b00b : 2 : ittapi_config_apply_per_lib :  ITTAPI function not implemented: __itt_pause_scoped
3387617 : 0x18ebb15ac3b94a : 2 : ittapi_config_apply_per_lib :  ITTAPI function not implemented: __itt_resume_scoped
3387617 : 0x18ebb15ac3c04b : 2 : ittapi_config_apply_per_lib :  ITTAPI function instrumented: __itt_thread_set_name
3387617 : 0x18ebb15ac3c834 : 2 : ittapi_config_apply_per_lib :  ITTAPI function instrumented: __itt_thread_ignore
3387617 : 0x18ebb15ac3cfac : 2 : ittapi_config_apply_per_lib :  ITTAPI function instrumented: __itt_thr_name_set
3387617 : 0x18ebb15ac3d792 : 2 : ittapi_config_apply_per_lib :  ITTAPI function instrumented: __itt_thr_ignore
3387617 : 0x18ebb15ac3de3d : 2 : ittapi_config_apply_per_lib :  ITTAPI function instrumented: __itt_histogram_create
3387617 : 0x18ebb15ac3e5a9 : 2 : ittapi_config_apply_per_lib :  ITTAPI function not implemented: __itt_counter_create_v3
3387617 : 0x18ebb15ac3ed9a : 2 : ittapi_config_apply_per_lib :  ITTAPI function not implemented: __itt_bind_context_metadata_to_counter
3387617 : 0x18ebb15ac3f5b8 : 2 : ittapi_config_apply_per_lib :  ITTAPI function not implemented: __itt_enable_attach
3387617 : 0x18ebb15ac40c65 : 2 : ittapi_config_apply_per_lib :  ITTAPI function instrumented: __itt_detach
3387617 : 0x18ebb15ac410e2 : 2 : ittapi_config_apply_per_lib :  ITTAPI function NOT instrumented (not matched by --itt-config option): __itt_sync_create

3387617 : 0x18ebb15ac415a0 : 2 : ittapi_config_apply_per_lib :  ITTAPI function NOT instrumented (not matched by --itt-config option): __itt_sync_rename

3387617 : 0x18ebb15ac419ce : 2 : ittapi_config_apply_per_lib :  ITTAPI function NOT instrumented (not matched by --itt-config option): __itt_sync_destroy

3387617 : 0x18ebb15ac41dc4 : 2 : ittapi_config_apply_per_lib :  ITTAPI function NOT instrumented (not matched by --itt-config option): __itt_sync_prepare

3387617 : 0x18ebb15ac421cb : 2 : ittapi_config_apply_per_lib :  ITTAPI function NOT instrumented (not matched by --itt-config option): __itt_sync_cancel

3387617 : 0x18ebb15ac4255e : 2 : ittapi_config_apply_per_lib :  ITTAPI function NOT instrumented (not matched by --itt-config option): __itt_sync_acquired

3387617 : 0x18ebb15ac42939 : 2 : ittapi_config_apply_per_lib :  ITTAPI function NOT instrumented (not matched by --itt-config option): __itt_sync_releasing

3387617 : 0x18ebb15ac43175 : 2 : ittapi_config_apply_per_lib :  ITTAPI function not implemented: __itt_suppress_push
3387617 : 0x18ebb15ac43a6a : 2 : ittapi_config_apply_per_lib :  ITTAPI function not implemented: __itt_suppress_pop
3387617 : 0x18ebb15ac44e85 : 2 : ittapi_config_apply_per_lib :  ITTAPI function not implemented: __itt_suppress_mark_range
3387617 : 0x18ebb15ac456e0 : 2 : ittapi_config_apply_per_lib :  ITTAPI function not implemented: __itt_suppress_clear_range
3387617 : 0x18ebb15ac45a71 : 2 : ittapi_config_apply_per_lib :  ITTAPI function NOT instrumented (not matched by --itt-config option): __itt_sync_prepare

3387617 : 0x18ebb15ac45e6f : 2 : ittapi_config_apply_per_lib :  ITTAPI function NOT instrumented (not matched by --itt-config option): __itt_sync_cancel

3387617 : 0x18ebb15ac46205 : 2 : ittapi_config_apply_per_lib :  ITTAPI function NOT instrumented (not matched by --itt-config option): __itt_sync_acquired

3387617 : 0x18ebb15ac4659a : 2 : ittapi_config_apply_per_lib :  ITTAPI function NOT instrumented (not matched by --itt-config option): __itt_sync_releasing

3387617 : 0x18ebb15ac469cf : 2 : ittapi_config_apply_per_lib :  ITTAPI function NOT instrumented (not matched by --itt-config option): __itt_model_site_begin

3387617 : 0x18ebb15ac46de0 : 2 : ittapi_config_apply_per_lib :  ITTAPI function NOT instrumented (not matched by --itt-config option): __itt_model_site_end

3387617 : 0x18ebb15ac47225 : 2 : ittapi_config_apply_per_lib :  ITTAPI function NOT instrumented (not matched by --itt-config option): __itt_model_task_begin

3387617 : 0x18ebb15ac4760d : 2 : ittapi_config_apply_per_lib :  ITTAPI function NOT instrumented (not matched by --itt-config option): __itt_model_task_end

3387617 : 0x18ebb15ac48fbe : 2 : ittapi_config_apply_per_lib :  ITTAPI function NOT instrumented (not matched by --itt-config option): __itt_model_lock_acquire

3387617 : 0x18ebb15ac493fd : 2 : ittapi_config_apply_per_lib :  ITTAPI function NOT instrumented (not matched by --itt-config option): __itt_model_lock_release

3387617 : 0x18ebb15ac497eb : 2 : ittapi_config_apply_per_lib :  ITTAPI function NOT instrumented (not matched by --itt-config option): __itt_model_record_allocation

3387617 : 0x18ebb15ac49bb8 : 2 : ittapi_config_apply_per_lib :  ITTAPI function NOT instrumented (not matched by --itt-config option): __itt_model_record_deallocation

3387617 : 0x18ebb15ac49f4d : 2 : ittapi_config_apply_per_lib :  ITTAPI function NOT instrumented (not matched by --itt-config option): __itt_model_induction_uses

3387617 : 0x18ebb15ac4a2fe : 2 : ittapi_config_apply_per_lib :  ITTAPI function NOT instrumented (not matched by --itt-config option): __itt_model_reduction_uses

3387617 : 0x18ebb15ac4a701 : 2 : ittapi_config_apply_per_lib :  ITTAPI function NOT instrumented (not matched by --itt-config option): __itt_model_observe_uses

3387617 : 0x18ebb15ac4aadc : 2 : ittapi_config_apply_per_lib :  ITTAPI function NOT instrumented (not matched by --itt-config option): __itt_model_clear_uses

3387617 : 0x18ebb15ac4ae8b : 2 : ittapi_config_apply_per_lib :  ITTAPI function NOT instrumented (not matched by --itt-config option): __itt_model_site_beginA

3387617 : 0x18ebb15ac4b25f : 2 : ittapi_config_apply_per_lib :  ITTAPI function NOT instrumented (not matched by --itt-config option): __itt_model_site_beginAL

3387617 : 0x18ebb15ac4c1f5 : 2 : ittapi_config_apply_per_lib :  ITTAPI function NOT instrumented (not matched by --itt-config option): __itt_model_task_beginA

3387617 : 0x18ebb15ac4c5f3 : 2 : ittapi_config_apply_per_lib :  ITTAPI function NOT instrumented (not matched by --itt-config option): __itt_model_task_beginAL

3387617 : 0x18ebb15ac4ca10 : 2 : ittapi_config_apply_per_lib :  ITTAPI function NOT instrumented (not matched by --itt-config option): __itt_model_iteration_taskA

3387617 : 0x18ebb15ac4cddf : 2 : ittapi_config_apply_per_lib :  ITTAPI function NOT instrumented (not matched by --itt-config option): __itt_model_iteration_taskAL

3387617 : 0x18ebb15ac4d201 : 2 : ittapi_config_apply_per_lib :  ITTAPI function NOT instrumented (not matched by --itt-config option): __itt_model_site_end_2

3387617 : 0x18ebb15ac4d5e9 : 2 : ittapi_config_apply_per_lib :  ITTAPI function NOT instrumented (not matched by --itt-config option): __itt_model_task_end_2

3387617 : 0x18ebb15ac4d9d8 : 2 : ittapi_config_apply_per_lib :  ITTAPI function NOT instrumented (not matched by --itt-config option): __itt_model_lock_acquire_2

3387617 : 0x18ebb15ac4ddbe : 2 : ittapi_config_apply_per_lib :  ITTAPI function NOT instrumented (not matched by --itt-config option): __itt_model_lock_release_2

3387617 : 0x18ebb15ac4e1d0 : 2 : ittapi_config_apply_per_lib :  ITTAPI function NOT instrumented (not matched by --itt-config option): __itt_model_aggregate_task

3387617 : 0x18ebb15ac4e598 : 2 : ittapi_config_apply_per_lib :  ITTAPI function NOT instrumented (not matched by --itt-config option): __itt_model_disable_push

3387617 : 0x18ebb15ac4f95a : 2 : ittapi_config_apply_per_lib :  ITTAPI function NOT instrumented (not matched by --itt-config option): __itt_model_disable_pop

3387617 : 0x18ebb15ac500df : 2 : ittapi_config_apply_per_lib :  ITTAPI function instrumented: __itt_heap_function_create
3387617 : 0x18ebb15ac50902 : 2 : ittapi_config_apply_per_lib :  ITTAPI function instrumented: __itt_heap_allocate_begin
3387617 : 0x18ebb15ac5100d : 2 : ittapi_config_apply_per_lib :  ITTAPI function instrumented: __itt_heap_allocate_end
3387617 : 0x18ebb15ac5172e : 2 : ittapi_config_apply_per_lib :  ITTAPI function instrumented: __itt_heap_free_begin
3387617 : 0x18ebb15ac51e68 : 2 : ittapi_config_apply_per_lib :  ITTAPI function instrumented: __itt_heap_free_end
3387617 : 0x18ebb15ac52532 : 2 : ittapi_config_apply_per_lib :  ITTAPI function instrumented: __itt_heap_reallocate_begin
3387617 : 0x18ebb15ac52bc7 : 2 : ittapi_config_apply_per_lib :  ITTAPI function instrumented: __itt_heap_reallocate_end
3387617 : 0x18ebb15ac53379 : 2 : ittapi_config_apply_per_lib :  ITTAPI function not implemented: __itt_heap_internal_access_begin
3387617 : 0x18ebb15ac53b5a : 2 : ittapi_config_apply_per_lib :  ITTAPI function not implemented: __itt_heap_internal_access_end
3387617 : 0x18ebb15ac54efa : 2 : ittapi_config_apply_per_lib :  ITTAPI function not implemented: __itt_heap_record_memory_growth_begin
3387617 : 0x18ebb15ac5567d : 2 : ittapi_config_apply_per_lib :  ITTAPI function not implemented: __itt_heap_record_memory_growth_end
3387617 : 0x18ebb15ac55df9 : 2 : ittapi_config_apply_per_lib :  ITTAPI function not implemented: __itt_heap_reset_detection
3387617 : 0x18ebb15ac56600 : 2 : ittapi_config_apply_per_lib :  ITTAPI function not implemented: __itt_heap_record
3387617 : 0x18ebb15ac56d2d : 2 : ittapi_config_apply_per_lib :  ITTAPI function not implemented: __itt_id_create
3387617 : 0x18ebb15ac574b4 : 2 : ittapi_config_apply_per_lib :  ITTAPI function not implemented: __itt_id_destroy
3387617 : 0x18ebb15ac57c03 : 2 : ittapi_config_apply_per_lib :  ITTAPI function instrumented: __itt_get_timestamp
3387617 : 0x18ebb15ac58380 : 2 : ittapi_config_apply_per_lib :  ITTAPI function not implemented: __itt_region_begin
3387617 : 0x18ebb15ac58ba6 : 2 : ittapi_config_apply_per_lib :  ITTAPI function not implemented: __itt_region_end
3387617 : 0x18ebb15ac592de : 2 : ittapi_config_apply_per_lib :  ITTAPI function instrumented: __itt_frame_begin_v3
3387617 : 0x18ebb15ac5a5aa : 2 : ittapi_config_apply_per_lib :  ITTAPI function instrumented: __itt_frame_end_v3
3387617 : 0x18ebb15ac5ad13 : 2 : ittapi_config_apply_per_lib :  ITTAPI function instrumented: __itt_frame_submit_v3
3387617 : 0x18ebb15ac5b55b : 2 : ittapi_config_apply_per_lib :  ITTAPI function not implemented: __itt_task_group
3387617 : 0x18ebb15ac5bcb3 : 2 : ittapi_config_apply_per_lib :  ITTAPI function instrumented: __itt_task_begin
3387617 : 0x18ebb15ac5c3ee : 2 : ittapi_config_apply_per_lib :  ITTAPI function instrumented: __itt_task_begin_fn
3387617 : 0x18ebb15ac5caf2 : 2 : ittapi_config_apply_per_lib :  ITTAPI function instrumented: __itt_task_end
3387617 : 0x18ebb15ac5d2aa : 2 : ittapi_config_apply_per_lib :  ITTAPI function not implemented: __itt_counter_inc_v3
3387617 : 0x18ebb15ac5daa3 : 2 : ittapi_config_apply_per_lib :  ITTAPI function not implemented: __itt_counter_inc_delta_v3
3387617 : 0x18ebb15ac5e228 : 2 : ittapi_config_apply_per_lib :  ITTAPI function not implemented: __itt_counter_dec_v3
3387617 : 0x18ebb15ac5e95c : 2 : ittapi_config_apply_per_lib :  ITTAPI function not implemented: __itt_counter_dec_delta_v3
3387617 : 0x18ebb15ac5fc43 : 2 : ittapi_config_apply_per_lib :  ITTAPI function not implemented: __itt_marker
3387617 : 0x18ebb15ac60387 : 2 : ittapi_config_apply_per_lib :  ITTAPI function instrumented: __itt_metadata_add
3387617 : 0x18ebb15ac60b47 : 2 : ittapi_config_apply_per_lib :  ITTAPI function not implemented: __itt_metadata_str_add
3387617 : 0x18ebb15ac612a7 : 2 : ittapi_config_apply_per_lib :  ITTAPI function not implemented: __itt_relation_add_to_current
3387617 : 0x18ebb15ac61a0f : 2 : ittapi_config_apply_per_lib :  ITTAPI function not implemented: __itt_relation_add
3387617 : 0x18ebb15ac620ad : 2 : ittapi_config_apply_per_lib :  ITTAPI function instrumented: __itt_event_create
3387617 : 0x18ebb15ac62800 : 2 : ittapi_config_apply_per_lib :  ITTAPI function instrumented: __itt_event_start
3387617 : 0x18ebb15ac62ecb : 2 : ittapi_config_apply_per_lib :  ITTAPI function instrumented: __itt_event_end
3387617 : 0x18ebb15ac63258 : 2 : ittapi_config_apply_per_lib :  ITTAPI function NOT instrumented (not matched by --itt-config option): __itt_sync_set_name

3387617 : 0x18ebb15ac63654 : 2 : ittapi_config_apply_per_lib :  ITTAPI function NOT instrumented (not matched by --itt-config option): __itt_notify_sync_name

3387617 : 0x18ebb15ac64eaa : 2 : ittapi_config_apply_per_lib :  ITTAPI function NOT instrumented (not matched by --itt-config option): __itt_notify_sync_prepare

3387617 : 0x18ebb15ac652e6 : 2 : ittapi_config_apply_per_lib :  ITTAPI function NOT instrumented (not matched by --itt-config option): __itt_notify_sync_cancel

3387617 : 0x18ebb15ac656ae : 2 : ittapi_config_apply_per_lib :  ITTAPI function NOT instrumented (not matched by --itt-config option): __itt_notify_sync_acquired

3387617 : 0x18ebb15ac65a7a : 2 : ittapi_config_apply_per_lib :  ITTAPI function NOT instrumented (not matched by --itt-config option): __itt_notify_sync_releasing

3387617 : 0x18ebb15ac66286 : 2 : ittapi_config_apply_per_lib :  ITTAPI function not implemented: __itt_memory_read
3387617 : 0x18ebb15ac66a4d : 2 : ittapi_config_apply_per_lib :  ITTAPI function not implemented: __itt_memory_write
3387617 : 0x18ebb15ac67182 : 2 : ittapi_config_apply_per_lib :  ITTAPI function not implemented: __itt_memory_update
3387617 : 0x18ebb15ac67988 : 2 : ittapi_config_apply_per_lib :  ITTAPI function not implemented: __itt_state_get
3387617 : 0x18ebb15ac680a7 : 2 : ittapi_config_apply_per_lib :  ITTAPI function not implemented: __itt_state_set
3387617 : 0x18ebb15ac6881a : 2 : ittapi_config_apply_per_lib :  ITTAPI function not implemented: __itt_obj_mode_set
3387617 : 0x18ebb15ac69b0c : 2 : ittapi_config_apply_per_lib :  ITTAPI function not implemented: __itt_thr_mode_set
3387617 : 0x18ebb15ac6a1da : 2 : ittapi_config_apply_per_lib :  ITTAPI function instrumented: __itt_frame_create
3387617 : 0x18ebb15ac6a85d : 2 : ittapi_config_apply_per_lib :  ITTAPI function instrumented: __itt_pt_region_create
3387617 : 0x18ebb15ac6af8f : 2 : ittapi_config_apply_per_lib :  ITTAPI function instrumented: __itt_frame_begin
3387617 : 0x18ebb15ac6b67c : 2 : ittapi_config_apply_per_lib :  ITTAPI function instrumented: __itt_frame_end
3387617 : 0x18ebb15ac6be77 : 2 : ittapi_config_apply_per_lib :  ITTAPI function not implemented: __itt_counter_destroy
3387617 : 0x18ebb15ac6c59e : 2 : ittapi_config_apply_per_lib :  ITTAPI function instrumented: __itt_counter_inc
3387617 : 0x18ebb15ac6ccce : 2 : ittapi_config_apply_per_lib :  ITTAPI function instrumented: __itt_counter_inc_delta
3387617 : 0x18ebb15ac6d353 : 2 : ittapi_config_apply_per_lib :  ITTAPI function instrumented: __itt_counter_dec
3387617 : 0x18ebb15ac6da51 : 2 : ittapi_config_apply_per_lib :  ITTAPI function instrumented: __itt_counter_dec_delta
3387617 : 0x18ebb15ac6ee4b : 2 : ittapi_config_apply_per_lib :  ITTAPI function instrumented: __itt_counter_set_value
3387617 : 0x18ebb15ac6f5ea : 2 : ittapi_config_apply_per_lib :  ITTAPI function not implemented: __itt_counter_set_value_ex
3387617 : 0x18ebb15ac6fcf6 : 2 : ittapi_config_apply_per_lib :  ITTAPI function not implemented: __itt_mark_create
3387617 : 0x18ebb15ac704c0 : 2 : ittapi_config_apply_per_lib :  ITTAPI function not implemented: __itt_mark
3387617 : 0x18ebb15ac70d1f : 2 : ittapi_config_apply_per_lib :  ITTAPI function not implemented: __itt_mark_off
3387617 : 0x18ebb15ac714c9 : 2 : ittapi_config_apply_per_lib :  ITTAPI function not implemented: __itt_mark_global
3387617 : 0x18ebb15ac71c34 : 2 : ittapi_config_apply_per_lib :  ITTAPI function not implemented: __itt_mark_global_off
3387617 : 0x18ebb15ac723c9 : 2 : ittapi_config_apply_per_lib :  ITTAPI function instrumented: __itt_stack_caller_create
3387617 : 0x18ebb15ac72afe : 2 : ittapi_config_apply_per_lib :  ITTAPI function instrumented: __itt_stack_caller_destroy
3387617 : 0x18ebb15ac73277 : 2 : ittapi_config_apply_per_lib :  ITTAPI function instrumented: __itt_stack_callee_enter
3387617 : 0x18ebb15ac74b0b : 2 : ittapi_config_apply_per_lib :  ITTAPI function instrumented: __itt_stack_callee_leave
3387617 : 0x18ebb15ac75296 : 2 : ittapi_config_apply_per_lib :  ITTAPI function not implemented: __itt_clock_domain_create
3387617 : 0x18ebb15ac75a4d : 2 : ittapi_config_apply_per_lib :  ITTAPI function not implemented: __itt_clock_domain_reset
3387617 : 0x18ebb15ac76168 : 2 : ittapi_config_apply_per_lib :  ITTAPI function not implemented: __itt_id_create_ex
3387617 : 0x18ebb15ac768af : 2 : ittapi_config_apply_per_lib :  ITTAPI function not implemented: __itt_id_destroy_ex
3387617 : 0x18ebb15ac7701f : 2 : ittapi_config_apply_per_lib :  ITTAPI function not implemented: __itt_task_begin_ex
3387617 : 0x18ebb15ac777d5 : 2 : ittapi_config_apply_per_lib :  ITTAPI function not implemented: __itt_task_begin_fn_ex
3387617 : 0x18ebb15ac77f33 : 2 : ittapi_config_apply_per_lib :  ITTAPI function not implemented: __itt_task_end_ex
3387617 : 0x18ebb15ac78652 : 2 : ittapi_config_apply_per_lib :  ITTAPI function instrumented: __itt_task_begin_overlapped
3387617 : 0x18ebb15ac78dde : 2 : ittapi_config_apply_per_lib :  ITTAPI function not implemented: __itt_task_begin_overlapped_ex
3387617 : 0x18ebb15ac7a08a : 2 : ittapi_config_apply_per_lib :  ITTAPI function instrumented: __itt_task_end_overlapped
3387617 : 0x18ebb15ac7a87f : 2 : ittapi_config_apply_per_lib :  ITTAPI function not implemented: __itt_task_end_overlapped_ex
3387617 : 0x18ebb15ac7b00b : 2 : ittapi_config_apply_per_lib :  ITTAPI function not implemented: __itt_marker_ex
3387617 : 0x18ebb15ac7b7fd : 2 : ittapi_config_apply_per_lib :  ITTAPI function not implemented: __itt_metadata_add_with_scope
3387617 : 0x18ebb15ac7c037 : 2 : ittapi_config_apply_per_lib :  ITTAPI function not implemented: __itt_metadata_str_add_with_scope
3387617 : 0x18ebb15ac7c7c2 : 2 : ittapi_config_apply_per_lib :  ITTAPI function not implemented: __itt_relation_add_to_current_ex
3387617 : 0x18ebb15ac7cf21 : 2 : ittapi_config_apply_per_lib :  ITTAPI function not implemented: __itt_relation_add_ex
3387617 : 0x18ebb15ac7d6ab : 2 : ittapi_config_apply_per_lib :  ITTAPI function not implemented: __itt_track_group_create
3387617 : 0x18ebb15ac7dd54 : 2 : ittapi_config_apply_per_lib :  ITTAPI function not implemented: __itt_track_create
3387617 : 0x18ebb15ac7e4cb : 2 : ittapi_config_apply_per_lib :  ITTAPI function not implemented: __itt_set_track
3387617 : 0x18ebb15ac7f72d : 2 : ittapi_config_apply_per_lib :  ITTAPI function instrumented: __itt_api_version
3387617 : 0x18ebb15ac7fee1 : 2 : ittapi_config_apply_per_lib :  ITTAPI function not implemented: __itt_av_save
3387617 : 0x18ebb15ac80611 : 2 : ittapi_config_apply_per_lib :  ITTAPI function instrumented: __itt_module_load
3387617 : 0x18ebb15ac80d5f : 2 : ittapi_config_apply_per_lib :  ITTAPI function not implemented: __itt_module_unload
3387617 : 0x18ebb15ac81126 : 2 : ittapi_config_apply_per_lib :  ITTAPI function NOT instrumented (not matched by --itt-config option): __itt_histogram_submit

3387617 : 0x18ebb15ac8187d : 2 : ittapi_config_apply_per_lib :  ITTAPI function not implemented: __itt_counter_set_value_v3
3387617 : 0x18ebb15accb966 : 2 : ittapi_config_mask_get :  --itt-config mask to be applied: 55
3387617 : 0x18ebb15accc475 : 2 : ittapi_config_apply_per_lib :  ITTAPI function instrumented: __itt_domain_create
3387617 : 0x18ebb15acccc86 : 2 : ittapi_config_apply_per_lib :  ITTAPI function instrumented: __itt_module_load_with_sections
3387617 : 0x18ebb15accd55d : 2 : ittapi_config_apply_per_lib :  ITTAPI function not implemented: __itt_module_unload_with_sections
3387617 : 0x18ebb15accf8f7 : 2 : ittapi_config_apply_per_lib :  ITTAPI function instrumented: __itt_string_handle_create
3387617 : 0x18ebb15accffb1 : 2 : ittapi_config_apply_per_lib :  ITTAPI function instrumented: __itt_counter_create
3387617 : 0x18ebb15acd0609 : 2 : ittapi_config_apply_per_lib :  ITTAPI function instrumented: __itt_counter_create_typed
3387617 : 0x18ebb15acd0d13 : 2 : ittapi_config_apply_per_lib :  ITTAPI function instrumented: __itt_pause
3387617 : 0x18ebb15acd142e : 2 : ittapi_config_apply_per_lib :  ITTAPI function instrumented: __itt_resume
3387617 : 0x18ebb15acd1c66 : 2 : ittapi_config_apply_per_lib :  ITTAPI function not implemented: __itt_pause_scoped
3387617 : 0x18ebb15acd242a : 2 : ittapi_config_apply_per_lib :  ITTAPI function not implemented: __itt_resume_scoped
3387617 : 0x18ebb15acd2b40 : 2 : ittapi_config_apply_per_lib :  ITTAPI function instrumented: __itt_thread_set_name
3387617 : 0x18ebb15acd31fc : 2 : ittapi_config_apply_per_lib :  ITTAPI function instrumented: __itt_thread_ignore
3387617 : 0x18ebb15acd3957 : 2 : ittapi_config_apply_per_lib :  ITTAPI function instrumented: __itt_thr_name_set
3387617 : 0x18ebb15acd4dc8 : 2 : ittapi_config_apply_per_lib :  ITTAPI function instrumented: __itt_thr_ignore
3387617 : 0x18ebb15acd54ea : 2 : ittapi_config_apply_per_lib :  ITTAPI function instrumented: __itt_histogram_create
3387617 : 0x18ebb15acd5c67 : 2 : ittapi_config_apply_per_lib :  ITTAPI function not implemented: __itt_counter_create_v3
3387617 : 0x18ebb15acd647e : 2 : ittapi_config_apply_per_lib :  ITTAPI function not implemented: __itt_bind_context_metadata_to_counter
3387617 : 0x18ebb15acd6c69 : 2 : ittapi_config_apply_per_lib :  ITTAPI function not implemented: __itt_enable_attach
3387617 : 0x18ebb15acd73e5 : 2 : ittapi_config_apply_per_lib :  ITTAPI function instrumented: __itt_detach
3387617 : 0x18ebb15acd77e0 : 2 : ittapi_config_apply_per_lib :  ITTAPI function NOT instrumented (not matched by --itt-config option): __itt_sync_create

3387617 : 0x18ebb15acd7c03 : 2 : ittapi_config_apply_per_lib :  ITTAPI function NOT instrumented (not matched by --itt-config option): __itt_sync_rename

3387617 : 0x18ebb15acd7fc1 : 2 : ittapi_config_apply_per_lib :  ITTAPI function NOT instrumented (not matched by --itt-config option): __itt_sync_destroy

3387617 : 0x18ebb15acd8386 : 2 : ittapi_config_apply_per_lib :  ITTAPI function NOT instrumented (not matched by --itt-config option): __itt_sync_prepare

3387617 : 0x18ebb15acd938b : 2 : ittapi_config_apply_per_lib :  ITTAPI function NOT instrumented (not matched by --itt-config option): __itt_sync_cancel

3387617 : 0x18ebb15acd9729 : 2 : ittapi_config_apply_per_lib :  ITTAPI function NOT instrumented (not matched by --itt-config option): __itt_sync_acquired

3387617 : 0x18ebb15acd9aef : 2 : ittapi_config_apply_per_lib :  ITTAPI function NOT instrumented (not matched by --itt-config option): __itt_sync_releasing

3387617 : 0x18ebb15acda34a : 2 : ittapi_config_apply_per_lib :  ITTAPI function not implemented: __itt_suppress_push
3387617 : 0x18ebb15acdabda : 2 : ittapi_config_apply_per_lib :  ITTAPI function not implemented: __itt_suppress_pop
3387617 : 0x18ebb15acdb3a1 : 2 : ittapi_config_apply_per_lib :  ITTAPI function not implemented: __itt_suppress_mark_range
3387617 : 0x18ebb15acdbbae : 2 : ittapi_config_apply_per_lib :  ITTAPI function not implemented: __itt_suppress_clear_range
3387617 : 0x18ebb15acdbf5f : 2 : ittapi_config_apply_per_lib :  ITTAPI function NOT instrumented (not matched by --itt-config option): __itt_sync_prepare

3387617 : 0x18ebb15acdc350 : 2 : ittapi_config_apply_per_lib :  ITTAPI function NOT instrumented (not matched by --itt-config option): __itt_sync_cancel

3387617 : 0x18ebb15acdc6d8 : 2 : ittapi_config_apply_per_lib :  ITTAPI function NOT instrumented (not matched by --itt-config option): __itt_sync_acquired

3387617 : 0x18ebb15acdd591 : 2 : ittapi_config_apply_per_lib :  ITTAPI function NOT instrumented (not matched by --itt-config option): __itt_sync_releasing

3387617 : 0x18ebb15acdd9a1 : 2 : ittapi_config_apply_per_lib :  ITTAPI function NOT instrumented (not matched by --itt-config option): __itt_model_site_begin

3387617 : 0x18ebb15acdddc9 : 2 : ittapi_config_apply_per_lib :  ITTAPI function NOT instrumented (not matched by --itt-config option): __itt_model_site_end

3387617 : 0x18ebb15acde208 : 2 : ittapi_config_apply_per_lib :  ITTAPI function NOT instrumented (not matched by --itt-config option): __itt_model_task_begin

3387617 : 0x18ebb15acde5f0 : 2 : ittapi_config_apply_per_lib :  ITTAPI function NOT instrumented (not matched by --itt-config option): __itt_model_task_end

3387617 : 0x18ebb15acde9f4 : 2 : ittapi_config_apply_per_lib :  ITTAPI function NOT instrumented (not matched by --itt-config option): __itt_model_lock_acquire

3387617 : 0x18ebb15acdedb4 : 2 : ittapi_config_apply_per_lib :  ITTAPI function NOT instrumented (not matched by --itt-config option): __itt_model_lock_release

3387617 : 0x18ebb15acdf188 : 2 : ittapi_config_apply_per_lib :  ITTAPI function NOT instrumented (not matched by --itt-config option): __itt_model_record_allocation

3387617 : 0x18ebb15acdf532 : 2 : ittapi_config_apply_per_lib :  ITTAPI function NOT instrumented (not matched by --itt-config option): __itt_model_record_deallocation

3387617 : 0x18ebb15acdf8b4 : 2 : ittapi_config_apply_per_lib :  ITTAPI function NOT instrumented (not matched by --itt-config option): __itt_model_induction_uses

3387617 : 0x18ebb15ace0cfa : 2 : ittapi_config_apply_per_lib :  ITTAPI function NOT instrumented (not matched by --itt-config option): __itt_model_reduction_uses

3387617 : 0x18ebb15ace10ff : 2 : ittapi_config_apply_per_lib :  ITTAPI function NOT instrumented (not matched by --itt-config option): __itt_model_observe_uses

3387617 : 0x18ebb15ace14e1 : 2 : ittapi_config_apply_per_lib :  ITTAPI function NOT instrumented (not matched by --itt-config option): __itt_model_clear_uses

3387617 : 0x18ebb15ace1899 : 2 : ittapi_config_apply_per_lib :  ITTAPI function NOT instrumented (not matched by --itt-config option): __itt_model_site_beginA

3387617 : 0x18ebb15ace1c45 : 2 : ittapi_config_apply_per_lib :  ITTAPI function NOT instrumented (not matched by --itt-config option): __itt_model_site_beginAL

3387617 : 0x18ebb15ace2037 : 2 : ittapi_config_apply_per_lib :  ITTAPI function NOT instrumented (not matched by --itt-config option): __itt_model_task_beginA

3387617 : 0x18ebb15ace23da : 2 : ittapi_config_apply_per_lib :  ITTAPI function NOT instrumented (not matched by --itt-config option): __itt_model_task_beginAL

3387617 : 0x18ebb15ace27c8 : 2 : ittapi_config_apply_per_lib :  ITTAPI function NOT instrumented (not matched by --itt-config option): __itt_model_iteration_taskA

3387617 : 0x18ebb15ace2bb0 : 2 : ittapi_config_apply_per_lib :  ITTAPI function NOT instrumented (not matched by --itt-config option): __itt_model_iteration_taskAL

3387617 : 0x18ebb15ace2f83 : 2 : ittapi_config_apply_per_lib :  ITTAPI function NOT instrumented (not matched by --itt-config option): __itt_model_site_end_2

3387617 : 0x18ebb15ace3e6c : 2 : ittapi_config_apply_per_lib :  ITTAPI function NOT instrumented (not matched by --itt-config option): __itt_model_task_end_2

3387617 : 0x18ebb15ace4216 : 2 : ittapi_config_apply_per_lib :  ITTAPI function NOT instrumented (not matched by --itt-config option): __itt_model_lock_acquire_2

3387617 : 0x18ebb15ace45f5 : 2 : ittapi_config_apply_per_lib :  ITTAPI function NOT instrumented (not matched by --itt-config option): __itt_model_lock_release_2

3387617 : 0x18ebb15ace49e4 : 2 : ittapi_config_apply_per_lib :  ITTAPI function NOT instrumented (not matched by --itt-config option): __itt_model_aggregate_task

3387617 : 0x18ebb15ace4db4 : 2 : ittapi_config_apply_per_lib :  ITTAPI function NOT instrumented (not matched by --itt-config option): __itt_model_disable_push

3387617 : 0x18ebb15ace5171 : 2 : ittapi_config_apply_per_lib :  ITTAPI function NOT instrumented (not matched by --itt-config option): __itt_model_disable_pop

3387617 : 0x18ebb15ace58a6 : 2 : ittapi_config_apply_per_lib :  ITTAPI function instrumented: __itt_heap_function_create
3387617 : 0x18ebb15ace6010 : 2 : ittapi_config_apply_per_lib :  ITTAPI function instrumented: __itt_heap_allocate_begin
3387617 : 0x18ebb15ace66e2 : 2 : ittapi_config_apply_per_lib :  ITTAPI function instrumented: __itt_heap_allocate_end
3387617 : 0x18ebb15ace6d70 : 2 : ittapi_config_apply_per_lib :  ITTAPI function instrumented: __itt_heap_free_begin
3387617 : 0x18ebb15ace87d4 : 2 : ittapi_config_apply_per_lib :  ITTAPI function instrumented: __itt_heap_free_end
3387617 : 0x18ebb15ace8e8b : 2 : ittapi_config_apply_per_lib :  ITTAPI function instrumented: __itt_heap_reallocate_begin
3387617 : 0x18ebb15ace9565 : 2 : ittapi_config_apply_per_lib :  ITTAPI function instrumented: __itt_heap_reallocate_end
3387617 : 0x18ebb15ace9d32 : 2 : ittapi_config_apply_per_lib :  ITTAPI function not implemented: __itt_heap_internal_access_begin
3387617 : 0x18ebb15acea4ef : 2 : ittapi_config_apply_per_lib :  ITTAPI function not implemented: __itt_heap_internal_access_end
3387617 : 0x18ebb15aceac86 : 2 : ittapi_config_apply_per_lib :  ITTAPI function not implemented: __itt_heap_record_memory_growth_begin
3387617 : 0x18ebb15aceb41e : 2 : ittapi_config_apply_per_lib :  ITTAPI function not implemented: __itt_heap_record_memory_growth_end
3387617 : 0x18ebb15acebb6f : 2 : ittapi_config_apply_per_lib :  ITTAPI function not implemented: __itt_heap_reset_detection
3387617 : 0x18ebb15acec336 : 2 : ittapi_config_apply_per_lib :  ITTAPI function not implemented: __itt_heap_record
3387617 : 0x18ebb15aceca78 : 2 : ittapi_config_apply_per_lib :  ITTAPI function not implemented: __itt_id_create
3387617 : 0x18ebb15acede31 : 2 : ittapi_config_apply_per_lib :  ITTAPI function not implemented: __itt_id_destroy
3387617 : 0x18ebb15acee595 : 2 : ittapi_config_apply_per_lib :  ITTAPI function instrumented: __itt_get_timestamp
3387617 : 0x18ebb15aceed08 : 2 : ittapi_config_apply_per_lib :  ITTAPI function not implemented: __itt_region_begin
3387617 : 0x18ebb15acef54e : 2 : ittapi_config_apply_per_lib :  ITTAPI function not implemented: __itt_region_end
3387617 : 0x18ebb15acefc6b : 2 : ittapi_config_apply_per_lib :  ITTAPI function instrumented: __itt_frame_begin_v3
3387617 : 0x18ebb15acf03cd : 2 : ittapi_config_apply_per_lib :  ITTAPI function instrumented: __itt_frame_end_v3
3387617 : 0x18ebb15acf0aed : 2 : ittapi_config_apply_per_lib :  ITTAPI function instrumented: __itt_frame_submit_v3
3387617 : 0x18ebb15acf12d7 : 2 : ittapi_config_apply_per_lib :  ITTAPI function not implemented: __itt_task_group
3387617 : 0x18ebb15acf1a35 : 2 : ittapi_config_apply_per_lib :  ITTAPI function instrumented: __itt_task_begin
3387617 : 0x18ebb15acf215e : 2 : ittapi_config_apply_per_lib :  ITTAPI function instrumented: __itt_task_begin_fn
3387617 : 0x18ebb15acf36cb : 2 : ittapi_config_apply_per_lib :  ITTAPI function instrumented: __itt_task_end
3387617 : 0x18ebb15acf3ed0 : 2 : ittapi_config_apply_per_lib :  ITTAPI function not implemented: __itt_counter_inc_v3
3387617 : 0x18ebb15acf46bb : 2 : ittapi_config_apply_per_lib :  ITTAPI function not implemented: __itt_counter_inc_delta_v3
3387617 : 0x18ebb15acf4e1a : 2 : ittapi_config_apply_per_lib :  ITTAPI function not implemented: __itt_counter_dec_v3
3387617 : 0x18ebb15acf5545 : 2 : ittapi_config_apply_per_lib :  ITTAPI function not implemented: __itt_counter_dec_delta_v3
3387617 : 0x18ebb15acf5ca0 : 2 : ittapi_config_apply_per_lib :  ITTAPI function not implemented: __itt_marker
3387617 : 0x18ebb15acf639d : 2 : ittapi_config_apply_per_lib :  ITTAPI function instrumented: __itt_metadata_add
3387617 : 0x18ebb15acf6b40 : 2 : ittapi_config_apply_per_lib :  ITTAPI function not implemented: __itt_metadata_str_add
3387617 : 0x18ebb15acf726b : 2 : ittapi_config_apply_per_lib :  ITTAPI function not implemented: __itt_relation_add_to_current
3387617 : 0x18ebb15acf7a0a : 2 : ittapi_config_apply_per_lib :  ITTAPI function not implemented: __itt_relation_add
3387617 : 0x18ebb15acf8ded : 2 : ittapi_config_apply_per_lib :  ITTAPI function instrumented: __itt_event_create
3387617 : 0x18ebb15acf956a : 2 : ittapi_config_apply_per_lib :  ITTAPI function instrumented: __itt_event_start
3387617 : 0x18ebb15acf9c4e : 2 : ittapi_config_apply_per_lib :  ITTAPI function instrumented: __itt_event_end
3387617 : 0x18ebb15acfa001 : 2 : ittapi_config_apply_per_lib :  ITTAPI function NOT instrumented (not matched by --itt-config option): __itt_sync_set_name

3387617 : 0x18ebb15acfa3ff : 2 : ittapi_config_apply_per_lib :  ITTAPI function NOT instrumented (not matched by --itt-config option): __itt_notify_sync_name

3387617 : 0x18ebb15acfa7d1 : 2 : ittapi_config_apply_per_lib :  ITTAPI function NOT instrumented (not matched by --itt-config option): __itt_notify_sync_prepare

3387617 : 0x18ebb15acfabc0 : 2 : ittapi_config_apply_per_lib :  ITTAPI function NOT instrumented (not matched by --itt-config option): __itt_notify_sync_cancel

3387617 : 0x18ebb15acfafaa : 2 : ittapi_config_apply_per_lib :  ITTAPI function NOT instrumented (not matched by --itt-config option): __itt_notify_sync_acquired

3387617 : 0x18ebb15acfb33e : 2 : ittapi_config_apply_per_lib :  ITTAPI function NOT instrumented (not matched by --itt-config option): __itt_notify_sync_releasing

3387617 : 0x18ebb15acfba8c : 2 : ittapi_config_apply_per_lib :  ITTAPI function not implemented: __itt_memory_read
3387617 : 0x18ebb15acfd32f : 2 : ittapi_config_apply_per_lib :  ITTAPI function not implemented: __itt_memory_write
3387617 : 0x18ebb15acfda95 : 2 : ittapi_config_apply_per_lib :  ITTAPI function not implemented: __itt_memory_update
3387617 : 0x18ebb15acfe27f : 2 : ittapi_config_apply_per_lib :  ITTAPI function not implemented: __itt_state_get
3387617 : 0x18ebb15acfe988 : 2 : ittapi_config_apply_per_lib :  ITTAPI function not implemented: __itt_state_set
3387617 : 0x18ebb15acff109 : 2 : ittapi_config_apply_per_lib :  ITTAPI function not implemented: __itt_obj_mode_set
3387617 : 0x18ebb15acff880 : 2 : ittapi_config_apply_per_lib :  ITTAPI function not implemented: __itt_thr_mode_set
3387617 : 0x18ebb15acfff0f : 2 : ittapi_config_apply_per_lib :  ITTAPI function instrumented: __itt_frame_create
3387617 : 0x18ebb15ad0059a : 2 : ittapi_config_apply_per_lib :  ITTAPI function instrumented: __itt_pt_region_create
3387617 : 0x18ebb15ad00c87 : 2 : ittapi_config_apply_per_lib :  ITTAPI function instrumented: __itt_frame_begin
3387617 : 0x18ebb15ad0133a : 2 : ittapi_config_apply_per_lib :  ITTAPI function instrumented: __itt_frame_end
3387617 : 0x18ebb15ad0271d : 2 : ittapi_config_apply_per_lib :  ITTAPI function not implemented: __itt_counter_destroy
3387617 : 0x18ebb15ad02e87 : 2 : ittapi_config_apply_per_lib :  ITTAPI function instrumented: __itt_counter_inc
3387617 : 0x18ebb15ad03550 : 2 : ittapi_config_apply_per_lib :  ITTAPI function instrumented: __itt_counter_inc_delta
3387617 : 0x18ebb15ad03c14 : 2 : ittapi_config_apply_per_lib :  ITTAPI function instrumented: __itt_counter_dec
3387617 : 0x18ebb15ad04358 : 2 : ittapi_config_apply_per_lib :  ITTAPI function instrumented: __itt_counter_dec_delta
3387617 : 0x18ebb15ad04a53 : 2 : ittapi_config_apply_per_lib :  ITTAPI function instrumented: __itt_counter_set_value
3387617 : 0x18ebb15ad051b5 : 2 : ittapi_config_apply_per_lib :  ITTAPI function not implemented: __itt_counter_set_value_ex
3387617 : 0x18ebb15ad058b0 : 2 : ittapi_config_apply_per_lib :  ITTAPI function not implemented: __itt_mark_create
3387617 : 0x18ebb15ad060bd : 2 : ittapi_config_apply_per_lib :  ITTAPI function not implemented: __itt_mark
3387617 : 0x18ebb15ad068b7 : 2 : ittapi_config_apply_per_lib :  ITTAPI function not implemented: __itt_mark_off
3387617 : 0x18ebb15ad07c63 : 2 : ittapi_config_apply_per_lib :  ITTAPI function not implemented: __itt_mark_global
3387617 : 0x18ebb15ad0839d : 2 : ittapi_config_apply_per_lib :  ITTAPI function not implemented: __itt_mark_global_off
3387617 : 0x18ebb15ad08b2b : 2 : ittapi_config_apply_per_lib :  ITTAPI function instrumented: __itt_stack_caller_create
3387617 : 0x18ebb15ad09231 : 2 : ittapi_config_apply_per_lib :  ITTAPI function instrumented: __itt_stack_caller_destroy
3387617 : 0x18ebb15ad09942 : 2 : ittapi_config_apply_per_lib :  ITTAPI function instrumented: __itt_stack_callee_enter
3387617 : 0x18ebb15ad0a036 : 2 : ittapi_config_apply_per_lib :  ITTAPI function instrumented: __itt_stack_callee_leave
3387617 : 0x18ebb15ad0a753 : 2 : ittapi_config_apply_per_lib :  ITTAPI function not implemented: __itt_clock_domain_create
3387617 : 0x18ebb15ad0aef7 : 2 : ittapi_config_apply_per_lib :  ITTAPI function not implemented: __itt_clock_domain_reset
3387617 : 0x18ebb15ad0b69a : 2 : ittapi_config_apply_per_lib :  ITTAPI function not implemented: __itt_id_create_ex
3387617 : 0x18ebb15ad0bdf7 : 2 : ittapi_config_apply_per_lib :  ITTAPI function not implemented: __itt_id_destroy_ex
3387617 : 0x18ebb15ad0d5e9 : 2 : ittapi_config_apply_per_lib :  ITTAPI function not implemented: __itt_task_begin_ex
3387617 : 0x18ebb15ad0ddcd : 2 : ittapi_config_apply_per_lib :  ITTAPI function not implemented: __itt_task_begin_fn_ex
3387617 : 0x18ebb15ad0e509 : 2 : ittapi_config_apply_per_lib :  ITTAPI function not implemented: __itt_task_end_ex
3387617 : 0x18ebb15ad0ec4b : 2 : ittapi_config_apply_per_lib :  ITTAPI function instrumented: __itt_task_begin_overlapped
3387617 : 0x18ebb15ad0f402 : 2 : ittapi_config_apply_per_lib :  ITTAPI function not implemented: __itt_task_begin_overlapped_ex
3387617 : 0x18ebb15ad0fb04 : 2 : ittapi_config_apply_per_lib :  ITTAPI function instrumented: __itt_task_end_overlapped
3387617 : 0x18ebb15ad10262 : 2 : ittapi_config_apply_per_lib :  ITTAPI function not implemented: __itt_task_end_overlapped_ex
3387617 : 0x18ebb15ad109b3 : 2 : ittapi_config_apply_per_lib :  ITTAPI function not implemented: __itt_marker_ex
3387617 : 0x18ebb15ad1111f : 2 : ittapi_config_apply_per_lib :  ITTAPI function not implemented: __itt_metadata_add_with_scope
3387617 : 0x18ebb15ad11955 : 2 : ittapi_config_apply_per_lib :  ITTAPI function not implemented: __itt_metadata_str_add_with_scope
3387617 : 0x18ebb15ad12d23 : 2 : ittapi_config_apply_per_lib :  ITTAPI function not implemented: __itt_relation_add_to_current_ex
3387617 : 0x18ebb15ad134aa : 2 : ittapi_config_apply_per_lib :  ITTAPI function not implemented: __itt_relation_add_ex
3387617 : 0x18ebb15ad13bfe : 2 : ittapi_config_apply_per_lib :  ITTAPI function not implemented: __itt_track_group_create
3387617 : 0x18ebb15ad142b3 : 2 : ittapi_config_apply_per_lib :  ITTAPI function not implemented: __itt_track_create
3387617 : 0x18ebb15ad14a72 : 2 : ittapi_config_apply_per_lib :  ITTAPI function not implemented: __itt_set_track
3387617 : 0x18ebb15ad1516d : 2 : ittapi_config_apply_per_lib :  ITTAPI function instrumented: __itt_api_version
3387617 : 0x18ebb15ad15903 : 2 : ittapi_config_apply_per_lib :  ITTAPI function not implemented: __itt_av_save
3387617 : 0x18ebb15ad1603b : 2 : ittapi_config_apply_per_lib :  ITTAPI function instrumented: __itt_module_load
3387617 : 0x18ebb15ad1676d : 2 : ittapi_config_apply_per_lib :  ITTAPI function not implemented: __itt_module_unload
3387617 : 0x18ebb15ad16b47 : 2 : ittapi_config_apply_per_lib :  ITTAPI function NOT instrumented (not matched by --itt-config option): __itt_histogram_submit

3387617 : 0x18ebb15ad17e6f : 2 : ittapi_config_apply_per_lib :  ITTAPI function not implemented: __itt_counter_set_value_v3