
3387448 : 0x18ebac291e7919 : 1 : spill_jit_data :  Jit agent is not initialized
3387431 : 0x18ebac291ea1e1 : 2 : ittapi_config_mask_get :  --itt-config mask to be applied: 55
3387431 : 0x18ebac291ebdf4 : 2 : ittapi_config_apply_per_lib :  ITTAPI function instrumented: __itt_domain_create
3387431 : 0x18ebac291ec8ab : 2 : ittapi_config_apply_per_lib :  ITTAPI function instrumented: __itt_module_load_with_sections
3387431 : 0x18ebac291ed577 : 2 : ittapi_config_apply_per_lib :  ITTAPI function not implemented: __itt_module_unload_with_sections
3387431 : 0x18ebac291edea2 : 2 : ittapi_config_apply_per_lib :  ITTAPI function instrumented: __itt_string_handle_create
3387431 : 0x18ebac291ee5ac : 2 : ittapi_config_apply_per_lib :  ITTAPI function instrumented: __itt_counter_create
3387431 : 0x18ebac291eecfa : 2 : ittapi_config_apply_per_lib :  ITTAPI function instrumented: __itt_counter_create_typed
3387431 : 0x18ebac291ef44f : 2 : ittapi_config_apply_per_lib :  ITTAPI function instrumented: __itt_pause
3387431 : 0x18ebac291efc2d : 2 : ittapi_config_apply_per_lib :  ITTAPI function instrumented: __itt_resume
3387431 : 0x18ebac291f46a9 : 2 : ittapi_config_apply_per_lib :  ITTAPI function not implemented: __itt_pause_scoped
3387431 : 0x18ebac291f4ff9 : 2 : ittapi_config_apply_per_lib :  ITTAPI function not implemented: __itt_resume_scoped
3387431 : 0x18ebac291f5751 : 2 : ittapi_config_apply_per_lib :  ITTAPI function instrumented: __itt_thread_set_name
3387431 : 0x18ebac291f5e5a : 2 : ittapi_config_apply_per_lib :  ITTAPI function instrumented: __itt_thread_ignore
3387431 : 0x18ebac291f65cc : 2 : ittapi_config_apply_per_lib :  ITTAPI function instrumented: __itt_thr_name_set
3387431 : 0x18ebac291f6d69 : 2 : ittapi_config_apply_per_lib :  ITTAPI function instrumented: __itt_thr_ignore
3387431 : 0x18ebac291f744d : 2 : ittapi_config_apply_per_lib :  ITTAPI function instrumented: __itt_histogram_create
3387431 : 0x18ebac291f7c08 : 2 : ittapi_config_apply_per_lib :  ITTAPI function not implemented: __itt_counter_create_v3
3387431 : 0x18ebac291f83a5 : 2 : ittapi_config_apply_per_lib :  ITTAPI function not implemented: __itt_bind_context_metadata_to_counter
3387431 : 0x18ebac291f8bee : 2 : ittapi_config_apply_per_lib :  ITTAPI function not implemented: __itt_enable_attach
3387431 : 0x18ebac291fa221 : 2 : ittapi_config_apply_per_lib :  ITTAPI function instrumented: __itt_detach
3387431 : 0x18ebac291fa6c1 : 2 : ittapi_config_apply_per_lib :  ITTAPI function NOT instrumented (not matched by --itt-config option): __itt_sync_create

3387431 : 0x18ebac291fab04 : 2 : ittapi_config_apply_per_lib :  ITTAPI function NOT instrumented (not matched by --itt-config option): __itt_sync_rename

3387431 : 0x18ebac291faf29 : 2 : ittapi_config_apply_per_lib :  ITTAPI function NOT instrumented (not matched by --itt-config option): __itt_sync_destroy

3387431 : 0x18ebac291fb32c : 2 : ittapi_config_apply_per_lib :  ITTAPI function NOT instrumented (not matched by --itt-config option): __itt_sync_prepare

3387431 : 0x18ebac291fb71a : 2 : ittapi_config_apply_per_lib :  ITTAPI function NOT instrumented (not matched by --itt-config option): __itt_sync_cancel

3387431 : 0x18ebac291fba8e : 2 : ittapi_config_apply_per_lib :  ITTAPI function NOT instrumented (not matched by --itt-config option): __itt_sync_acquired

3387431 : 0x18ebac291fbe46 : 2 : ittapi_config_apply_per_lib :  ITTAPI function NOT instrumented (not matched by --itt-config option): __itt_sync_releasing

3387431 : 0x18ebac291fc678 : 2 : ittapi_config_apply_per_lib :  ITTAPI function not implemented: __itt_suppress_push
3387431 : 0x18ebac291fcf95 : 2 : ittapi_config_apply_per_lib :  ITTAPI function not implemented: __itt_suppress_pop
3387431 : 0x18ebac291fe341 : 2 : ittapi_config_apply_per_lib :  ITTAPI function not implemented: __itt_suppress_mark_range
3387431 : 0x18ebac291fec16 : 2 : ittapi_config_apply_per_lib :  ITTAPI function not implemented: __itt_suppress_clear_range
3387431 : 0x18ebac291fefac : 2 : ittapi_config_apply_per_lib :  ITTAPI function NOT instrumented (not matched by --itt-config option): __itt_sync_prepare

3387431 : 0x18ebac291ff3b3 : 2 : ittapi_config_apply_per_lib :  ITTAPI function NOT instrumented (not matched by --itt-config option): __itt_sync_cancel

3387431 : 0x18ebac291ff74b : 2 : ittapi_config_apply_per_lib :  ITTAPI function NOT instrumented (not matched by --itt-config option): __itt_sync_acquired

3387431 : 0x18ebac291ffae5 : 2 : ittapi_config_apply_per_lib :  ITTAPI function NOT instrumented (not matched by --itt-config option): __itt_sync_releasing

3387431 : 0x18ebac291ffee2 : 2 : ittapi_config_apply_per_lib :  ITTAPI function NOT instrumented (not matched by --itt-config option): __itt_model_site_begin

3387431 : 0x18ebac292002fb : 2 : ittapi_config_apply_per_lib :  ITTAPI function NOT instrumented (not matched by --itt-config option): __itt_model_site_end

3387431 : 0x18ebac29200745 : 2 : ittapi_config_apply_per_lib :  ITTAPI function NOT instrumented (not matched by --itt-config option): __itt_model_task_begin

3387431 : 0x18ebac29200b2f : 2 : ittapi_config_apply_per_lib :  ITTAPI function NOT instrumented (not matched by --itt-config option): __itt_model_task_end

3387431 : 0x18ebac292024c4 : 2 : ittapi_config_apply_per_lib :  ITTAPI function NOT instrumented (not matched by --itt-config option): __itt_model_lock_acquire

3387431 : 0x18ebac29202925 : 2 : ittapi_config_apply_per_lib :  ITTAPI function NOT instrumented (not matched by --itt-config option): __itt_model_lock_release

3387431 : 0x18ebac29202d2f : 2 : ittapi_config_apply_per_lib :  ITTAPI function NOT instrumented (not matched by --itt-config option): __itt_model_record_allocation

3387431 : 0x18ebac292030f2 : 2 : ittapi_config_apply_per_lib :  ITTAPI function NOT instrumented (not matched by --itt-config option): __itt_model_record_deallocation

3387431 : 0x18ebac29203470 : 2 : ittapi_config_apply_per_lib :  ITTAPI function NOT instrumented (not matched by --itt-config option): __itt_model_induction_uses

3387431 : 0x18ebac29203832 : 2 : ittapi_config_apply_per_lib :  ITTAPI function NOT instrumented (not matched by --itt-config option): __itt_model_reduction_uses

3387431 : 0x18ebac29203c1b : 2 : ittapi_config_apply_per_lib :  ITTAPI function NOT instrumented (not matched by --itt-config option): __itt_model_observe_uses

3387431 : 0x18ebac29203fea : 2 : ittapi_config_apply_per_lib :  ITTAPI function NOT instrumented (not matched by --itt-config option): __itt_model_clear_uses

3387431 : 0x18ebac292043c8 : 2 : ittapi_config_apply_per_lib :  ITTAPI function NOT instrumented (not matched by --itt-config option): __itt_model_site_beginA

3387431 : 0x18ebac29204795 : 2 : ittapi_config_apply_per_lib :  ITTAPI function NOT instrumented (not matched by --itt-config option): __itt_model_site_beginAL

3387431 : 0x18ebac292056ed : 2 : ittapi_config_apply_per_lib :  ITTAPI function NOT instrumented (not matched by --itt-config option): __itt_model_task_beginA

3387431 : 0x18ebac29205ae5 : 2 : ittapi_config_apply_per_lib :  ITTAPI function NOT instrumented (not matched by --itt-config option): __itt_model_task_beginAL

3387431 : 0x18ebac29205ec6 : 2 : ittapi_config_apply_per_lib :  ITTAPI function NOT instrumented (not matched by --itt-config option): __itt_model_iteration_taskA

3387431 : 0x18ebac29206299 : 2 : ittapi_config_apply_per_lib :  ITTAPI function NOT instrumented (not matched by --itt-config option): __itt_model_iteration_taskAL

3387431 : 0x18ebac292066a6 : 2 : ittapi_config_apply_per_lib :  ITTAPI function NOT instrumented (not matched by --itt-config option): __itt_model_site_end_2

3387431 : 0x18ebac29206a75 : 2 : ittapi_config_apply_per_lib :  ITTAPI function NOT instrumented (not matched by --itt-config option): __itt_model_task_end_2

3387431 : 0x18ebac29206e4f : 2 : ittapi_config_apply_per_lib :  ITTAPI function NOT instrumented (not matched by --itt-config option): __itt_model_lock_acquire_2

3387431 : 0x18ebac2920723f : 2 : ittapi_config_apply_per_lib :  ITTAPI function NOT instrumented (not matched by --itt-config option): __itt_model_lock_release_2

3387431 : 0x18ebac2920765b : 2 : ittapi_config_apply_per_lib :  ITTAPI function NOT instrumented (not matched by --itt-config option): __itt_model_aggregate_task

3387431 : 0x18ebac29207a18 : 2 : ittapi_config_apply_per_lib :  ITTAPI function NOT instrumented (not matched by --itt-config option): __itt_model_disable_push

3387431 : 0x18ebac29208e33 : 2 : ittapi_config_apply_per_lib :  ITTAPI function NOT instrumented (not matched by --itt-config option): __itt_model_disable_pop

3387431 : 0x18ebac292095a8 : 2 : ittapi_config_apply_per_lib :  ITTAPI function instrumented: __itt_heap_function_create
3387431 : 0x18ebac29209d4c : 2 : ittapi_config_apply_per_lib :  ITTAPI function instrumented: __itt_heap_allocate_begin
3387431 : 0x18ebac2920a440 : 2 : ittapi_config_apply_per_lib :  ITTAPI function instrumented: __itt_heap_allocate_end
3387431 : 0x18ebac2920ab50 : 2 : ittapi_config_apply_per_lib :  ITTAPI function instrumented: __itt_heap_free_begin
3387431 : 0x18ebac2920b22d : 2 : ittapi_config_apply_per_lib :  ITTAPI function instrumented: __itt_heap_free_end
3387431 : 0x18ebac2920b918 : 2 : ittapi_config_apply_per_lib :  ITTAPI function instrumented: __itt_heap_reallocate_begin
3387431 : 0x18ebac2920bfa5 : 2 : ittapi_config_apply_per_lib :  ITTAPI function instrumented: __itt_heap_reallocate_end
3387431 : 0x18ebac2920c750 : 2 : ittapi_config_apply_per_lib :  ITTAPI function not implemented: __itt_heap_internal_access_begin
3387431 : 0x18ebac2920cf0f : 2 : ittapi_config_apply_per_lib :  ITTAPI function not implemented: __itt_heap_internal_access_end
3387431 : 0x18ebac2920e2d9 : 2 : ittapi_config_apply_per_lib :  ITTAPI function not implemented: __itt_heap_record_memory_growth_begin
3387431 : 0x18ebac2920ea99 : 2 : ittapi_config_apply_per_lib :  ITTAPI function not implemented: __itt_heap_record_memory_growth_end
3387431 : 0x18ebac2920f1fc : 2 : ittapi_config_apply_per_lib :  ITTAPI function not implemented: __itt_heap_reset_detection
3387431 : 0x18ebac2920fa06 : 2 : ittapi_config_apply_per_lib :  ITTAPI function not implemented: __itt_heap_record
3387431 : 0x18ebac29210146 : 2 : ittapi_config_apply_per_lib :  ITTAPI function not implemented: __itt_id_create
3387431 : 0x18ebac292108cb : 2 : ittapi_config_apply_per_lib :  ITTAPI function not implemented: __itt_id_destroy
3387431 : 0x18ebac29210fdf : 2 : ittapi_config_apply_per_lib :  ITTAPI function instrumented: __itt_get_timestamp
3387431 : 0x18ebac29211752 : 2 : ittapi_config_apply_per_lib :  ITTAPI function not implemented: __itt_region_begin
3387431 : 0x18ebac292120a3 : 2 : ittapi_config_apply_per_lib :  ITTAPI function not implemented: __itt_region_end
3387431 : 0x18ebac292127f9 : 2 : ittapi_config_apply_per_lib :  ITTAPI function instrumented: __itt_frame_begin_v3
3387431 : 0x18ebac29213ab1 : 2 : ittapi_config_apply_per_lib :  ITTAPI function instrumented: __itt_frame_end_v3
3387431 : 0x18ebac292141f1 : 2 : ittapi_config_apply_per_lib :  ITTAPI function instrumented: __itt_frame_submit_v3
3387431 : 0x18ebac29214a13 : 2 : ittapi_config_apply_per_lib :  ITTAPI function not implemented: __itt_task_group
3387431 : 0x18ebac292151bd : 2 : ittapi_config_apply_per_lib :  ITTAPI function instrumented: __itt_task_begin
3387431 : 0x18ebac292158cb : 2 : ittapi_config_apply_per_lib :  ITTAPI function instrumented: __itt_task_begin_fn
3387431 : 0x18ebac29215fe9 : 2 : ittapi_config_apply_per_lib :  ITTAPI function instrumented: __itt_task_end
3387431 : 0x18ebac292167ac : 2 : ittapi_config_apply_per_lib :  ITTAPI function not implemented: __itt_counter_inc_v3
3387431 : 0x18ebac29216f9a : 2 : ittapi_config_apply_per_lib :  ITTAPI function not implemented: __itt_counter_inc_delta_v3
3387431 : 0x18ebac292176d6 : 2 : ittapi_config_apply_per_lib :  ITTAPI function not implemented: __itt_counter_dec_v3
3387431 : 0x18ebac29217dfd : 2 : ittapi_config_apply_per_lib :  ITTAPI function not implemented: __itt_counter_dec_delta_v3
3387431 : 0x18ebac292190cf : 2 : ittapi_config_apply_per_lib :  ITTAPI function not implemented: __itt_marker
3387431 : 0x18ebac2921981a : 2 : ittapi_config_apply_per_lib :  ITTAPI function instrumented: __itt_metadata_add
3387431 : 0x18ebac29219fc6 : 2 : ittapi_config_apply_per_lib :  ITTAPI function not implemented: __itt_metadata_str_add
3387431 : 0x18ebac2921a707 : 2 : ittapi_config_apply_per_lib :  ITTAPI function not implemented: __itt_relation_add_to_current
3387431 : 0x18ebac2921ae60 : 2 : ittapi_config_apply_per_lib :  ITTAPI function not implemented: __itt_relation_add
3387431 : 0x18ebac2921b4e3 : 2 : ittapi_config_apply_per_lib :  ITTAPI function instrumented: __itt_event_create
3387431 : 0x18ebac2921bc28 : 2 : ittapi_config_apply_per_lib :  ITTAPI function instrumented: __itt_event_start
3387431 : 0x18ebac2921c306 : 2 : ittapi_config_apply_per_lib :  ITTAPI function instrumented: __itt_event_end
3387431 : 0x18ebac2921c68d : 2 : ittapi_config_apply_per_lib :  ITTAPI function NOT instrumented (not matched by --itt-config option): __itt_sync_set_name

3387431 : 0x18ebac2921ca70 : 2 : ittapi_config_apply_per_lib :  ITTAPI function NOT instrumented (not matched by --itt-config option): __itt_notify_sync_name

3387431 : 0x18ebac2921df54 : 2 : ittapi_config_apply_per_lib :  ITTAPI function NOT instrumented (not matched by --itt-config option): __itt_notify_sync_prepare

3387431 : 0x18ebac2921e3ab : 2 : ittapi_config_apply_per_lib :  ITTAPI function NOT instrumented (not matched by --itt-config option): __itt_notify_sync_cancel

3387431 : 0x18ebac2921e797 : 2 : ittapi_config_apply_per_lib :  ITTAPI function NOT instrumented (not matched by --itt-config option): __itt_notify_sync_acquired

3387431 : 0x18ebac2921eb50 : 2 : ittapi_config_apply_per_lib :  ITTAPI function NOT instrumented (not matched by --itt-config option): __itt_notify_sync_releasing

3387431 : 0x18ebac2921f2fa : 2 : ittapi_config_apply_per_lib :  ITTAPI function not implemented: __itt_memory_read
3387431 : 0x18ebac2921fa87 : 2 : ittapi_config_apply_per_lib :  ITTAPI function not implemented: __itt_memory_write
3387431 : 0x18ebac2922017e : 2 : ittapi_config_apply_per_lib :  ITTAPI function not implemented: __itt_memory_update
3387431 : 0x18ebac2922091d : 2 : ittapi_config_apply_per_lib :  ITTAPI function not implemented: __itt_state_get
3387431 : 0x18ebac29221049 : 2 : ittapi_config_apply_per_lib :  ITTAPI function not implemented: __itt_state_set
3387431 : 0x18ebac292217df : 2 : ittapi_config_apply_per_lib :  ITTAPI function not implemented: __itt_obj_mode_set
3387431 : 0x18ebac29222b82 : 2 : ittapi_config_apply_per_lib :  ITTAPI function not implemented: __itt_thr_mode_set
3387431 : 0x18ebac2922321b : 2 : ittapi_config_apply_per_lib :  ITTAPI function instrumented: __itt_frame_create
3387431 : 0x18ebac292238a5 : 2 : ittapi_config_apply_per_lib :  ITTAPI function instrumented: __itt_pt_region_create
3387431 : 0x18ebac29223f8a : 2 : ittapi_config_apply_per_lib :  ITTAPI function instrumented: __itt_frame_begin
3387431 : 0x18ebac29224682 : 2 : ittapi_config_apply_per_lib :  ITTAPI function instrumented: __itt_frame_end
3387431 : 0x18ebac29224e8e : 2 : ittapi_config_apply_per_lib :  ITTAPI function not implemented: __itt_counter_destroy
3387431 : 0x18ebac292255d3 : 2 : ittapi_config_apply_per_lib :  ITTAPI function instrumented: __itt_counter_inc
3387431 : 0x18ebac29225c54 : 2 : ittapi_config_apply_per_lib :  ITTAPI function instrumented: __itt_counter_inc_delta
3387431 : 0x18ebac292262e8 : 2 : ittapi_config_apply_per_lib :  ITTAPI function instrumented: __itt_counter_dec
3387431 : 0x18ebac292269cc : 2 : ittapi_config_apply_per_lib :  ITTAPI function instrumented: __itt_counter_dec_delta
3387431 : 0x18ebac29227c07 : 2 : ittapi_config_apply_per_lib :  ITTAPI function instrumented: __itt_counter_set_value
3387431 : 0x18ebac2922837e : 2 : ittapi_config_apply_per_lib :  ITTAPI function not implemented: __itt_counter_set_value_ex
3387431 : 0x18ebac29228a5d : 2 : ittapi_config_apply_per_lib :  ITTAPI function not implemented: __itt_mark_create
3387431 : 0x18ebac2922925c : 2 : ittapi_config_apply_per_lib :  ITTAPI function not implemented: __itt_mark
3387431 : 0x18ebac29229a62 : 2 : ittapi_config_apply_per_lib :  ITTAPI function not implemented: __itt_mark_off
3387431 : 0x18ebac2922a1ba : 2 : ittapi_config_apply_per_lib :  ITTAPI function not implemented: __itt_mark_global
3387431 : 0x18ebac2922a8d3 : 2 : ittapi_config_apply_per_lib :  ITTAPI function not implemented: __itt_mark_global_off
3387431 : 0x18ebac2922b09d : 2 : ittapi_config_apply_per_lib :  ITTAPI function instrumented: __itt_stack_caller_create
3387431 : 0x18ebac2922b7a0 : 2 : ittapi_config_apply_per_lib :  ITTAPI function instrumented: __itt_stack_caller_destroy
3387431 : 0x18ebac2922bed2 : 2 : ittapi_config_apply_per_lib :  ITTAPI function instrumented: __itt_stack_callee_enter
3387431 : 0x18ebac2922d661 : 2 : ittapi_config_apply_per_lib :  ITTAPI function instrumented: __itt_stack_callee_leave
3387431 : 0x18ebac2922dde0 : 2 : ittapi_config_apply_per_lib :  ITTAPI function not implemented: __itt_clock_domain_create
3387431 : 0x18ebac2922e5a2 : 2 : ittapi_config_apply_per_lib :  ITTAPI function not implemented: __itt_clock_domain_reset
3387431 : 0x18ebac2922ecd7 : 2 : ittapi_config_apply_per_lib :  ITTAPI function not implemented: __itt_id_create_ex
3387431 : 0x18ebac2922f463 : 2 : ittapi_config_apply_per_lib :  ITTAPI function not implemented: __itt_id_destroy_ex
3387431 : 0x18ebac2922fbe4 : 2 : ittapi_config_apply_per_lib :  ITTAPI function not implemented: __itt_task_begin_ex
3387431 : 0x18ebac292303a1 : 2 : ittapi_config_apply_per_lib :  ITTAPI function not implemented: __itt_task_begin_fn_ex
3387431 : 0x18ebac29230ad4 : 2 : ittapi_config_apply_per_lib :  ITTAPI function not implemented: __itt_task_end_ex
3387431 : 0x18ebac29231243 : 2 : ittapi_config_apply_per_lib :  ITTAPI function instrumented: __itt_task_begin_overlapped
3387431 : 0x18ebac2923198a : 2 : ittapi_config_apply_per_lib :  ITTAPI function not implemented: __itt_task_begin_overlapped_ex
3387431 : 0x18ebac29232c3a : 2 : ittapi_config_apply_per_lib :  ITTAPI function instrumented: __itt_task_end_overlapped
3387431 : 0x18ebac29233465 : 2 : ittapi_config_apply_per_lib :  ITTAPI function not implemented: __itt_task_end_overlapped_ex
3387431 : 0x18ebac29233bd6 : 2 : ittapi_config_apply_per_lib :  ITTAPI function not implemented: __itt_marker_ex
3387431 : 0x18ebac292343bb : 2 : ittapi_config_apply_per_lib :  ITTAPI function not implemented: __itt_metadata_add_with_scope
3387431 : 0x18ebac29234c0e : 2 : ittapi_config_apply_per_lib :  ITTAPI function not implemented: __itt_metadata_str_add_with_scope
3387431 : 0x18ebac2923535c : 2 : ittapi_config_apply_per_lib :  ITTAPI function not implemented: __itt_relation_add_to_current_ex
3387431 : 0x18ebac29235aa6 : 2 : ittapi_config_apply_per_lib :  ITTAPI function not implemented: __itt_relation_add_ex
3387431 : 0x18ebac292361d4 : 2 : ittapi_config_apply_per_lib :  ITTAPI function not implemented: __itt_track_group_create
3387431 : 0x18ebac292368ad : 2 : ittapi_config_apply_per_lib :  ITTAPI function not implemented: __itt_track_create
3387431 : 0x18ebac29237065 : 2 : ittapi_config_apply_per_lib :  ITTAPI function not implemented: __itt_set_track
3387431 : 0x18ebac29238320 : 2 : ittapi_config_apply_per_lib :  ITTAPI function instrumented: __itt_api_version
3387431 : 0x18ebac29238ac8 : 2 : ittapi_config_apply_per_lib :  ITTAPI function not implemented: __itt_av_save
3387431 : 0x18ebac292391bb : 2 : ittapi_config_apply_per_lib :  ITTAPI function instrumented: __itt_module_load
3387431 : 0x18ebac292398d1 : 2 : ittapi_config_apply_per_lib :  ITTAPI function not implemented: __itt_module_unload
3387431 : 0x18ebac29239c87 : 2 : ittapi_config_apply_per_lib :  ITTAPI function NOT instrumented (not matched by --itt-config option): __itt_histogram_submit

3387431 : 0x18ebac2923a3d1 : 2 : ittapi_config_apply_per_lib :  ITTAPI function not implemented: __itt_counter_set_value_v3
3387431 : 0x18ebac29284fbf : 2 : ittapi_config_mask_get :  --itt-config mask to be applied: 55
3387431 : 0x18ebac29285aa5 : 2 : ittapi_config_apply_per_lib :  ITTAPI function instrumented: __itt_domain_create
3387431 : 0x18ebac292862ec : 2 : ittapi_config_apply_per_lib :  ITTAPI function instrumented: __itt_module_load_with_sections
3387431 : 0x18ebac29286be2 : 2 : ittapi_config_apply_per_lib :  ITTAPI function not implemented: __itt_module_unload_with_sections
3387431 : 0x18ebac29288e4a : 2 : ittapi_config_apply_per_lib :  ITTAPI function instrumented: __itt_string_handle_create
3387431 : 0x18ebac29289578 : 2 : ittapi_config_apply_per_lib :  ITTAPI function instrumented: __itt_counter_create
3387431 : 0x18ebac29289c29 : 2 : ittapi_config_apply_per_lib :  ITTAPI function instrumented: __itt_counter_create_typed
3387431 : 0x18ebac2928a38d : 2 : ittapi_config_apply_per_lib :  ITTAPI function instrumented: __itt_pause
3387431 : 0x18ebac2928aa89 : 2 : ittapi_config_apply_per_lib :  ITTAPI function instrumented: __itt_resume
3387431 : 0x18ebac2928b2d9 : 2 : ittapi_config_apply_per_lib :  ITTAPI function not implemented: __itt_pause_scoped
3387431 : 0x18ebac2928baf8 : 2 : ittapi_config_apply_per_lib :  ITTAPI function not implemented: __itt_resume_scoped
3387431 : 0x18ebac2928c1eb : 2 : ittapi_config_apply_per_lib :  ITTAPI function instrumented: __itt_thread_set_name
3387431 : 0x18ebac2928c8bc : 2 : ittapi_config_apply_per_lib :  ITTAPI function instrumented: __itt_thread_ignore
3387431 : 0x18ebac2928cfcd : 2 : ittapi_config_apply_per_lib :  ITTAPI function instrumented: __itt_thr_name_set
3387431 : 0x18ebac2928e330 : 2 : ittapi_config_apply_per_lib :  ITTAPI function instrumented: __itt_thr_ignore
3387431 : 0x18ebac2928e9cf : 2 : ittapi_config_apply_per_lib :  ITTAPI function instrumented: __itt_histogram_create
3387431 : 0x18ebac2928f105 : 2 : ittapi_config_apply_per_lib :  ITTAPI function not implemented: __itt_counter_create_v3
3387431 : 0x18ebac2928f887 : 2 : ittapi_config_apply_per_lib :  ITTAPI function not implemented: __itt_bind_context_metadata_to_counter
3387431 : 0x18ebac2929007a : 2 : ittapi_config_apply_per_lib :  ITTAPI function not implemented: __itt_enable_attach
3387431 : 0x18ebac292907c6 : 2 : ittapi_config_apply_per_lib :  ITTAPI function instrumented: __itt_detach
3387431 : 0x18ebac29290b90 : 2 : ittapi_config_apply_per_lib :  ITTAPI function NOT instrumented (not matched by --itt-config option): __itt_sync_create

3387431 : 0x18ebac29290f7f : 2 : ittapi_config_apply_per_lib :  ITTAPI function NOT instrumented (not matched by --itt-config option): __itt_sync_rename

3387431 : 0x18ebac2929135f : 2 : ittapi_config_apply_per_lib :  ITTAPI function NOT instrumented (not matched by --itt-config option): __itt_sync_destroy

3387431 : 0x18ebac2929173c : 2 : ittapi_config_apply_per_lib :  ITTAPI function NOT instrumented (not matched by --itt-config option): __itt_sync_prepare

3387431 : 0x18ebac292925f9 : 2 : ittapi_config_apply_per_lib :  ITTAPI function NOT instrumented (not matched by --itt-config option): __itt_sync_cancel

3387431 : 0x18ebac2929299a : 2 : ittapi_config_apply_per_lib :  ITTAPI function NOT instrumented (not matched by --itt-config option): __itt_sync_acquired

3387431 : 0x18ebac29292d61 : 2 : ittapi_config_apply_per_lib :  ITTAPI function NOT instrumented (not matched by --itt-config option): __itt_sync_releasing

3387431 : 0x18ebac292935c1 : 2 : ittapi_config_apply_per_lib :  ITTAPI function not implemented: __itt_suppress_push
3387431 : 0x18ebac29293e06 : 2 : ittapi_config_apply_per_lib :  ITTAPI function not implemented: __itt_suppress_pop
3387431 : 0x18ebac292945a5 : 2 : ittapi_config_apply_per_lib :  ITTAPI function not implemented: __itt_suppress_mark_range
3387431 : 0x18ebac29294da6 : 2 : ittapi_config_apply_per_lib :  ITTAPI function not implemented: __itt_suppress_clear_range
3387431 : 0x18ebac29295150 : 2 : ittapi_config_apply_per_lib :  ITTAPI function NOT instrumented (not matched by --itt-config option): __itt_sync_prepare

3387431 : 0x18ebac29295501 : 2 : ittapi_config_apply_per_lib :  ITTAPI function NOT instrumented (not matched by --itt-config option): __itt_sync_cancel

3387431 : 0x18ebac2929586a : 2 : ittapi_config_apply_per_lib :  ITTAPI function NOT instrumented (not matched by --itt-config option): __itt_sync_acquired

3387431 : 0x18ebac292966e9 : 2 : ittapi_config_apply_per_lib :  ITTAPI function NOT instrumented (not matched by --itt-config option): __itt_sync_releasing

3387431 : 0x18ebac29296af5 : 2 : ittapi_config_apply_per_lib :  ITTAPI function NOT instrumented (not matched by --itt-config option): __itt_model_site_begin

3387431 : 0x18ebac29296ed0 : 2 : ittapi_config_apply_per_lib :  ITTAPI function NOT instrumented (not matched by --itt-config option): __itt_model_site_end

3387431 : 0x18ebac29297325 : 2 : ittapi_config_apply_per_lib :  ITTAPI function NOT instrumented (not matched by --itt-config option): __itt_model_task_begin

3387431 : 0x18ebac29297718 : 2 : ittapi_config_apply_per_lib :  ITTAPI function NOT instrumented (not matched by --itt-config option): __itt_model_task_end

3387431 : 0x18ebac29297b43 : 2 : ittapi_config_apply_per_lib :  ITTAPI function NOT instrumented (not matched by --itt-config option): __itt_model_lock_acquire

3387431 : 0x18ebac29297f13 : 2 : ittapi_config_apply_per_lib :  ITTAPI function NOT instrumented (not matched by --itt-config option): __itt_model_lock_release

3387431 : 0x18ebac292982d6 : 2 : ittapi_config_apply_per_lib :  ITTAPI function NOT instrumented (not matched by --itt-config option): __itt_model_record_allocation

3387431 : 0x18ebac2929867f : 2 : ittapi_config_apply_per_lib :  ITTAPI function NOT instrumented (not matched by --itt-config option): __itt_model_record_deallocation

3387431 : 0x18ebac292989e9 : 2 : ittapi_config_apply_per_lib :  ITTAPI function NOT instrumented (not matched by --itt-config option): __itt_model_induction_uses

3387431 : 0x18ebac29299e0d : 2 : ittapi_config_apply_per_lib :  ITTAPI function NOT instrumented (not matched by --itt-config option): __itt_model_reduction_uses

3387431 : 0x18ebac2929a23c : 2 : ittapi_config_apply_per_lib :  ITTAPI function NOT instrumented (not matched by --itt-config option): __itt_model_observe_uses

3387431 : 0x18ebac2929a60a : 2 : ittapi_config_apply_per_lib :  ITTAPI function NOT instrumented (not matched by --itt-config option): __itt_model_clear_uses

3387431 : 0x18ebac2929a9c1 : 2 : ittapi_config_apply_per_lib :  ITTAPI function NOT instrumented (not matched by --itt-config option): __itt_model_site_beginA

3387431 : 0x18ebac2929ad63 : 2 : ittapi_config_apply_per_lib :  ITTAPI function NOT instrumented (not matched by --itt-config option): __itt_model_site_beginAL

3387431 : 0x18ebac2929b13f : 2 : ittapi_config_apply_per_lib :  ITTAPI function NOT instrumented (not matched by --itt-config option): __itt_model_task_beginA

3387431 : 0x18ebac2929b4c9 : 2 : ittapi_config_apply_per_lib :  ITTAPI function NOT instrumented (not matched by --itt-config option): __itt_model_task_beginAL

3387431 : 0x18ebac2929b882 : 2 : ittapi_config_apply_per_lib :  ITTAPI function NOT instrumented (not matched by --itt-config option): __itt_model_iteration_taskA

3387431 : 0x18ebac2929bce3 : 2 : ittapi_config_apply_per_lib :  ITTAPI function NOT instrumented (not matched by --itt-config option): __itt_model_iteration_taskAL

3387431 : 0x18ebac2929c0e0 : 2 : ittapi_config_apply_per_lib :  ITTAPI function NOT instrumented (not matched by --itt-config option): __itt_model_site_end_2

3387431 : 0x18ebac2929d030 : 2 : ittapi_config_apply_per_lib :  ITTAPI function NOT instrumented (not matched by --itt-config option): __itt_model_task_end_2

3387431 : 0x18ebac2929d3f9 : 2 : ittapi_config_apply_per_lib :  ITTAPI function NOT instrumented (not matched by --itt-config option): __itt_model_lock_acquire_2

3387431 : 0x18ebac2929d7c3 : 2 : ittapi_config_apply_per_lib :  ITTAPI function NOT instrumented (not matched by --itt-config option): __itt_model_lock_release_2

3387431 : 0x18ebac2929db93 : 2 : ittapi_config_apply_per_lib :  ITTAPI function NOT instrumented (not matched by --itt-config option): __itt_model_aggregate_task

3387431 : 0x18ebac2929df5c : 2 : ittapi_config_apply_per_lib :  ITTAPI function NOT instrumented (not matched by --itt-config option): __itt_model_disable_push

3387431 : 0x18ebac2929e2f2 : 2 : ittapi_config_apply_per_lib :  ITTAPI function NOT instrumented (not matched by --itt-config option): __itt_model_disable_pop

3387431 : 0x18ebac2929ea01 : 2 : ittapi_config_apply_per_lib :  ITTAPI function instrumented: __itt_heap_function_create
3387431 : 0x18ebac2929f160 : 2 : ittapi_config_apply_per_lib :  ITTAPI function instrumented: __itt_heap_allocate_begin
3387431 : 0x18ebac2929f83c : 2 : ittapi_config_apply_per_lib :  ITTAPI function instrumented: __itt_heap_allocate_end
3387431 : 0x18ebac2929ff0f : 2 : ittapi_config_apply_per_lib :  ITTAPI function instrumented: __itt_heap_free_begin
3387431 : 0x18ebac292a17e2 : 2 : ittapi_config_apply_per_lib :  ITTAPI function instrumented: __itt_heap_free_end
3387431 : 0x18ebac292a1ea7 : 2 : ittapi_config_apply_per_lib :  ITTAPI function instrumented: __itt_heap_reallocate_begin
3387431 : 0x18ebac292a254d : 2 : ittapi_config_apply_per_lib :  ITTAPI function instrumented: __itt_heap_reallocate_end
3387431 : 0x18ebac292a2d18 : 2 : ittapi_config_apply_per_lib :  ITTAPI function not implemented: __itt_heap_internal_access_begin
3387431 : 0x18ebac292a3499 : 2 : ittapi_config_apply_per_lib :  ITTAPI function not implemented: __itt_heap_internal_access_end
3387431 : 0x18ebac292a3c21 : 2 : ittapi_config_apply_per_lib :  ITTAPI function not implemented: __itt_heap_record_memory_growth_begin
3387431 : 0x18ebac292a4385 : 2 : ittapi_config_apply_per_lib :  ITTAPI function not implemented: __itt_heap_record_memory_growth_end
3387431 : 0x18ebac292a4a97 : 2 : ittapi_config_apply_per_lib :  ITTAPI function not implemented: __itt_heap_reset_detection
3387431 : 0x18ebac292a5221 : 2 : ittapi_config_apply_per_lib :  ITTAPI function not implemented: __itt_heap_record
3387431 : 0x18ebac292a592e : 2 : ittapi_config_apply_per_lib :  ITTAPI function not implemented: __itt_id_create
3387431 : 0x18ebac292a6c46 : 2 : ittapi_config_apply_per_lib :  ITTAPI function not implemented: __itt_id_destroy
3387431 : 0x18ebac292a73b2 : 2 : ittapi_config_apply_per_lib :  ITTAPI function instrumented: __itt_get_timestamp
3387431 : 0x18ebac292a7af7 : 2 : ittapi_config_apply_per_lib :  ITTAPI function not implemented: __itt_region_begin
3387431 : 0x18ebac292a82ee : 2 : ittapi_config_apply_per_lib :  ITTAPI function not implemented: __itt_region_end
3387431 : 0x18ebac292a8a06 : 2 : ittapi_config_apply_per_lib :  ITTAPI function instrumented: __itt_frame_begin_v3
3387431 : 0x18ebac292a914f : 2 : ittapi_config_apply_per_lib :  ITTAPI function instrumented: __itt_frame_end_v3
3387431 : 0x18ebac292a9877 : 2 : ittapi_config_apply_per_lib :  ITTAPI function instrumented: __itt_frame_submit_v3
3387431 : 0x18ebac292aa066 : 2 : ittapi_config_apply_per_lib :  ITTAPI function not implemented: __itt_task_group
3387431 : 0x18ebac292aa797 : 2 : ittapi_config_apply_per_lib :  ITTAPI function instrumented: __itt_task_begin
3387431 : 0x18ebac292aaed7 : 2 : ittapi_config_apply_per_lib :  ITTAPI function instrumented: __itt_task_begin_fn
3387431 : 0x18ebac292ac19f : 2 : ittapi_config_apply_per_lib :  ITTAPI function instrumented: __itt_task_end
3387431 : 0x18ebac292ac9bc : 2 : ittapi_config_apply_per_lib :  ITTAPI function not implemented: __itt_counter_inc_v3
3387431 : 0x18ebac292ad1d0 : 2 : ittapi_config_apply_per_lib :  ITTAPI function not implemented: __itt_counter_inc_delta_v3
3387431 : 0x18ebac292ad903 : 2 : ittapi_config_apply_per_lib :  ITTAPI function not implemented: __itt_counter_dec_v3
3387431 : 0x18ebac292ae00b : 2 : ittapi_config_apply_per_lib :  ITTAPI function not implemented: __itt_counter_dec_delta_v3
3387431 : 0x18ebac292ae757 : 2 : ittapi_config_apply_per_lib :  ITTAPI function not implemented: __itt_marker
3387431 : 0x18ebac292aee6e : 2 : ittapi_config_apply_per_lib :  ITTAPI function instrumented: __itt_metadata_add
3387431 : 0x18ebac292af5da : 2 : ittapi_config_apply_per_lib :  ITTAPI function not implemented: __itt_metadata_str_add
3387431 : 0x18ebac292afd04 : 2 : ittapi_config_apply_per_lib :  ITTAPI function not implemented: __itt_relation_add_to_current
3387431 : 0x18ebac292b04ad : 2 : ittapi_config_apply_per_lib :  ITTAPI function not implemented: __itt_relation_add
3387431 : 0x18ebac292b1677 : 2 : ittapi_config_apply_per_lib :  ITTAPI function instrumented: __itt_event_create
3387431 : 0x18ebac292b1dee : 2 : ittapi_config_apply_per_lib :  ITTAPI function instrumented: __itt_event_start
3387431 : 0x18ebac292b24c2 : 2 : ittapi_config_apply_per_lib :  ITTAPI function instrumented: __itt_event_end
3387431 : 0x18ebac292b2845 : 2 : ittapi_config_apply_per_lib :  ITTAPI function NOT instrumented (not matched by --itt-config option): __itt_sync_set_name

3387431 : 0x18ebac292b2c40 : 2 : ittapi_config_apply_per_lib :  ITTAPI function NOT instrumented (not matched by --itt-config option): __itt_notify_sync_name

3387431 : 0x18ebac292b3004 : 2 : ittapi_config_apply_per_lib :  ITTAPI function NOT instrumented (not matched by --itt-config option): __itt_notify_sync_prepare

3387431 : 0x18ebac292b33e2 : 2 : ittapi_config_apply_per_lib :  ITTAPI function NOT instrumented (not matched by --itt-config option): __itt_notify_sync_cancel

3387431 : 0x18ebac292b37c4 : 2 : ittapi_config_apply_per_lib :  ITTAPI function NOT instrumented (not matched by --itt-config option): __itt_notify_sync_acquired

3387431 : 0x18ebac292b3b5a : 2 : ittapi_config_apply_per_lib :  ITTAPI function NOT instrumented (not matched by --itt-config option): __itt_notify_sync_releasing

3387431 : 0x18ebac292b4282 : 2 : ittapi_config_apply_per_lib :  ITTAPI function not implemented: __itt_memory_read
3387431 : 0x18ebac292b5972 : 2 : ittapi_config_apply_per_lib :  ITTAPI function not implemented: __itt_memory_write
3387431 : 0x18ebac292b60c2 : 2 : ittapi_config_apply_per_lib :  ITTAPI function not implemented: __itt_memory_update
3387431 : 0x18ebac292b6872 : 2 : ittapi_config_apply_per_lib :  ITTAPI function not implemented: __itt_state_get
3387431 : 0x18ebac292b6f6c : 2 : ittapi_config_apply_per_lib :  ITTAPI function not implemented: __itt_state_set
3387431 : 0x18ebac292b76d6 : 2 : ittapi_config_apply_per_lib :  ITTAPI function not implemented: __itt_obj_mode_set
3387431 : 0x18ebac292b7e31 : 2 : ittapi_config_apply_per_lib :  ITTAPI function not implemented: __itt_thr_mode_set
3387431 : 0x18ebac292b84ac : 2 : ittapi_config_apply_per_lib :  ITTAPI function instrumented: __itt_frame_create
3387431 : 0x18ebac292b8b37 : 2 : ittapi_config_apply_per_lib :  ITTAPI function instrumented: __itt_pt_region_create
3387431 : 0x18ebac292b9231 : 2 : ittapi_config_apply_per_lib :  ITTAPI function instrumented: __itt_frame_begin
3387431 : 0x18ebac292b9912 : 2 : ittapi_config_apply_per_lib :  ITTAPI function instrumented: __itt_frame_end
3387431 : 0x18ebac292bac91 : 2 : ittapi_config_apply_per_lib :  ITTAPI function not implemented: __itt_counter_destroy
3387431 : 0x18ebac292bb3e1 : 2 : ittapi_config_apply_per_lib :  ITTAPI function instrumented: __itt_counter_inc
3387431 : 0x18ebac292bba93 : 2 : ittapi_config_apply_per_lib :  ITTAPI function instrumented: __itt_counter_inc_delta
3387431 : 0x18ebac292bc152 : 2 : ittapi_config_apply_per_lib :  ITTAPI function instrumented: __itt_counter_dec
3387431 : 0x18ebac292bc86d : 2 : ittapi_config_apply_per_lib :  ITTAPI function instrumented: __itt_counter_dec_delta
3387431 : 0x18ebac292bcf47 : 2 : ittapi_config_apply_per_lib :  ITTAPI function instrumented: __itt_counter_set_value
3387431 : 0x18ebac292bd684 : 2 : ittapi_config_apply_per_lib :  ITTAPI function not implemented: __itt_counter_set_value_ex
3387431 : 0x18ebac292bdd4a : 2 : ittapi_config_apply_per_lib :  ITTAPI function not implemented: __itt_mark_create
3387431 : 0x18ebac292be511 : 2 : ittapi_config_apply_per_lib :  ITTAPI function not implemented: __itt_mark
3387431 : 0x18ebac292bec96 : 2 : ittapi_config_apply_per_lib :  ITTAPI function not implemented: __itt_mark_off
3387431 : 0x18ebac292bff0f : 2 : ittapi_config_apply_per_lib :  ITTAPI function not implemented: __itt_mark_global
3387431 : 0x18ebac292c0621 : 2 : ittapi_config_apply_per_lib :  ITTAPI function not implemented: __itt_mark_global_off
3387431 : 0x18ebac292c0daf : 2 : ittapi_config_apply_per_lib :  ITTAPI function instrumented: __itt_stack_caller_create
3387431 : 0x18ebac292c14bb : 2 : ittapi_config_apply_per_lib :  ITTAPI function instrumented: __itt_stack_caller_destroy
3387431 : 0x18ebac292c1c02 : 2 : ittapi_config_apply_per_lib :  ITTAPI function instrumented: __itt_stack_callee_enter
3387431 : 0x18ebac292c233b : 2 : ittapi_config_apply_per_lib :  ITTAPI function instrumented: __itt_stack_callee_leave
3387431 : 0x18ebac292c2a87 : 2 : ittapi_config_apply_per_lib :  ITTAPI function not implemented: __itt_clock_domain_create
3387431 : 0x18ebac292c3203 : 2 : ittapi_config_apply_per_lib :  ITTAPI function not implemented: __itt_clock_domain_reset
3387431 : 0x18ebac292c3917 : 2 : ittapi_config_apply_per_lib :  ITTAPI function not implemented: __itt_id_create_ex
3387431 : 0x18ebac292c4081 : 2 : ittapi_config_apply_per_lib :  ITTAPI function not implemented: __itt_id_destroy_ex
3387431 : 0x18ebac292c57ff : 2 : ittapi_config_apply_per_lib :  ITTAPI function not implemented: __itt_task_begin_ex
3387431 : 0x18ebac292c5ff5 : 2 : ittapi_config_apply_per_lib :  ITTAPI function not implemented: __itt_task_begin_fn_ex
3387431 : 0x18ebac292c6753 : 2 : ittapi_config_apply_per_lib :  ITTAPI function not implemented: __itt_task_end_ex
3387431 : 0x18ebac292c6e89 : 2 : ittapi_config_apply_per_lib :  ITTAPI function instrumented: __itt_task_begin_overlapped
3387431 : 0x18ebac292c75cb : 2 : ittapi_config_apply_per_lib :  ITTAPI function not implemented: __itt_task_begin_overlapped_ex
3387431 : 0x18ebac292c7ccd : 2 : ittapi_config_apply_per_lib :  ITTAPI function instrumented: __itt_task_end_overlapped
3387431 : 0x18ebac292c84ca : 2 : ittapi_config_apply_per_lib :  ITTAPI function not implemented: __itt_task_end_overlapped_ex
3387431 : 0x18ebac292c8c68 : 2 : ittapi_config_apply_per_lib :  ITTAPI function not implemented: __itt_marker_ex
3387431 : 0x18ebac292c93dd : 2 : ittapi_config_apply_per_lib :  ITTAPI function not implemented: __itt_metadata_add_with_scope
3387431 : 0x18ebac292c9bc8 : 2 : ittapi_config_apply_per_lib :  ITTAPI function not implemented: __itt_metadata_str_add_with_scope
3387431 : 0x18ebac292caee2 : 2 : ittapi_config_apply_per_lib :  ITTAPI function not implemented: __itt_relation_add_to_current_ex
3387431 : 0x18ebac292cb66f : 2 : ittapi_config_apply_per_lib :  ITTAPI function not implemented: __itt_relation_add_ex
3387431 : 0x18ebac292cbda3 : 2 : ittapi_config_apply_per_lib :  ITTAPI function not implemented: __itt_track_group_create
3387431 : 0x18ebac292cc436 : 2 : ittapi_config_apply_per_lib :  ITTAPI function not implemented: __itt_track_create
3387431 : 0x18ebac292ccc0e : 2 : ittapi_config_apply_per_lib :  ITTAPI function not implemented: __itt_set_track
3387431 : 0x18ebac292cd30f : 2 : ittapi_config_apply_per_lib :  ITTAPI function instrumented: __itt_api_version
3387431 : 0x18ebac292cda88 : 2 : ittapi_config_apply_per_lib :  ITTAPI function not implemented: __itt_av_save
3387431 : 0x18ebac292ce1af : 2 : ittapi_config_apply_per_lib :  ITTAPI function instrumented: __itt_module_load
3387431 : 0x18ebac292ce8c8 : 2 : ittapi_config_apply_per_lib :  ITTAPI function not implemented: __itt_module_unload
3387431 : 0x18ebac292cec6d : 2 : ittapi_config_apply_per_lib :  ITTAPI function NOT instrumented (not matched by --itt-config option): __itt_histogram_submit

3387431 : 0x18ebac292cff96 : 2 : ittapi_config_apply_per_lib :  ITTAPI function not implemented: __itt_counter_set_value_v3